Sjasm Z80 Assembler v0.42c - www.xl2s.tk             [2021.05.30 - 05:46:59]

src/main.asm
Errors: 0

       1   00:0000                              output "main.bin"
       2   00:8200                      	
       3   00:8200  FE                  	db   #fe             
       4   00:8201  00 82               	dw   INICIO         
       5   00:8203  A4 A2               	dw   FINAL-1        
       6   00:8205  00 82               	dw   MAIN   
       7   00:8207                      	org #8200  ; org se utiliza para decirle al z80 en que posición de memoria empieza nuestro programa (es la 33280 en decimal), en hezadecimal sería #8200           
       8   00:8200                      	;también es posible poner page 3 para referenciar la posición
       9   00:8200                      
      10   00:8200  (00:8000)           PAGE1_DIR = #8000
      11   00:8200  (00:C000)           STRUCTURA_COPY_HMMM	= #C000
      12   00:8200                      
      13   00:8200                      
      14   00:8200                      INICIO:
      15   00:8200                      
      16   00:8200                      MAIN:
      17   00:8200                      	;Almacenamos en el registro a del z80 el valor de 5 que necesita la rutina de la bios CHMOD (ver vars_msxBios.asm)
      18   00:8200  3E 05               	ld a,5
      19   00:8202                      	;Cambiamos el modo de vídeo
      20   00:8202  CD 5F 00            	call CHGMOD
      21   00:8205                      	;La escritura en VRAM se realiza en 2 pasos 
      22   00:8205                      	;1.Configurar dirección y modo (lectura o escritura)
      23   00:8205  CD 29 82            	call introducir_direccion_y_modo_VRAM
      24   00:8208                      	;2.Escribir los datos
      25   00:8208                      	;La rutina escribir_bytes_en_VRAM necesita que se ponga primero el valor de hl donde están los datos y de con el tamaño de bytes
      26   00:8208  21 95 82            	ld hl, tileset
      27   00:820B  11 00 20            	ld de, fin_tileset-tileset
      28   00:820E  CD 49 82            	call escribir_bytes_en_VRAM
      29   00:8211                      
      30   00:8211                      
      31   00:8211  21 96 A2            	ld		hl,init_COMMAND_HMMM
      32   00:8214  11 00 C0            	ld		de,STRUCTURA_COPY_HMMM
      33   00:8217  01 0F 00            	ld		bc,15
      34   00:821A  ED B0               	ldir	
      35   00:821C                      	
      36   00:821C  21 00 00            	ld		hl,0							;inicializamos la SX
      37   00:821F  22 00 C0            	ld		[STRUCTURA_COPY_HMMM],hl
      38   00:8222  21 00 C0            	ld		hl,STRUCTURA_COPY_HMMM
      39   00:8225  CD 53 82            	call    DoCopy
      40   00:8228                      
      41   00:8228                      	;jr $
      42   00:8228  C9                  	ret
      43   00:8229                      
      44   00:8229                      
      45   00:8229                      
      46   00:8229                      		
      47   00:8229                      
      48   00:8229                      
      49   00:8229                      
      50   00:8229                      introducir_direccion_y_modo_VRAM:
      51   00:8229                      	;1.Se establece el AHL, a=0, hl=#8000
      52   00:8229                      		;Con xor a ponemos a = 0
      53   00:8229  AF                  		xor a
      54   00:822A                      		;Almacenamos en hl el valor 32768 (&h8000) qu es la dirección de la memoria VRAM donde la queremos meter
      55   00:822A  21 00 80            		ld hl, PAGE1_DIR
      56   00:822D                      	;2 Debemos de introducir en el 1 byte el valor, vamos a poner en el registro 14 del VDP los bits 14,15 y 16 de la dirección de memoria
      57   00:822D                      		;Rotación ciclica hacia la izquierda, en este caso el flag de acarreo no interactúa
      58   00:822D  CB 04               		rlc h
      59   00:822F                      		;Rotación aritmética hacia la iquierda
      60   00:822F  17                  		rla
      61   00:8230  CB 04               		rlc h
      62   00:8232  17                  		rla
      63   00:8233                      		;srl=desplazamiento lógico hacia la derecha, realmente realiza divisiones por 2, el bot 7 se pone a 0 y el bit o va a acarreo
      64   00:8233  CB 3C               		srl h
      65   00:8235  CB 3C               		srl h
      66   00:8237                      		;Desactivamos las interrupciones
      67   00:8237  F3                  		di
      68   00:8238                      		;La comunicación con la VRAM es el puerto &h99
      69   00:8238  D3 99               		out (#99),a
      70   00:823A                      	;3 Toca introducir el registro que qerermos modificar (el 14),le indicamos con el +128 que el 7 bit sea un 1 para decirle que queremos escribir
      71   00:823A  3E 8E               		ld a,14 + 128 
      72   00:823C  D3 99               		out (#99),a
      73   00:823E                      	;4 El 2 byte será el byte de la dirección de en medio de la VRAM
      74   00:823E  7D                  		ld a,l
      75   00:823F  00                  		nop
      76   00:8240  D3 99               		out (#99),a
      77   00:8242                      	;5 El 3 byte es 1 byte de la dirección de la VRAM
      78   00:8242  7C                  		ld a,h
      79   00:8243  F6 40               		or 64
      80   00:8245  FB                  		ei				;activamos interrupciones
      81   00:8246  D3 99               		out (#99),a
      82   00:8248  C9                      ret
      83   00:8249                      	
      84   00:8249                      escribir_bytes_en_VRAM:
      85   00:8249  7E                  	ld		a,[hl]							;leemos el dato
      86   00:824A  D3 98               	out 	[#98],a							;lo mandamos a VRAM
      87   00:824C  23                  	inc		hl								;preparate para leer el siguiente dato de la rom
      88   00:824D  1B                  	dec		de								;un byte menos que leer
      89   00:824E  7A                  	ld		a,d
      90   00:824F  B3                  	or		e								;miramos si DE es cero para terminar
      91   00:8250  20 F7               	jr.		nz,escribir_bytes_en_VRAM
      92   00:8252  C9                  	ret
      93   00:8253                      
      94   00:8253                      
      95   00:8253                      
      96   00:8253                      
      97   00:8253                      
      98   00:8253                      
      99   00:8253                      
     100   00:8253                      
     101   00:8253                      
     102   00:8253                      
     103   00:8253                      
     104   00:8253                      
     105   00:8253                      
     106   00:8253                      ;
     107   00:8253                      ;Fast DoCopy, by Grauw
     108   00:8253                      ;http://map.grauw.nl/articles/vdp_tut.php
     109   00:8253                      ;In:  HL = pointer to 15-byte VDP command data
     110   00:8253                      ;Out: HL = updated
     111   00:8253                      ;
     112   00:8253  3E 20               DoCopy:		ld	a,32
     113   00:8255  F3                  			di
     114   00:8256  D3 99               			out	(#99),a
     115   00:8258  3E 91               			ld	a,17+128
     116   00:825A  D3 99               			out	(#99),a
     117   00:825C  0E 9B               			ld	c,#9B
     118   00:825E                      
     119   00:825E                      VDPready:
     120   00:825E  3E 02               			ld	a,2
     121   00:8260  F3                  			di
     122   00:8261  D3 99               			out	(#99),a		;select s#2
     123   00:8263  3E 8F               			ld	a,15+128
     124   00:8265  D3 99               			out	(#99),a
     125   00:8267  DB 99               			in	a,(#99)
     126   00:8269  1F                  			rra
     127   00:826A  3E 00               			ld 	a,0		;back to s#0, enable ints
     128   00:826C  D3 99               			out	(#99),a
     129   00:826E  3E 8F               			ld	a,15+128
     130   00:8270  FB                  			ei
     131   00:8271  D3 99               			out	(#99),a		;loop if vdp not ready (CE)
     132   00:8273  DA 5E 82            			jp	c,VDPready
     133   00:8276                      			
     134   00:8276                      			;call	VDPready_wait
     135   00:8276                      			DW	#A3ED,#A3ED,#A3ED,#A3ED	  ;15x OUTI
     135   00:8276  ED A3 ED A3 ED A3 ED A3 
     136   00:827E                      			DW	#A3ED,#A3ED,#A3ED,#A3ED	  ; (faster than OTIR)
     136   00:827E  ED A3 ED A3 ED A3 ED A3 
     137   00:8286                      			DW	#A3ED,#A3ED,#A3ED,#A3ED
     137   00:8286  ED A3 ED A3 ED A3 ED A3 
     138   00:828E  ED A3 ED A3 ED A3   			DW	#A3ED,#A3ED,#A3ED
     139   00:8294  C9                  			ret
     140   00:8295                      
     141   00:8295                      
     142   00:8295                      ;buffer_de_colsiones: ds 768 ;es el mapa o tabla de nombres de VRAM copiada aquí
     143   00:8295                      
     144   00:8295                      ;include "const-chips.asm"
     145   00:8295                      ;include "vars_msxSystem.asm"
     146   00:8295                      ;include "pantalla.asm"
     147   00:8295                      include "src/vars_msxBios.asm"
       1.  00:8295                      
       2.  00:8295                      ;http://map.grauw.nl/resources/msxbios.php
       3.  00:8295                      ; use RST assembler mnemonic to call
       4.  00:8295  (00:0000)           CHKRAM equ 0x00 ; RST 0x00 > Check RAM and sets slot for command area.
       5.  00:8295  (00:0008)           SYNCHR equ 0x08 ; RST	0x08 > Checks if then current character pointed by HL is one desired.
       6.  00:8295  (00:0010)           CHRGTR equ 0x10 ; RST	0x10 > Gets the next character (or token) of the Basic-text
       7.  00:8295  (00:0018)           OUTDO  equ 0x18 ; RST	0x18 > Output to current outputchannel (printer, diskfile, etc.)
       8.  00:8295  (00:0020)           DCOMPR equ 0x20 ; RST	0x20 > Compares HL with DE
       9.  00:8295  (00:0028)           GETYPR equ 0x28 ; RST	0x28 > Returns Type of DAC
      10.  00:8295  (00:0030)           CALLF  equ 0x30 ; RST	0x30 > Executes an interslot call
      11.  00:8295  (00:0038)           KEYINT equ 0x38 ; RST	0x38 > Executes the timer interrupt process routine
      12.  00:8295                      
      13.  00:8295                      ; use CALL assembler mnemonic
      14.  00:8295  (00:000C)           RDSLT  equ 0x000C ; Reads the value of an address in another slot
      15.  00:8295  (00:0014)           WRSLT  equ 0x0014 ; Writes a value to an address in another slot
      16.  00:8295  (00:001C)           CALSLT equ 0x001C ; Executes inter-slot call
      17.  00:8295  (00:0024)           ENASLT equ 0x0024 ; Switches indicated slot at indicated page on perpetual
      18.  00:8295                      
      19.  00:8295                      ; Initialization-routines
      20.  00:8295  (00:003B)           INITIO equ 0x003B ; Initialises the device
      21.  00:8295  (00:003E)           INIFNK equ 0x003E ; Initialises the contents of the function keys
      22.  00:8295                      
      23.  00:8295                      
      24.  00:8295                      
      25.  00:8295                      
      26.  00:8295                      
      27.  00:8295                      
      28.  00:8295                      
      29.  00:8295                      
      30.  00:8295                      ; VDP routines
      31.  00:8295                      ;--------------
      32.  00:8295  (00:0041)           DISSCR equ 0x0041 ; inhibits the screen display
      33.  00:8295  (00:0044)           ENASCR equ 0x0044 ; displays the screen
      34.  00:8295  (00:0047)           WRTVDP equ 0x0047 ; write data in the VDP-register
      35.  00:8295                      ;Input    : B  - Data to write
      36.  00:8295                      ;           C  - Number of the register
      37.  00:8295  (00:004A)           RDVRM  equ 0x004A ; Reads the content of VRAM
      38.  00:8295  (00:004D)           WRTVRM equ 0x004D ; Writes data in VRAM
      39.  00:8295  (00:0050)           SETRD  equ 0x0050 ; Enable VDP to read
      40.  00:8295  (00:0053)           SETWRT equ 0x0053 ; Enable VDP to write
      41.  00:8295  (00:0056)           FILVRM equ 0x0056 ; fill VRAM with value
      42.  00:8295  (00:0059)           LDIRMV equ 0x0059 ; Block transfer to memory from VRAM
      43.  00:8295                      ; transfiere bloques de datos de RAM a VRAM
      44.  00:8295  (00:005C)           LDIRVM equ 0x005C ; Block transfer to VRAM from memory
      45.  00:8295                      ; transfiere bloques de datos de VRAM a RAM
      46.  00:8295  (00:005F)           CHGMOD equ 0x005F ; Switches to given screenmode
      47.  00:8295                      ;Cambia el modo de screen
      48.  00:8295                      ;Input    : A  - Screen mode
      49.  00:8295  (00:0062)           CHGCLR equ 0x0062 ; Changes the screencolors
      50.  00:8295                      ;Cambia el color_texto,pantalla y borde, necesita que antes les pongas en las variables
      51.  00:8295                      ;forclr(0xF3E9),baklr(0xF3EA) y bdrclr(0xF3EB) sus valores
      52.  00:8295                      ;Input    : Foreground color in FORCLR
      53.  00:8295                      ;           Background color in BAKCLR
      54.  00:8295                      ;           Border color in BDRCLR 
      55.  00:8295                      
      56.  00:8295  (00:0069)           CLRSPR equ 0x0069 ; Initialises all sprites
      57.  00:8295  (00:006C)           INITXT equ 0x006C ; Switches to SCREEN 0 (text screen with 40 * 24 characters)
      58.  00:8295  (00:006F)           INIT32 equ 0x006F ; Switches to SCREEN 1 (text screen with 32*24 characters)
      59.  00:8295  (00:0072)           INIGRP equ 0x0072 ; Switches to SCREEN 2 (high resolution screen with 256*192 pixels)
      60.  00:8295  (00:0075)           INIMLT equ 0x0075 ; Switches to SCREEN 3 (multi-color screen 64*48 pixels)
      61.  00:8295  (00:0078)           SETTXT equ 0x0078 ; Switches to VDP in SCREEN 0 mode
      62.  00:8295  (00:007B)           SETT32 equ 0x007B ; Switches VDP in SCREEN mode 1
      63.  00:8295  (00:007E)           SETGRP equ 0x007E ; Switches VDP to SCREEN 2 mode
      64.  00:8295                      ;Input    : GRPNAM, GRPCGP, GRPCOL, GRPATR, GRPPAT
      65.  00:8295  (00:0081)           SETMLT equ 0x0081 ; Switches VDP to SCREEN 3 mode
      66.  00:8295  (00:0084)           CALPAT equ 0x0084 ; Returns the address of the sprite pattern table
      67.  00:8295  (00:0087)           CALATR equ 0x0087 ; Returns the address of the sprite attribute table
      68.  00:8295  (00:008A)           GSPSIZ equ 0x008A ; Returns current sprite size
      69.  00:8295  (00:008D)           GRPPRT equ 0x008D ; Displays a character on the graphic screen
      70.  00:8295                              
      71.  00:8295                      
      72.  00:8295                      
      73.  00:8295                      
      74.  00:8295                      
      75.  00:8295                      
      76.  00:8295                      
      77.  00:8295                      
      78.  00:8295                      
      79.  00:8295                      
      80.  00:8295                      ; PSG routines
      81.  00:8295  (00:0090)           GICINI equ 0x0090 ; Initialises PSG and sets initial value for the PLAY statement
      82.  00:8295  (00:0093)           WRTPSG equ 0x0093 ; Writes data to PSG-register
      83.  00:8295                      ;Input    : A  - PSG el número del registro del puerto o registro del psg
      84.  00:8295                      ;           E  - Data write
      85.  00:8295  (00:0096)           RDPSG  equ 0x0096 ; Reads value from PSG-register
      86.  00:8295  (00:0099)           STRTMS equ 0x0099 ; Tests whether the PLAY statement is being executed as a background task. If not, begins to execute the PLAY statement  */
      87.  00:8295                      
      88.  00:8295                      ; Console routines, rutinas de consola
      89.  00:8295  (00:009C)           CHSNS  equ 0x009C ; Tests the status of the keyboard buffer
      90.  00:8295  (00:009F)           CHGET  equ 0x009F ; One character input (waiting)
      91.  00:8295  (00:00A2)           CHPUT  equ 0x00A2 ; Displays one character
      92.  00:8295  (00:00A5)           LPTOUT equ 0x00A5 ; Sends one character to printer
      93.  00:8295  (00:00A8)           LPTSTT equ 0x00A8 ; Tests printer status
      94.  00:8295  (00:00AB)           CNVCHR equ 0x00AB ; tests for the graphic header and transforms the code
      95.  00:8295  (00:00AE)           PINLIN equ 0x00AE ; Stores in the specified buffer the character codes input until the return key or STOP key is pressed     */
      96.  00:8295  (00:00B1)           INLIN  equ 0x00B1 ; Same as PINLIN except that AUGFLG (#F6AA) is set
      97.  00:8295  (00:00B4)           QINLIN equ 0x00B4 ; Prints a questionmark andone space
      98.  00:8295  (00:00B7)           BREAKX equ 0x00B7 ; Tests status of CTRL-STOP 
      99.  00:8295  (00:00BA)           ISCNTC equ 0x00BA ; Tests status of SHIFT-STOP 
     100.  00:8295  (00:00BD)           CKCNTC equ 0x00BD ; Same as ISCNTC. used in Basic
     101.  00:8295  (00:00C0)           BEEP   equ 0x00C0 ; generates beep
     102.  00:8295  (00:00C3)           BCLS   equ 0x00C3 ; Clears the screen
     103.  00:8295  (00:00C6)           POSIT  equ 0x00C6 ; Places the cursor at the specified location
     104.  00:8295  (00:00C9)           FNKSB  equ 0x00C9 ; Tests whether the function key display is active (FNKFLG)If so, displays them, otherwise erase them */
     105.  00:8295  (00:00CC)           ERAFNK equ 0x00CC ; Erase functionkey display
     106.  00:8295  (00:00CF)           DSPFNK equ 0x00CF ; Displays the function keys
     107.  00:8295  (00:00D2)           TOTEXT equ 0x00D2 ; Forces the screen to be in the text mode
     108.  00:8295                      
     109.  00:8295                      ; Controller routines                      
     110.  00:8295  (00:00D5)           GTSTCK equ 0x00D5 ; Returns the joystick status
     111.  00:8295  (00:00D8)           GTTRIG equ 0x00D8 ; Returns current trigger status
     112.  00:8295  (00:00DB)           GTPAD  equ 0x00DB ; Returns current touch pad status
     113.  00:8295  (00:00DE)           GTPDL  equ 0x00DE ; Returns currenct value of paddle
     114.  00:8295                      
     115.  00:8295                      ; Tape device routines                      
     116.  00:8295  (00:00E1)           TAPION equ 0x00E1 ; Reads the header block after turning the cassette motor on
     117.  00:8295  (00:00E4)           TAPIN  equ 0x00E4 ; Read data from the tape
     118.  00:8295  (00:00E7)           TAPIOF equ 0x00E7 ; Stops reading from the tape
     119.  00:8295  (00:00EA)           TAPOON equ 0x00EA ; Turns on the cassette motor and writes the header
     120.  00:8295  (00:00ED)           TAPOUT equ 0x00ED ; Writes data on the tape
     121.  00:8295  (00:00F0)           TAPOOF equ 0x00F0 ; Stops writing on the tape
     122.  00:8295  (00:00F3)           STMOTR equ 0x00F3 ; Sets the cassette motor action
     123.  00:8295                      
     124.  00:8295                      ; Queue routines                      
     125.  00:8295  (00:00F6)           LFTQ equ 0x00F6 ; Gives number of bytes in queue
     126.  00:8295  (00:00F9)           PUTQ equ 0x00F9 ; Put byte in queue
     127.  00:8295                      
     128.  00:8295                      ; Graphic routines
     129.  00:8295                      ;More info (MSX Assembly Page): http:;map.grauw.nl/resources/msxbios.php                      
     130.  00:8295  (00:00FC)           RIGHTC equ 0x00FC ; Shifts screenpixel to the right
     131.  00:8295  (00:00FF)           LEFTC  equ 0x00FF ; Shifts screenpixel to the left
     132.  00:8295  (00:0102)           UPC    equ 0x0102 ; Shifts screenpixel up
     133.  00:8295  (00:0105)           TUPC   equ 0x0105 ; Tests whether UPC is possible, if possible, execute UPC
     134.  00:8295  (00:0108)           DOWNC  equ 0x0108 ; Shifts screenpixel down
     135.  00:8295  (00:010B)           TDOWNC equ 0x010B ; Tests whether DOWNC is possible, if possible, execute DOWNC
     136.  00:8295  (00:010E)           SCALXY equ 0x010E ; Scales X and Y coordinates
     137.  00:8295  (00:0111)           MAPXY  equ 0x0111 ; Places cursor at current cursor address
     138.  00:8295  (00:0114)           FETCHC equ 0x0114 ; Gets current cursor addresses mask pattern
     139.  00:8295  (00:0117)           STOREC equ 0x0117 ; Record current cursor addresses mask pattern
     140.  00:8295  (00:011A)           SETATR equ 0x011A ; Set attribute byte
     141.  00:8295  (00:011E)           READC  equ 0x011E ; Reads attribute byte of current screenpixel
     142.  00:8295  (00:0120)           SETC   equ 0x0120 ; Returns currenct screenpixel of specificed attribute byte
     143.  00:8295  (00:0123)           NSETCX equ 0x0123 ; Set horizontal screenpixels
     144.  00:8295  (00:0126)           GTASPC equ 0x0126 ; Gets screen relations
     145.  00:8295  (00:0129)           PNTINI equ 0x0129 ; Initalises the PAINT instruction
     146.  00:8295  (00:012C)           SCANR  equ 0x012C ; Scans screenpixels to the right
     147.  00:8295  (00:012F)           SCANL  equ 0x012F ; Scans screenpixels to the left
     148.  00:8295                      
     149.  00:8295                      ; Graphic routines MSX2 
     150.  00:8295                      ;More info (MSX Assembly Page): http:;map.grauw.nl/resources/msxbios.php#msx2bios
     151.  00:8295  (00:0165)           CHKNEW equ 0x0165 ;Tests screen mode > C-flag set if screenmode = 5, 6, 7 or 8
     152.  00:8295  (00:016B)           BIGFIL equ 0x016B ;fill VRAM with value (total VRAM can be reached) HL address, BC length, A data
     153.  00:8295  (00:016E)           NSETRD equ 0x016E ;Enable VDP to read.(with full 16 bits VRAM-address)
     154.  00:8295  (00:0171)           NSTWRT equ 0x0171 ;Enable VDP to write.(with full 16 bits VRAM-address) 
     155.  00:8295  (00:0174)           NRDVRM equ 0x0174 ;Reads VRAM like in RDVRM.(with full 16 bits VRAM-address)
     156.  00:8295  (00:0177)           NWRVRM equ 0x0177 ;Writes to VRAM like in WRTVRM.(with full 16 bits VRAM-address)
     157.  00:8295                      
     158.  00:8295                                           
     159.  00:8295                      ; Misc routines
     160.  00:8295  (00:0132)           CHGCAP equ 0x0132 ; Alternates the CAP lamp status
     161.  00:8295  (00:0135)           CHGSND equ 0x0135 ; Alternates the 1-bit sound port status
     162.  00:8295  (00:0138)           RSLREG equ 0x0138 ; Reads the primary slot register
     163.  00:8295  (00:013B)           WSLREG equ 0x013B ; Writes value to the primary slot register
     164.  00:8295  (00:013E)           RDVDP  equ 0x013E ; Reads VDP status register
     165.  00:8295  (00:0141)           SNSMAT equ 0x0141 ; Returns the value of the specified line from the keyboard matrix
     166.  00:8295                      ; 0   1          2           3           4           5           6           7           8       9       10
     167.  00:8295                      ;0    1          2                      4           5           6
     168.  00:8295                      ;1   ; fin grabr ' grabar                                                    Ñ
     169.  00:8295                      ;2                                      \grabar2  DEADfingrabar2 A           B
     170.  00:8295                      ;3 C                        F           G           H
     171.  00:8295                      ;4                          N
     172.  00:8295                      ;5 S                        V                       X                       Z
     173.  00:8295                      ;6SHIFtONTROL    GRAPH      CAPS        CODE
     174.  00:8295                      ;7              ESCAPE                              BS                      RET
     175.  00:8295                      ;8                                               Cursor ^    Cursor v
     176.  00:8295  (00:0144)           PHYDIO equ 0x0144 ; Executes I/O for mass-storage media like diskettes
     177.  00:8295  (00:0147)           FORMAT equ 0x0147 ; Initialises mass-storage media like formatting of diskettes
     178.  00:8295  (00:014A)           ISFLIO equ 0x014A ; Tests if I/O to device is taking place
     179.  00:8295  (00:014E)           OUTDLP equ 0x014E ; Printer output
     180.  00:8295  (00:0150)           GETVCP equ 0x0150 ; Returns pointer to play queue
     181.  00:8295  (00:0153)           GETVC2 equ 0x0153 ; Returns pointer to variable in queue number VOICEN (byte op #FB38)
     182.  00:8295  (00:0156)           KILBUF equ 0x0156 ; Clear keyboard buffer
     183.  00:8295  (00:0159)           CALBAS equ 0x0159 ; Executes inter-slot call to the routine in BASIC interpreter
     184.  00:8295                              
     148   00:8295                      tileset:
     149   00:8295  (2000)              	incbin 	"src/TILESET.S05"
     150   00:A295  00                  fin_tileset: db 0
     151   00:A296                      init_COMMAND_HMMM:
     152   00:A296  00 00 00 00         	DW	0,0											;sx,sy
     153   00:A29A  00 00 00 00         	DW	0,0											;dx,dy	
     154   00:A29E  00 01 C0 00         	DW	256,192											;nx,ny
     155   00:A2A2  00 00 D0            	DB	0,0,#D0											;HMMM IMP
     156   00:A2A5                      
     157   00:A2A5                      
     158   00:A2A5                      
     159   00:A2A5                      
     160   00:A2A5                      FINAL:

    LABELS
-------------------------------------------------
00:00008000   PAGE1_DIR
00:0000C000   STRUCTURA_COPY_HMMM
00:00008200   INICIO
00:00008200   MAIN
00:00008229   introducir_direccion_y_modo_VRAM
00:00008249   escribir_bytes_en_VRAM
00:00008253   DoCopy
00:0000825E   VDPready
00:00000000 X CHKRAM
00:00000008 X SYNCHR
00:00000010 X CHRGTR
00:00000018 X OUTDO
00:00000020 X DCOMPR
00:00000028 X GETYPR
00:00000030 X CALLF
00:00000038 X KEYINT
00:0000000C X RDSLT
00:00000014 X WRSLT
00:0000001C X CALSLT
00:00000024 X ENASLT
00:0000003B X INITIO
00:0000003E X INIFNK
00:00000041 X DISSCR
00:00000044 X ENASCR
00:00000047 X WRTVDP
00:0000004A X RDVRM
00:0000004D X WRTVRM
00:00000050 X SETRD
00:00000053 X SETWRT
00:00000056 X FILVRM
00:00000059 X LDIRMV
00:0000005C X LDIRVM
00:0000005F   CHGMOD
00:00000062 X CHGCLR
00:00000069 X CLRSPR
00:0000006C X INITXT
00:0000006F X INIT32
00:00000072 X INIGRP
00:00000075 X INIMLT
00:00000078 X SETTXT
00:0000007B X SETT32
00:0000007E X SETGRP
00:00000081 X SETMLT
00:00000084 X CALPAT
00:00000087 X CALATR
00:0000008A X GSPSIZ
00:0000008D X GRPPRT
00:00000090 X GICINI
00:00000093 X WRTPSG
00:00000096 X RDPSG
00:00000099 X STRTMS
00:0000009C X CHSNS
00:0000009F X CHGET
00:000000A2 X CHPUT
00:000000A5 X LPTOUT
00:000000A8 X LPTSTT
00:000000AB X CNVCHR
00:000000AE X PINLIN
00:000000B1 X INLIN
00:000000B4 X QINLIN
00:000000B7 X BREAKX
00:000000BA X ISCNTC
00:000000BD X CKCNTC
00:000000C0 X BEEP
00:000000C3 X BCLS
00:000000C6 X POSIT
00:000000C9 X FNKSB
00:000000CC X ERAFNK
00:000000CF X DSPFNK
00:000000D2 X TOTEXT
00:000000D5 X GTSTCK
00:000000D8 X GTTRIG
00:000000DB X GTPAD
00:000000DE X GTPDL
00:000000E1 X TAPION
00:000000E4 X TAPIN
00:000000E7 X TAPIOF
00:000000EA X TAPOON
00:000000ED X TAPOUT
00:000000F0 X TAPOOF
00:000000F3 X STMOTR
00:000000F6 X LFTQ
00:000000F9 X PUTQ
00:000000FC X RIGHTC
00:000000FF X LEFTC
00:00000102 X UPC
00:00000105 X TUPC
00:00000108 X DOWNC
00:0000010B X TDOWNC
00:0000010E X SCALXY
00:00000111 X MAPXY
00:00000114 X FETCHC
00:00000117 X STOREC
00:0000011A X SETATR
00:0000011E X READC
00:00000120 X SETC
00:00000123 X NSETCX
00:00000126 X GTASPC
00:00000129 X PNTINI
00:0000012C X SCANR
00:0000012F X SCANL
00:00000165 X CHKNEW
00:0000016B X BIGFIL
00:0000016E X NSETRD
00:00000171 X NSTWRT
00:00000174 X NRDVRM
00:00000177 X NWRVRM
00:00000132 X CHGCAP
00:00000135 X CHGSND
00:00000138 X RSLREG
00:0000013B X WSLREG
00:0000013E X RDVDP
00:00000141 X SNSMAT
00:00000144 X PHYDIO
00:00000147 X FORMAT
00:0000014A X ISFLIO
00:0000014E X OUTDLP
00:00000150 X GETVCP
00:00000153 X GETVC2
00:00000156 X KILBUF
00:00000159 X CALBAS
00:00008295   tileset
00:0000A295   fin_tileset
00:0000A296   init_COMMAND_HMMM
00:0000A2A5   FINAL


 Output: src/main.out
-------------------------------------------------

 Page: 00
  Org: 00008200  Size: *  Used: 00000000

    No output

 Output: main.bin
-------------------------------------------------

 Page: 00
  Org: 00008200  Size: *  Used: 000020AC

   Address   Length Align   Label
   00008200    8364         INICIO
