Sjasm Z80 Assembler v0.42c - www.xl2s.tk             [2022.11.28 - 04:48:02]

asm/e-coord.asm
Errors: 0

       1   00:0000                      		 output e-coord.bin
       2   00:D000  FE                  	db   #fe
       3   00:D001  00 D0               	dw   INICIO 
       4   00:D003  24 D0               	dw   FINAL
       5   00:D005  00 D0               	dw   INICIO 
       6   00:D007                      	org  #d000 
       7   00:D000  (00:0002)           entity_type_enemy1 equ	2 
       8   00:D000  (00:0004)           entity_type_enemy2 equ	4 
       9   00:D000                      INICIO: 
      10   00:D000                          ;world 0
      11   00:D000                          ; Enemy1 [x,y,type], enemy2 [x,y,type], enemy3 [x,y,type]
      12   00:D000                      	;db 112,24,2,32,72,2,48,120,2
      13   00:D000                          db 14*8, 3*8, entity_type_enemy1,4*8, 9*8, entity_type_enemy1, 6*8, 15*8, entity_type_enemy1
      13   00:D000  70 18 02 20 48 02 30 78 02 
      14   00:D009                          ;world 1
      15   00:D009                          ;db 32,8,2,40,40,2,120,100,2
      16   00:D009                          db 4*8, 1*8, entity_type_enemy1, 5*8, 5*8, entity_type_enemy1, 15*8, 10*8, entity_type_enemy1
      16   00:D009  20 08 02 28 28 02 78 50 02 
      17   00:D012                          ;world 2
      18   00:D012                          ;db 184,16,2,224,48,2,184,128,2
      19   00:D012                          db  23*8,2*8, entity_type_enemy1, 28*8,6*8,entity_type_enemy1,23*8, 16*8, entity_type_enemy1
      19   00:D012  B8 10 02 E0 30 02 B8 80 02 
      20   00:D01B                          ;world 3
      21   00:D01B                          ;db 184,16,2,80,48,2,80,120,2
      22   00:D01B                          db  23*8,2*8, entity_type_enemy1,10*8, 6*8, entity_type_enemy1, 10*8, 15*8, entity_type_enemy1
      22   00:D01B  B8 10 02 50 30 02 50 78 02 
      23   00:D024                      FINAL: 

    LABELS
-------------------------------------------------
00:00000002   entity_type_enemy1
00:00000004 X entity_type_enemy2
00:0000D000   INICIO
00:0000D024   FINAL


 Output: asm/e-coord.out
-------------------------------------------------

 Page: 00
  Org: 0000D000  Size: *  Used: 00000000

    No output

 Output: e-coord.bin
-------------------------------------------------

 Page: 00
  Org: 0000D000  Size: *  Used: 0000002B

   Address   Length Align   Label
   0000D000      43         INICIO
