Sjasm Z80 Assembler v0.42c - www.xl2s.tk             [2022.11.27 - 22:30:12]

asm/level3.asm
Errors: 0

       1   00:0000                      		 output level3.bin
       2   00:D000  FE                  	db   #fe
       3   00:D001  00 D0               	dw   INICIO 
       4   00:D003  E0 D2               	dw   FINAL
       5   00:D005  00 D0               	dw   INICIO 
       6   00:D007                      	org  #d000 
       7   00:D000                      INICIO: 
       8   00:D000                      	db 226,226,224,224,224,224,224,224,224,224,224,224,224,224,224,224,224,224,224,224,224,224,224,224,224,224,224,224,224,224,226,226
       8   00:D000  E2 E2 E0 E0 E0 E0 E0 E0 E0 E0 E0 E0 E0 E0 E0 E0 
       8   00:D010  E0 E0 E0 E0 E0 E0 E0 E0 E0 E0 E0 E0 E0 E0 E2 E2 
       9   00:D020                      	db 226,226,100,101,-1,-1,-1,-1,-1,226,-1,-1,-1,-1,-1,-1,-1,-1,-1,228,-1,-1,-1,-1,-1,-1,-1,-1,-1,-1,226,226
       9   00:D020  E2 E2 64 65 FF FF FF FF FF E2 FF FF FF FF FF FF 
       9   00:D030  FF FF FF E4 FF FF FF FF FF FF FF FF FF FF E2 E2 
      10   00:D040                      	db 226,226,132,133,-1,-1,-1,-1,-1,226,-1,-1,0,1,-1,-1,-1,-1,-1,228,-1,-1,-1,-1,-1,-1,-1,-1,-1,-1,226,226
      10   00:D040  E2 E2 84 85 FF FF FF FF FF E2 FF FF 00 01 FF FF 
      10   00:D050  FF FF FF E4 FF FF FF FF FF FF FF FF FF FF E2 E2 
      11   00:D060                      	db 226,226,164,165,-1,-1,-1,-1,-1,226,-1,-1,32,33,-1,-1,-1,-1,-1,228,-1,-1,-1,-1,-1,-1,-1,-1,-1,-1,226,226
      11   00:D060  E2 E2 A4 A5 FF FF FF FF FF E2 FF FF 20 21 FF FF 
      11   00:D070  FF FF FF E4 FF FF FF FF FF FF FF FF FF FF E2 E2 
      12   00:D080                      	db 226,226,224,224,224,192,193,224,224,224,224,224,224,224,224,224,-1,-1,224,224,224,224,224,224,192,193,224,224,224,224,226,226
      12   00:D080  E2 E2 E0 E0 E0 C0 C1 E0 E0 E0 E0 E0 E0 E0 E0 E0 
      12   00:D090  FF FF E0 E0 E0 E0 E0 E0 C0 C1 E0 E0 E0 E0 E2 E2 
      13   00:D0A0                      	db 226,226,-1,-1,-1,192,193,-1,-1,-1,-1,-1,-1,-1,-1,226,-1,-1,-1,-1,-1,-1,-1,-1,192,193,-1,-1,-1,-1,226,226
      13   00:D0A0  E2 E2 FF FF FF C0 C1 FF FF FF FF FF FF FF FF E2 
      13   00:D0B0  FF FF FF FF FF FF FF FF C0 C1 FF FF FF FF E2 E2 
      14   00:D0C0                      	db 226,226,-1,-1,-1,192,193,-1,-1,-1,-1,-1,-1,-1,-1,226,-1,-1,-1,-1,-1,-1,-1,-1,192,193,-1,-1,-1,-1,226,226
      14   00:D0C0  E2 E2 FF FF FF C0 C1 FF FF FF FF FF FF FF FF E2 
      14   00:D0D0  FF FF FF FF FF FF FF FF C0 C1 FF FF FF FF E2 E2 
      15   00:D0E0                      	db 226,226,-1,-1,-1,192,193,-1,-1,-1,-1,-1,-1,-1,-1,226,-1,-1,-1,-1,-1,-1,-1,-1,192,193,-1,-1,-1,-1,226,226
      15   00:D0E0  E2 E2 FF FF FF C0 C1 FF FF FF FF FF FF FF FF E2 
      15   00:D0F0  FF FF FF FF FF FF FF FF C0 C1 FF FF FF FF E2 E2 
      16   00:D100                      	db 226,226,224,224,224,224,224,224,192,193,224,224,224,224,224,224,224,224,224,-1,-1,-1,-1,224,224,224,224,224,192,193,226,226
      16   00:D100  E2 E2 E0 E0 E0 E0 E0 E0 C0 C1 E0 E0 E0 E0 E0 E0 
      16   00:D110  E0 E0 E0 FF FF FF FF E0 E0 E0 E0 E0 C0 C1 E2 E2 
      17   00:D120                      	db 226,226,-1,-1,-1,-1,-1,-1,192,193,-1,-1,-1,-1,-1,-1,-1,-1,-1,-1,-1,-1,-1,-1,-1,-1,-1,-1,192,193,226,226
      17   00:D120  E2 E2 FF FF FF FF FF FF C0 C1 FF FF FF FF FF FF 
      17   00:D130  FF FF FF FF FF FF FF FF FF FF FF FF C0 C1 E2 E2 
      18   00:D140                      	db 226,226,-1,-1,-1,-1,-1,-1,192,193,-1,-1,-1,198,198,198,198,-1,-1,-1,-1,-1,-1,-1,-1,-1,-1,-1,192,193,226,226
      18   00:D140  E2 E2 FF FF FF FF FF FF C0 C1 FF FF FF C6 C6 C6 
      18   00:D150  C6 FF FF FF FF FF FF FF FF FF FF FF C0 C1 E2 E2 
      19   00:D160                      	db 226,226,-1,-1,-1,2,1,-1,192,193,-1,-1,-1,198,-1,-1,198,-1,-1,-1,-1,-1,-1,-1,-1,-1,-1,-1,192,193,226,226
      19   00:D160  E2 E2 FF FF FF 02 01 FF C0 C1 FF FF FF C6 FF FF 
      19   00:D170  C6 FF FF FF FF FF FF FF FF FF FF FF C0 C1 E2 E2 
      20   00:D180                      	db 226,226,-1,-1,-1,32,33,-1,192,193,-1,-1,-1,198,-1,-1,198,-1,-1,-1,-1,-1,-1,-1,-1,-1,-1,-1,192,193,226,226
      20   00:D180  E2 E2 FF FF FF 20 21 FF C0 C1 FF FF FF C6 FF FF 
      20   00:D190  C6 FF FF FF FF FF FF FF FF FF FF FF C0 C1 E2 E2 
      21   00:D1A0                      	db 226,226,192,193,224,224,224,224,224,224,224,224,224,224,224,224,224,224,224,224,-1,-1,224,224,224,224,224,224,224,224,226,226
      21   00:D1A0  E2 E2 C0 C1 E0 E0 E0 E0 E0 E0 E0 E0 E0 E0 E0 E0 
      21   00:D1B0  E0 E0 E0 E0 FF FF E0 E0 E0 E0 E0 E0 E0 E0 E2 E2 
      22   00:D1C0                      	db 226,226,192,193,-1,-1,-1,-1,-1,-1,-1,-1,-1,226,-1,-1,-1,-1,-1,-1,-1,-1,-1,-1,-1,-1,-1,-1,-1,-1,226,226
      22   00:D1C0  E2 E2 C0 C1 FF FF FF FF FF FF FF FF FF E2 FF FF 
      22   00:D1D0  FF FF FF FF FF FF FF FF FF FF FF FF FF FF E2 E2 
      23   00:D1E0                      	db 226,226,192,193,-1,-1,-1,-1,-1,-1,-1,-1,-1,226,-1,-1,-1,-1,-1,-1,-1,-1,-1,-1,0,1,-1,-1,-1,-1,226,226
      23   00:D1E0  E2 E2 C0 C1 FF FF FF FF FF FF FF FF FF E2 FF FF 
      23   00:D1F0  FF FF FF FF FF FF FF FF 00 01 FF FF FF FF E2 E2 
      24   00:D200                      	db 226,226,192,193,-1,-1,-1,-1,-1,-1,-1,-1,-1,226,-1,-1,-1,-1,-1,-1,-1,-1,-1,-1,32,33,-1,-1,-1,-1,226,226
      24   00:D200  E2 E2 C0 C1 FF FF FF FF FF FF FF FF FF E2 FF FF 
      24   00:D210  FF FF FF FF FF FF FF FF 20 21 FF FF FF FF E2 E2 
      25   00:D220                      	db 226,226,224,224,224,192,193,224,224,224,224,224,224,224,224,224,224,224,224,224,224,224,224,224,224,224,224,224,192,193,226,226
      25   00:D220  E2 E2 E0 E0 E0 C0 C1 E0 E0 E0 E0 E0 E0 E0 E0 E0 
      25   00:D230  E0 E0 E0 E0 E0 E0 E0 E0 E0 E0 E0 E0 C0 C1 E2 E2 
      26   00:D240                      	db 226,226,-1,-1,229,192,193,-1,-1,-1,-1,-1,-1,-1,-1,-1,228,-1,-1,-1,-1,-1,-1,-1,-1,-1,-1,-1,192,193,226,226
      26   00:D240  E2 E2 FF FF E5 C0 C1 FF FF FF FF FF FF FF FF FF 
      26   00:D250  E4 FF FF FF FF FF FF FF FF FF FF FF C0 C1 E2 E2 
      27   00:D260                      	db 226,226,-1,-1,229,192,193,-1,-1,-1,-1,-1,-1,-1,-1,-1,228,-1,-1,-1,-1,-1,-1,-1,-1,-1,-1,-1,-1,-1,226,226
      27   00:D260  E2 E2 FF FF E5 C0 C1 FF FF FF FF FF FF FF FF FF 
      27   00:D270  E4 FF FF FF FF FF FF FF FF FF FF FF FF FF E2 E2 
      28   00:D280                      	db 226,226,-1,-1,229,192,193,-1,-1,-1,-1,-1,-1,-1,-1,-1,228,-1,-1,-1,-1,-1,-1,0,2,-1,-1,-1,128,129,226,226
      28   00:D280  E2 E2 FF FF E5 C0 C1 FF FF FF FF FF FF FF FF FF 
      28   00:D290  E4 FF FF FF FF FF FF 00 02 FF FF FF 80 81 E2 E2 
      29   00:D2A0                      	db 226,226,-1,-1,229,192,193,-1,-1,-1,-1,-1,-1,-1,-1,-1,228,-1,-1,-1,-1,-1,-1,32,33,-1,-1,-1,160,161,226,226
      29   00:D2A0  E2 E2 FF FF E5 C0 C1 FF FF FF FF FF FF FF FF FF 
      29   00:D2B0  E4 FF FF FF FF FF FF 20 21 FF FF FF A0 A1 E2 E2 
      30   00:D2C0                      	db 226,226,224,224,224,224,224,224,224,224,224,224,224,224,224,224,224,224,224,224,224,224,224,224,224,224,224,224,224,224,226,226
      30   00:D2C0  E2 E2 E0 E0 E0 E0 E0 E0 E0 E0 E0 E0 E0 E0 E0 E0 
      30   00:D2D0  E0 E0 E0 E0 E0 E0 E0 E0 E0 E0 E0 E0 E0 E0 E2 E2 
      31   00:D2E0                      FINAL: 

    LABELS
-------------------------------------------------
00:0000D000   INICIO
00:0000D2E0   FINAL


 Output: asm/level3.out
-------------------------------------------------

 Page: 00
  Org: 0000D000  Size: *  Used: 00000000

    No output

 Output: level3.bin
-------------------------------------------------

 Page: 00
  Org: 0000D000  Size: *  Used: 000002E7

   Address   Length Align   Label
   0000D000     743         INICIO
