Sjasm Z80 Assembler v0.42c - www.xl2s.tk             [2023.01.19 - 22:19:58]

asm/level0.asm
Errors: 1

       1   00:0000                      		 output level0.bin
       2   00:D000  FE                  	db   #fe
       3   00:D001  00 D0               	dw   INICIO 
       4   00:D003  E0 D2               	dw   FINAL
       5   00:D005  00 D0               	dw   INICIO 
       6   00:D007                      	org  #d000 
       7   00:D000                      INICIO: 
       8   00:D000                      	db -1,-1,-1,5,6,-1,-1,-1,-1,-1,-1,-1,-1,-1,8,9,-1,-1,5,6,-1,-1,-1,-1,-1,8,9,-1,-1,-1,-1,-1
       8   00:D000  FF FF FF 05 06 FF FF FF FF FF FF FF FF FF 08 09 
       8   00:D010  FF FF 05 06 FF FF FF FF FF 08 09 FF FF FF FF FF 
       9   00:D020                      	db -1,-1,-1,37,38,-1,-1,-1,-1,-1,-1,-1,-1,-1,40,41,-1,-1,37,38,-1,-1,-1,-1,-1,40,41,-1,-1,-1,-1,-1
       9   00:D020  FF FF FF 25 26 FF FF FF FF FF FF FF FF FF 28 29 
       9   00:D030  FF FF 25 26 FF FF FF FF FF 28 29 FF FF FF FF FF 
      10   00:D040                      	db -1,-1,-1,37,38,-1,-1,-1,70,-1,39,-1,-1,-1,-1,-1,-1,-1,37,38,-1,-1,39,-1,-1,-1,-1,-1,-1,100,101,-1
      10   00:D040  FF FF FF 25 26 FF FF FF 46 FF 27 FF FF FF FF FF 
      10   00:D050  FF FF 25 26 FF FF 27 FF FF FF FF FF FF 64 65 FF 
      11   00:D060                      	db -1,-1,-1,37,38,-1,-1,-1,-1,-1,-1,-1,-1,-1,-1,-1,-1,-1,37,38,-1,-1,-1,-1,0,1,-1,-1,-1,132,133,-1
      11   00:D060  FF FF FF 25 26 FF FF FF FF FF FF FF FF FF FF FF 
      11   00:D070  FF FF 25 26 FF FF FF FF 00 01 FF FF FF 84 85 FF 
      12   00:D080                      	db -1,-1,-1,37,38,-1,-1,-1,-1,-1,-1,-1,-1,-1,-1,-1,-1,-1,37,38,-1,-1,-1,-1,32,33,71,72,-1,164,165,-1
      12   00:D080  FF FF FF 25 26 FF FF FF FF FF FF FF FF FF FF FF 
      12   00:D090  FF FF 25 26 FF FF FF FF 20 21 47 48 FF A4 A5 FF 
      13   00:D0A0                      	db 224,224,224,224,192,193,224,224,224,224,224,224,224,229,229,229,229,224,224,224,192,193,224,224,224,224,224,224,224,224,224,224
      13   00:D0A0  E0 E0 E0 E0 C0 C1 E0 E0 E0 E0 E0 E0 E0 E5 E5 E5 
      13   00:D0B0  E5 E0 E0 E0 C0 C1 E0 E0 E0 E0 E0 E0 E0 E0 E0 E0 
      14   00:D0C0                      	db -1,-1,-1,-1,192,193,-1,-1,5,6,-1,-1,8,9,-1,-1,-1,-1,-1,-1,192,193,-1,-1,5,6,-1,-1,-1,-1,-1,-1
      14   00:D0C0  FF FF FF FF C0 C1 FF FF 05 06 FF FF 08 09 FF FF 
      14   00:D0D0  FF FF FF FF C0 C1 FF FF 05 06 FF FF FF FF FF FF 
      15   00:D0E0                      	db -1,-1,-1,-1,192,193,-1,-1,37,38,-1,-1,-1,12,13,14,15,16,-1,-1,192,193,-1,-1,37,38,-1,-1,-1,-1,-1,-1
      15   00:D0E0  FF FF FF FF C0 C1 FF FF 25 26 FF FF FF 0C 0D 0E 
      15   00:D0F0  0F 10 FF FF C0 C1 FF FF 25 26 FF FF FF FF FF FF 
      16   00:D100                      	db -1,72,-1,-1,192,193,-1,-1,37,38,-1,42,43,44,45,46,68,69,-1,-1,192,193,-1,-1,37,38,-1,-1,-1,-1,-1,-1
      16   00:D100  FF 48 FF FF C0 C1 FF FF 25 26 FF 2A 2B 2C 2D 2E 
      16   00:D110  44 45 FF FF C0 C1 FF FF 25 26 FF FF FF FF FF FF 
      17   00:D120                      	db -1,-1,-1,-1,192,193,-1,-1,37,38,-1,74,75,76,77,78,79,80,81,-1,192,193,-1,-1,37,38,-1,-1,-1,-1,-1,-1
      17   00:D120  FF FF FF FF C0 C1 FF FF 25 26 FF 4A 4B 4C 4D 4E 
      17   00:D130  4F 50 51 FF C0 C1 FF FF 25 26 FF FF FF FF FF FF 
      18   00:D140                      	db -1,-1,-1,-1,192,193,-1,-1,37,38,-1,-1,-1,-1,-1,110,111,112,-1,-1,192,193,-1,-1,37,38,-1,-1,-1,-1,-1,-1
      18   00:D140  FF FF FF FF C0 C1 FF FF 25 26 FF FF FF FF FF 6E 
      18   00:D150  6F 70 FF FF C0 C1 FF FF 25 26 FF FF FF FF FF FF 
      19   00:D160                      	db 224,224,224,224,224,224,224,224,224,192,193,224,224,228,228,228,224,224,224,224,224,224,224,224,224,224,224,224,224,224,224,224
      19   00:D160  E0 E0 E0 E0 E0 E0 E0 E0 E0 C0 C1 E0 E0 E4 E4 E4 
      19   00:D170  E0 E0 E0 E0 E0 E0 E0 E0 E0 E0 E0 E0 E0 E0 E0 E0 
      20   00:D180                      	db -1,-1,-1,5,6,-1,-1,8,9,192,193,-1,-1,-1,-1,-1,-1,-1,5,6,-1,-1,-1,-1,-1,-1,8,9,-1,-1,-1,-1
      20   00:D180  FF FF FF 05 06 FF FF 08 09 C0 C1 FF FF FF FF FF 
      20   00:D190  FF FF 05 06 FF FF FF FF FF FF 08 09 FF FF FF FF 
      21   00:D1A0                      	db -1,-1,-1,37,38,-1,-1,40,41,192,193,-1,-1,31,31,31,31,31,37,38,68,17,18,19,20,21,40,41,-1,-1,72,-1
      21   00:D1A0  FF FF FF 25 26 FF FF 28 29 C0 C1 FF FF 1F 1F 1F 
      21   00:D1B0  1F 1F 25 26 44 11 12 13 14 15 28 29 FF FF 48 FF 
      22   00:D1C0                      	db -1,-1,-1,37,38,-1,-1,-1,-1,192,193,-1,198,198,198,198,198,198,37,38,-1,49,50,51,52,53,-1,-1,-1,-1,-1,-1
      22   00:D1C0  FF FF FF 25 26 FF FF FF FF C0 C1 FF C6 C6 C6 C6 
      22   00:D1D0  C6 C6 25 26 FF 31 32 33 34 35 FF FF FF FF FF FF 
      23   00:D1E0                      	db 128,129,-1,37,38,-1,0,1,-1,192,193,-1,198,-1,-1,-1,-1,198,37,38,-1,-1,-1,-1,-1,-1,-1,-1,0,1,-1,-1
      23   00:D1E0  80 81 FF 25 26 FF 00 01 FF C0 C1 FF C6 FF FF FF 
      23   00:D1F0  FF C6 25 26 FF FF FF FF FF FF FF FF 00 01 FF FF 
asm/level0.asm(24) : Value out of range
      24   00:D200                      	db 160,161,-1,37,38,-1,32,33,-1,192,193,-1,198,-1,-1,-1,-1,198,37,38,-1,113,-1,-1,268,-1,270,-1,32,33,-1,-1
      24   00:D200  A0 A1 FF 25 26 FF 20 21 FF C0 C1 FF C6 FF FF FF 
      24   00:D210  FF C6 25 26 FF 71 FF FF 0C FF 0E FF 20 21 FF FF 
      25   00:D220                      	db 224,224,224,224,192,193,224,224,224,224,224,224,224,224,224,224,224,224,224,224,224,192,193,224,224,224,224,224,224,224,224,224
      25   00:D220  E0 E0 E0 E0 C0 C1 E0 E0 E0 E0 E0 E0 E0 E0 E0 E0 
      25   00:D230  E0 E0 E0 E0 E0 C0 C1 E0 E0 E0 E0 E0 E0 E0 E0 E0 
      26   00:D240                      	db -1,-1,-1,-1,192,193,-1,-1,8,9,-1,-1,-1,5,6,-1,-1,8,9,-1,-1,192,193,-1,-1,-1,-1,5,6,-1,-1,-1
      26   00:D240  FF FF FF FF C0 C1 FF FF 08 09 FF FF FF 05 06 FF 
      26   00:D250  FF 08 09 FF FF C0 C1 FF FF FF FF 05 06 FF FF FF 
      27   00:D260                      	db 68,69,-1,-1,192,193,-1,-1,40,41,-1,-1,-1,37,38,-1,-1,40,41,-1,-1,192,193,-1,-1,-1,-1,37,38,-1,39,-1
      27   00:D260  44 45 FF FF C0 C1 FF FF 28 29 FF FF FF 25 26 FF 
      27   00:D270  FF 28 29 FF FF C0 C1 FF FF FF FF 25 26 FF 27 FF 
      28   00:D280                      	db -1,-1,-1,-1,192,193,-1,-1,-1,-1,0,1,-1,37,38,-1,68,69,-1,-1,-1,192,193,-1,-1,72,-1,37,38,-1,-1,-1
      28   00:D280  FF FF FF FF C0 C1 FF FF FF FF 00 01 FF 25 26 FF 
      28   00:D290  44 45 FF FF FF C0 C1 FF FF 48 FF 25 26 FF FF FF 
      29   00:D2A0                      	db -1,-1,-1,-1,192,193,-1,-1,-1,-1,32,33,-1,37,38,195,194,195,-1,-1,-1,192,193,-1,-1,-1,-1,37,38,-1,-1,-1
      29   00:D2A0  FF FF FF FF C0 C1 FF FF FF FF 20 21 FF 25 26 C3 
      29   00:D2B0  C2 C3 FF FF FF C0 C1 FF FF FF FF 25 26 FF FF FF 
      30   00:D2C0                      	db 224,224,224,224,224,224,224,224,224,224,224,224,224,224,224,224,224,224,224,224,224,224,224,224,224,224,224,224,224,224,224,224
      30   00:D2C0  E0 E0 E0 E0 E0 E0 E0 E0 E0 E0 E0 E0 E0 E0 E0 E0 
      30   00:D2D0  E0 E0 E0 E0 E0 E0 E0 E0 E0 E0 E0 E0 E0 E0 E0 E0 
      31   00:D2E0                      FINAL: 

    LABELS
-------------------------------------------------
00:0000D000   INICIO
00:0000D2E0   FINAL


 Output: asm/level0.out
-------------------------------------------------

 Page: 00
  Org: 0000D000  Size: *  Used: 00000000

    No output

 Output: level0.bin
-------------------------------------------------

 Page: 00
  Org: 0000D000  Size: *  Used: 000002E7

   Address   Length Align   Label
   0000D000     743         INICIO
