Sjasm Z80 Assembler v0.42c - www.xl2s.tk             [2022.11.27 - 22:30:12]

asm/level4.asm
Errors: 0

       1   00:0000                      		 output level4.bin
       2   00:D000  FE                  	db   #fe
       3   00:D001  00 D0               	dw   INICIO 
       4   00:D003  E0 D2               	dw   FINAL
       5   00:D005  00 D0               	dw   INICIO 
       6   00:D007                      	org  #d000 
       7   00:D000                      INICIO: 
       8   00:D000                      	db -1,-1,-1,-1,-1,-1,-1,-1,-1,-1,-1,-1,-1,-1,-1,-1,-1,-1,-1,-1,-1,-1,-1,-1,-1,-1,-1,-1,-1,-1,-1,-1
       8   00:D000  FF FF FF FF FF FF FF FF FF FF FF FF FF FF FF FF 
       8   00:D010  FF FF FF FF FF FF FF FF FF FF FF FF FF FF FF FF 
       9   00:D020                      	db -1,-1,-1,-1,-1,-1,-1,-1,-1,-1,-1,-1,-1,-1,-1,-1,-1,-1,-1,-1,-1,-1,-1,-1,-1,-1,-1,-1,-1,-1,-1,-1
       9   00:D020  FF FF FF FF FF FF FF FF FF FF FF FF FF FF FF FF 
       9   00:D030  FF FF FF FF FF FF FF FF FF FF FF FF FF FF FF FF 
      10   00:D040                      	db -1,-1,-1,-1,-1,-1,-1,-1,-1,-1,-1,-1,-1,-1,-1,-1,-1,-1,-1,-1,-1,-1,-1,-1,-1,-1,-1,-1,-1,-1,-1,-1
      10   00:D040  FF FF FF FF FF FF FF FF FF FF FF FF FF FF FF FF 
      10   00:D050  FF FF FF FF FF FF FF FF FF FF FF FF FF FF FF FF 
      11   00:D060                      	db -1,-1,-1,-1,-1,-1,-1,-1,-1,-1,-1,-1,-1,-1,-1,-1,-1,-1,-1,-1,-1,-1,-1,-1,-1,-1,-1,-1,-1,-1,-1,-1
      11   00:D060  FF FF FF FF FF FF FF FF FF FF FF FF FF FF FF FF 
      11   00:D070  FF FF FF FF FF FF FF FF FF FF FF FF FF FF FF FF 
      12   00:D080                      	db -1,-1,-1,-1,-1,-1,-1,-1,-1,-1,-1,-1,-1,-1,-1,-1,-1,-1,-1,-1,-1,-1,-1,-1,-1,-1,-1,-1,-1,-1,-1,-1
      12   00:D080  FF FF FF FF FF FF FF FF FF FF FF FF FF FF FF FF 
      12   00:D090  FF FF FF FF FF FF FF FF FF FF FF FF FF FF FF FF 
      13   00:D0A0                      	db -1,-1,-1,-1,-1,-1,-1,-1,-1,-1,-1,-1,-1,-1,-1,-1,-1,-1,-1,-1,-1,-1,-1,-1,-1,-1,-1,-1,-1,-1,-1,-1
      13   00:D0A0  FF FF FF FF FF FF FF FF FF FF FF FF FF FF FF FF 
      13   00:D0B0  FF FF FF FF FF FF FF FF FF FF FF FF FF FF FF FF 
      14   00:D0C0                      	db -1,-1,-1,-1,-1,-1,-1,-1,-1,-1,-1,-1,-1,-1,-1,-1,-1,-1,-1,-1,-1,-1,-1,-1,-1,-1,-1,-1,-1,-1,-1,-1
      14   00:D0C0  FF FF FF FF FF FF FF FF FF FF FF FF FF FF FF FF 
      14   00:D0D0  FF FF FF FF FF FF FF FF FF FF FF FF FF FF FF FF 
      15   00:D0E0                      	db -1,-1,-1,-1,-1,-1,-1,-1,-1,-1,-1,-1,-1,-1,-1,-1,-1,-1,-1,-1,-1,-1,-1,-1,-1,-1,-1,-1,-1,-1,-1,-1
      15   00:D0E0  FF FF FF FF FF FF FF FF FF FF FF FF FF FF FF FF 
      15   00:D0F0  FF FF FF FF FF FF FF FF FF FF FF FF FF FF FF FF 
      16   00:D100                      	db -1,-1,-1,-1,-1,-1,-1,-1,-1,-1,-1,-1,-1,-1,-1,-1,-1,-1,-1,-1,-1,-1,-1,-1,-1,-1,-1,-1,-1,-1,-1,-1
      16   00:D100  FF FF FF FF FF FF FF FF FF FF FF FF FF FF FF FF 
      16   00:D110  FF FF FF FF FF FF FF FF FF FF FF FF FF FF FF FF 
      17   00:D120                      	db -1,-1,-1,-1,-1,-1,-1,-1,-1,-1,-1,-1,-1,-1,-1,-1,-1,-1,-1,-1,-1,-1,-1,-1,-1,-1,-1,-1,-1,-1,-1,-1
      17   00:D120  FF FF FF FF FF FF FF FF FF FF FF FF FF FF FF FF 
      17   00:D130  FF FF FF FF FF FF FF FF FF FF FF FF FF FF FF FF 
      18   00:D140                      	db -1,-1,-1,-1,-1,-1,-1,-1,-1,-1,-1,-1,-1,-1,-1,-1,-1,224,-1,-1,224,224,-1,-1,-1,-1,-1,-1,-1,-1,-1,-1
      18   00:D140  FF FF FF FF FF FF FF FF FF FF FF FF FF FF FF FF 
      18   00:D150  FF E0 FF FF E0 E0 FF FF FF FF FF FF FF FF FF FF 
      19   00:D160                      	db -1,-1,-1,-1,-1,-1,-1,-1,-1,-1,-1,-1,-1,-1,-1,-1,-1,224,-1,-1,-1,224,-1,-1,-1,-1,-1,-1,-1,-1,-1,-1
      19   00:D160  FF FF FF FF FF FF FF FF FF FF FF FF FF FF FF FF 
      19   00:D170  FF E0 FF FF FF E0 FF FF FF FF FF FF FF FF FF FF 
      20   00:D180                      	db -1,-1,-1,-1,-1,-1,-1,-1,-1,-1,-1,-1,-1,-1,-1,-1,-1,224,224,-1,-1,224,-1,-1,-1,-1,-1,-1,-1,-1,-1,-1
      20   00:D180  FF FF FF FF FF FF FF FF FF FF FF FF FF FF FF FF 
      20   00:D190  FF E0 E0 FF FF E0 FF FF FF FF FF FF FF FF FF FF 
      21   00:D1A0                      	db -1,-1,-1,-1,-1,-1,-1,-1,-1,-1,-1,-1,-1,-1,-1,-1,-1,224,-1,-1,-1,224,-1,-1,-1,-1,-1,-1,-1,-1,-1,-1
      21   00:D1A0  FF FF FF FF FF FF FF FF FF FF FF FF FF FF FF FF 
      21   00:D1B0  FF E0 FF FF FF E0 FF FF FF FF FF FF FF FF FF FF 
      22   00:D1C0                      	db -1,-1,-1,-1,-1,-1,-1,-1,-1,-1,-1,-1,-1,-1,-1,-1,-1,224,-1,-1,224,224,-1,-1,-1,-1,-1,-1,-1,-1,-1,-1
      22   00:D1C0  FF FF FF FF FF FF FF FF FF FF FF FF FF FF FF FF 
      22   00:D1D0  FF E0 FF FF E0 E0 FF FF FF FF FF FF FF FF FF FF 
      23   00:D1E0                      	db -1,-1,-1,-1,-1,-1,-1,-1,-1,-1,-1,-1,-1,-1,-1,-1,-1,224,-1,-1,-1,224,-1,-1,-1,-1,-1,-1,-1,-1,-1,-1
      23   00:D1E0  FF FF FF FF FF FF FF FF FF FF FF FF FF FF FF FF 
      23   00:D1F0  FF E0 FF FF FF E0 FF FF FF FF FF FF FF FF FF FF 
      24   00:D200                      	db -1,-1,-1,-1,-1,-1,-1,-1,-1,-1,-1,-1,-1,-1,-1,-1,-1,224,224,-1,-1,224,-1,-1,-1,-1,-1,-1,-1,-1,-1,-1
      24   00:D200  FF FF FF FF FF FF FF FF FF FF FF FF FF FF FF FF 
      24   00:D210  FF E0 E0 FF FF E0 FF FF FF FF FF FF FF FF FF FF 
      25   00:D220                      	db -1,-1,-1,-1,-1,-1,-1,-1,-1,-1,-1,-1,-1,-1,-1,-1,-1,224,-1,-1,-1,224,-1,-1,-1,-1,-1,-1,-1,-1,-1,-1
      25   00:D220  FF FF FF FF FF FF FF FF FF FF FF FF FF FF FF FF 
      25   00:D230  FF E0 FF FF FF E0 FF FF FF FF FF FF FF FF FF FF 
      26   00:D240                      	db -1,-1,-1,-1,-1,-1,-1,-1,-1,-1,-1,-1,-1,-1,-1,-1,-1,224,-1,-1,224,224,-1,-1,-1,-1,-1,-1,-1,-1,-1,-1
      26   00:D240  FF FF FF FF FF FF FF FF FF FF FF FF FF FF FF FF 
      26   00:D250  FF E0 FF FF E0 E0 FF FF FF FF FF FF FF FF FF FF 
      27   00:D260                      	db -1,-1,-1,-1,-1,-1,-1,-1,-1,-1,-1,-1,-1,-1,-1,-1,-1,224,-1,-1,-1,224,-1,-1,-1,-1,-1,-1,-1,-1,-1,-1
      27   00:D260  FF FF FF FF FF FF FF FF FF FF FF FF FF FF FF FF 
      27   00:D270  FF E0 FF FF FF E0 FF FF FF FF FF FF FF FF FF FF 
      28   00:D280                      	db -1,-1,-1,-1,-1,-1,226,226,-1,-1,-1,-1,-1,-1,-1,-1,-1,224,224,-1,-1,224,-1,-1,-1,-1,-1,-1,-1,-1,-1,-1
      28   00:D280  FF FF FF FF FF FF E2 E2 FF FF FF FF FF FF FF FF 
      28   00:D290  FF E0 E0 FF FF E0 FF FF FF FF FF FF FF FF FF FF 
      29   00:D2A0                      	db -1,-1,-1,-1,224,224,224,224,224,224,224,-1,-1,-1,224,224,224,224,224,224,224,224,224,224,224,-1,-1,-1,-1,-1,-1,224
      29   00:D2A0  FF FF FF FF E0 E0 E0 E0 E0 E0 E0 FF FF FF E0 E0 
      29   00:D2B0  E0 E0 E0 E0 E0 E0 E0 E0 E0 FF FF FF FF FF FF E0 
      30   00:D2C0                      	db 224,224,224,224,224,-1,-1,-1,-1,-1,224,224,224,224,224,-1,-1,-1,-1,-1,-1,-1,-1,-1,224,224,224,224,224,224,224,224
      30   00:D2C0  E0 E0 E0 E0 E0 FF FF FF FF FF E0 E0 E0 E0 E0 FF 
      30   00:D2D0  FF FF FF FF FF FF FF FF E0 E0 E0 E0 E0 E0 E0 E0 
      31   00:D2E0                      FINAL: 

    LABELS
-------------------------------------------------
00:0000D000   INICIO
00:0000D2E0   FINAL


 Output: asm/level4.out
-------------------------------------------------

 Page: 00
  Org: 0000D000  Size: *  Used: 00000000

    No output

 Output: level4.bin
-------------------------------------------------

 Page: 00
  Org: 0000D000  Size: *  Used: 000002E7

   Address   Length Align   Label
   0000D000     743         INICIO
