Sjasm Z80 Assembler v0.42c - www.xl2s.tk             [2023.01.23 - 06:36:40]

asm/level1.asm
Errors: 7

       1   00:0000                      		 output level1.bin
       2   00:D000  FE                  	db   #fe
       3   00:D001  00 D0               	dw   INICIO 
       4   00:D003  E0 D2               	dw   FINAL
       5   00:D005  00 D0               	dw   INICIO 
       6   00:D007                      	org  #d000 
       7   00:D000                      INICIO: 
       8   00:D000                      	db 241,241,241,241,241,241,241,241,241,241,241,241,241,241,241,241,241,241,241,241,241,241,241,241,241,241,241,241,241,241,241,241
       8   00:D000  F1 F1 F1 F1 F1 F1 F1 F1 F1 F1 F1 F1 F1 F1 F1 F1 
       8   00:D010  F1 F1 F1 F1 F1 F1 F1 F1 F1 F1 F1 F1 F1 F1 F1 F1 
       9   00:D020                      	db 241,226,-1,-1,-1,-1,-1,-1,31,-1,-1,-1,31,31,-1,-1,-1,-1,31,-1,-1,-1,-1,-1,-1,-1,8,9,-1,-1,226,241
       9   00:D020  F1 E2 FF FF FF FF FF FF 1F FF FF FF 1F 1F FF FF 
       9   00:D030  FF FF 1F FF FF FF FF FF FF FF 08 09 FF FF E2 F1 
      10   00:D040                      	db 241,226,-1,-1,-1,-1,-1,-1,31,-1,-1,-1,31,31,-1,-1,-1,-1,-1,-1,-1,-1,-1,-1,-1,-1,40,41,-1,-1,226,241
      10   00:D040  F1 E2 FF FF FF FF FF FF 1F FF FF FF 1F 1F FF FF 
      10   00:D050  FF FF FF FF FF FF FF FF FF FF 28 29 FF FF E2 F1 
      11   00:D060                      	db 241,226,-1,-1,-1,-1,-1,-1,-1,-1,-1,-1,227,227,227,227,250,250,250,250,227,227,227,192,193,227,227,227,227,227,227,241
      11   00:D060  F1 E2 FF FF FF FF FF FF FF FF FF FF E3 E3 E3 E3 
      11   00:D070  FA FA FA FA E3 E3 E3 C0 C1 E3 E3 E3 E3 E3 E3 F1 
asm/level1.asm(12) : Value out of range
      12   00:D080                      	db 241,226,100,101,258,-1,83,84,-1,-1,-1,-1,-1,-1,-1,-1,-1,168,168,168,168,-1,-1,192,193,-1,-1,-1,-1,-1,226,241
      12   00:D080  F1 E2 64 65 02 FF 53 54 FF FF FF FF FF FF FF FF 
      12   00:D090  FF A8 A8 A8 A8 FF FF C0 C1 FF FF FF FF FF E2 F1 
asm/level1.asm(13) : Value out of range
      13   00:D0A0                      	db 241,226,132,133,258,-1,115,116,-1,-1,-1,-1,-1,-1,-1,-1,-1,168,-1,-1,168,-1,-1,192,193,-1,-1,-1,-1,-1,226,241
      13   00:D0A0  F1 E2 84 85 02 FF 73 74 FF FF FF FF FF FF FF FF 
      13   00:D0B0  FF A8 FF FF A8 FF FF C0 C1 FF FF FF FF FF E2 F1 
asm/level1.asm(14) : Value out of range
      14   00:D0C0                      	db 241,226,164,165,258,-1,68,69,-1,-1,-1,-1,-1,-1,-1,-1,-1,168,-1,-1,168,-1,-1,192,193,-1,-1,-1,-1,-1,226,241
      14   00:D0C0  F1 E2 A4 A5 02 FF 44 45 FF FF FF FF FF FF FF FF 
      14   00:D0D0  FF A8 FF FF A8 FF FF C0 C1 FF FF FF FF FF E2 F1 
      15   00:D0E0                      	db 241,225,225,225,225,225,225,225,225,250,250,-1,-1,-1,-1,225,192,193,224,224,224,-1,-1,225,225,225,225,225,225,225,225,241
      15   00:D0E0  F1 E1 E1 E1 E1 E1 E1 E1 E1 FA FA FF FF FF FF E1 
      15   00:D0F0  C0 C1 E0 E0 E0 FF FF E1 E1 E1 E1 E1 E1 E1 E1 F1 
asm/level1.asm(16) : Value out of range
      16   00:D100                      	db 241,226,-1,-1,8,9,-1,-1,-1,-1,-1,-1,-1,-1,-1,-1,192,193,-1,-1,-1,-1,258,-1,8,9,-1,-1,-1,-1,226,241
      16   00:D100  F1 E2 FF FF 08 09 FF FF FF FF FF FF FF FF FF FF 
      16   00:D110  C0 C1 FF FF FF FF 02 FF 08 09 FF FF FF FF E2 F1 
asm/level1.asm(17) : Value out of range
      17   00:D120                      	db 241,226,-1,-1,25,28,29,30,-1,39,-1,-1,-1,-1,-1,-1,192,193,-1,-1,39,-1,258,-1,40,41,-1,-1,-1,-1,226,241
      17   00:D120  F1 E2 FF FF 19 1C 1D 1E FF 27 FF FF FF FF FF FF 
      17   00:D130  C0 C1 FF FF 27 FF 02 FF 28 29 FF FF FF FF E2 F1 
asm/level1.asm(18) : Value out of range
      18   00:D140                      	db 241,226,-1,-1,-1,60,61,62,-1,-1,-1,-1,-1,-1,-1,-1,192,193,-1,-1,0,1,258,-1,-1,-1,-1,-1,128,129,226,241
      18   00:D140  F1 E2 FF FF FF 3C 3D 3E FF FF FF FF FF FF FF FF 
      18   00:D150  C0 C1 FF FF 00 01 02 FF FF FF FF FF 80 81 E2 F1 
asm/level1.asm(19) : Value out of range
      19   00:D160                      	db 241,226,-1,-1,-1,-1,93,94,-1,-1,-1,-1,-1,-1,-1,-1,192,193,-1,-1,32,33,258,-1,-1,-1,-1,-1,160,161,226,241
      19   00:D160  F1 E2 FF FF FF FF 5D 5E FF FF FF FF FF FF FF FF 
      19   00:D170  C0 C1 FF FF 20 21 02 FF FF FF FF FF A0 A1 E2 F1 
      20   00:D180                      	db 241,224,224,224,224,224,224,224,224,224,224,224,-1,-1,224,224,192,193,224,224,224,224,224,224,-1,-1,224,192,193,224,224,241
      20   00:D180  F1 E0 E0 E0 E0 E0 E0 E0 E0 E0 E0 E0 FF FF E0 E0 
      20   00:D190  C0 C1 E0 E0 E0 E0 E0 E0 FF FF E0 C0 C1 E0 E0 F1 
      21   00:D1A0                      	db 241,226,-1,-1,-1,-1,-1,8,9,-1,-1,-1,-1,-1,-1,-1,192,193,-1,-1,-1,-1,-1,-1,-1,-1,-1,192,193,-1,226,241
      21   00:D1A0  F1 E2 FF FF FF FF FF 08 09 FF FF FF FF FF FF FF 
      21   00:D1B0  C0 C1 FF FF FF FF FF FF FF FF FF C0 C1 FF E2 F1 
      22   00:D1C0                      	db 241,226,-1,-1,-1,-1,-1,40,41,-1,-1,-1,-1,-1,-1,-1,192,193,-1,-1,-1,-1,-1,-1,-1,-1,-1,192,193,-1,226,241
      22   00:D1C0  F1 E2 FF FF FF FF FF 28 29 FF FF FF FF FF FF FF 
      22   00:D1D0  C0 C1 FF FF FF FF FF FF FF FF FF C0 C1 FF E2 F1 
      23   00:D1E0                      	db 241,226,-1,-1,-1,-1,0,1,-1,-1,-1,-1,-1,-1,-1,-1,192,193,-1,-1,-1,-1,-1,39,-1,-1,-1,192,193,-1,226,241
      23   00:D1E0  F1 E2 FF FF FF FF 00 01 FF FF FF FF FF FF FF FF 
      23   00:D1F0  C0 C1 FF FF FF FF FF 27 FF FF FF C0 C1 FF E2 F1 
      24   00:D200                      	db 241,226,-1,-1,-1,-1,32,33,-1,-1,-1,-1,-1,-1,-1,-1,192,193,-1,-1,-1,-1,-1,-1,-1,-1,-1,192,193,-1,226,241
      24   00:D200  F1 E2 FF FF FF FF 20 21 FF FF FF FF FF FF FF FF 
      24   00:D210  C0 C1 FF FF FF FF FF FF FF FF FF C0 C1 FF E2 F1 
      25   00:D220                      	db 241,226,226,226,192,193,226,226,226,-1,-1,226,226,226,226,226,226,226,226,-1,-1,226,226,226,192,193,226,226,226,226,226,241
      25   00:D220  F1 E2 E2 E2 C0 C1 E2 E2 E2 FF FF E2 E2 E2 E2 E2 
      25   00:D230  E2 E2 E2 FF FF E2 E2 E2 C0 C1 E2 E2 E2 E2 E2 F1 
      26   00:D240                      	db 241,226,-1,-1,192,193,-1,-1,-1,-1,-1,-1,-1,-1,-1,-1,-1,-1,-1,-1,-1,-1,-1,-1,192,193,-1,-1,8,9,226,241
      26   00:D240  F1 E2 FF FF C0 C1 FF FF FF FF FF FF FF FF FF FF 
      26   00:D250  FF FF FF FF FF FF FF FF C0 C1 FF FF 08 09 E2 F1 
      27   00:D260                      	db 241,226,-1,-1,192,193,-1,-1,39,-1,25,26,23,-1,-1,-1,-1,-1,-1,-1,-1,-1,-1,-1,192,193,-1,-1,40,41,226,241
      27   00:D260  F1 E2 FF FF C0 C1 FF FF 27 FF 19 1A 17 FF FF FF 
      27   00:D270  FF FF FF FF FF FF FF FF C0 C1 FF FF 28 29 E2 F1 
      28   00:D280                      	db 241,226,-1,-1,192,193,-1,-1,-1,-1,-1,54,55,56,57,58,59,-1,-1,-1,-1,-1,-1,-1,192,193,-1,-1,-1,-1,226,241
      28   00:D280  F1 E2 FF FF C0 C1 FF FF FF FF FF 36 37 38 39 3A 
      28   00:D290  3B FF FF FF FF FF FF FF C0 C1 FF FF FF FF E2 F1 
      29   00:D2A0                      	db 241,226,-1,-1,192,193,-1,-1,-1,-1,-1,-1,87,88,89,90,-1,-1,-1,-1,-1,-1,-1,-1,192,193,-1,-1,-1,-1,226,241
      29   00:D2A0  F1 E2 FF FF C0 C1 FF FF FF FF FF FF 57 58 59 5A 
      29   00:D2B0  FF FF FF FF FF FF FF FF C0 C1 FF FF FF FF E2 F1 
      30   00:D2C0                      	db 241,241,241,241,241,241,241,241,241,241,241,241,241,241,241,241,241,241,241,241,241,241,241,241,241,241,241,241,241,241,241,241
      30   00:D2C0  F1 F1 F1 F1 F1 F1 F1 F1 F1 F1 F1 F1 F1 F1 F1 F1 
      30   00:D2D0  F1 F1 F1 F1 F1 F1 F1 F1 F1 F1 F1 F1 F1 F1 F1 F1 
      31   00:D2E0                      FINAL: 

    LABELS
-------------------------------------------------
00:0000D000   INICIO
00:0000D2E0   FINAL


 Output: asm/level1.out
-------------------------------------------------

 Page: 00
  Org: 0000D000  Size: *  Used: 00000000

    No output

 Output: level1.bin
-------------------------------------------------

 Page: 00
  Org: 0000D000  Size: *  Used: 000002E7

   Address   Length Align   Label
   0000D000     743         INICIO
