Sjasm Z80 Assembler v0.42c - www.xl2s.tk             [2023.01.24 - 05:29:36]

asm/level10.asm
Errors: 0

       1   00:0000                      		 output level10.bin
       2   00:D000  FE                  	db   #fe
       3   00:D001  00 D0               	dw   INICIO 
       4   00:D003  E0 D2               	dw   FINAL
       5   00:D005  00 D0               	dw   INICIO 
       6   00:D007                      	org  #d000 
       7   00:D000                      INICIO: 
       8   00:D000                      	db 239,239,239,239,239,239,239,239,239,239,239,239,239,239,239,239,239,239,239,239,239,239,239,239,239,239,239,239,239,239,239,239
       8   00:D000  EF EF EF EF EF EF EF EF EF EF EF EF EF EF EF EF 
       8   00:D010  EF EF EF EF EF EF EF EF EF EF EF EF EF EF EF EF 
       9   00:D020                      	db 239,239,-1,-1,-1,-1,-1,-1,-1,-1,-1,-1,-1,-1,-1,8,9,-1,-1,-1,-1,-1,-1,-1,-1,-1,-1,-1,-1,-1,239,239
       9   00:D020  EF EF FF FF FF FF FF FF FF FF FF FF FF FF FF 08 
       9   00:D030  09 FF FF FF FF FF FF FF FF FF FF FF FF FF EF EF 
      10   00:D040                      	db 239,239,-1,-1,-1,-1,-1,-1,-1,-1,-1,-1,-1,-1,-1,40,41,-1,-1,-1,-1,-1,-1,-1,-1,-1,-1,-1,-1,-1,239,239
      10   00:D040  EF EF FF FF FF FF FF FF FF FF FF FF FF FF FF 28 
      10   00:D050  29 FF FF FF FF FF FF FF FF FF FF FF FF FF EF EF 
      11   00:D060                      	db 239,239,-1,-1,-1,-1,-1,-1,-1,-1,-1,-1,-1,-1,-1,-1,-1,20,21,-1,-1,-1,-1,-1,-1,-1,-1,-1,-1,-1,239,239
      11   00:D060  EF EF FF FF FF FF FF FF FF FF FF FF FF FF FF FF 
      11   00:D070  FF 14 15 FF FF FF FF FF FF FF FF FF FF FF EF EF 
      12   00:D080                      	db 239,239,-1,-1,-1,-1,-1,-1,-1,-1,-1,-1,-1,-1,-1,-1,-1,52,53,-1,-1,-1,-1,-1,110,111,112,-1,-1,-1,239,239
      12   00:D080  EF EF FF FF FF FF FF FF FF FF FF FF FF FF FF FF 
      12   00:D090  FF 34 35 FF FF FF FF FF 6E 6F 70 FF FF FF EF EF 
      13   00:D0A0                      	db 239,239,-1,-1,-1,-1,-1,42,43,-1,-1,-1,-1,227,227,192,193,227,227,-1,-1,-1,-1,-1,142,143,144,-1,-1,-1,239,239
      13   00:D0A0  EF EF FF FF FF FF FF 2A 2B FF FF FF FF E3 E3 C0 
      13   00:D0B0  C1 E3 E3 FF FF FF FF FF 8E 8F 90 FF FF FF EF EF 
      14   00:D0C0                      	db 239,239,108,109,-1,-1,-1,74,75,-1,201,-1,-1,-1,-1,192,193,-1,-1,-1,-1,-1,-1,-1,174,175,176,-1,-1,-1,239,239
      14   00:D0C0  EF EF 6C 6D FF FF FF 4A 4B FF C9 FF FF FF FF C0 
      14   00:D0D0  C1 FF FF FF FF FF FF FF AE AF B0 FF FF FF EF EF 
      15   00:D0E0                      	db 239,239,140,141,228,227,228,227,228,227,228,227,228,-1,-1,192,193,-1,-1,-1,-1,227,228,226,227,228,228,-1,128,129,239,239
      15   00:D0E0  EF EF 8C 8D E4 E3 E4 E3 E4 E3 E4 E3 E4 FF FF C0 
      15   00:D0F0  C1 FF FF FF FF E3 E4 E2 E3 E4 E4 FF 80 81 EF EF 
      16   00:D100                      	db 239,239,172,173,-1,-1,8,9,-1,-1,-1,-1,-1,-1,-1,192,193,-1,-1,-1,-1,-1,-1,-1,8,9,-1,-1,160,161,239,239
      16   00:D100  EF EF AC AD FF FF 08 09 FF FF FF FF FF FF FF C0 
      16   00:D110  C1 FF FF FF FF FF FF FF 08 09 FF FF A0 A1 EF EF 
      17   00:D120                      	db 239,239,226,226,-1,-1,40,41,-1,-1,-1,-1,-1,-1,-1,192,193,-1,-1,-1,-1,-1,-1,-1,40,41,-1,-1,226,227,239,239
      17   00:D120  EF EF E2 E2 FF FF 28 29 FF FF FF FF FF FF FF C0 
      17   00:D130  C1 FF FF FF FF FF FF FF 28 29 FF FF E2 E3 EF EF 
      18   00:D140                      	db 239,239,-1,-1,-1,-1,-1,-1,-1,-1,228,227,192,193,227,228,227,227,192,193,227,228,-1,-1,-1,-1,-1,-1,-1,-1,239,239
      18   00:D140  EF EF FF FF FF FF FF FF FF FF E4 E3 C0 C1 E3 E4 
      18   00:D150  E3 E3 C0 C1 E3 E4 FF FF FF FF FF FF FF FF EF EF 
      19   00:D160                      	db 239,239,-1,-1,226,227,227,226,-1,-1,-1,-1,192,193,168,168,168,168,192,193,-1,-1,-1,-1,226,227,226,227,-1,-1,239,239
      19   00:D160  EF EF FF FF E2 E3 E3 E2 FF FF FF FF C0 C1 A8 A8 
      19   00:D170  A8 A8 C0 C1 FF FF FF FF E2 E3 E2 E3 FF FF EF EF 
      20   00:D180                      	db 239,239,-1,-1,-1,-1,-1,-1,-1,201,-1,-1,192,193,168,-1,-1,168,192,193,-1,-1,201,-1,-1,-1,-1,-1,-1,-1,239,239
      20   00:D180  EF EF FF FF FF FF FF FF FF C9 FF FF C0 C1 A8 FF 
      20   00:D190  FF A8 C0 C1 FF FF C9 FF FF FF FF FF FF FF EF EF 
      21   00:D1A0                      	db 239,239,-1,-1,-1,228,-1,-1,226,226,227,-1,192,193,168,168,168,168,192,193,-1,227,226,227,226,-1,-1,-1,-1,-1,239,239
      21   00:D1A0  EF EF FF FF FF E4 FF FF E2 E2 E3 FF C0 C1 A8 A8 
      21   00:D1B0  A8 A8 C0 C1 FF E3 E2 E3 E2 FF FF FF FF FF EF EF 
      22   00:D1C0                      	db 239,239,-1,-1,-1,-1,227,-1,-1,-1,-1,227,227,227,227,192,193,227,227,227,227,-1,-1,-1,-1,-1,228,-1,-1,-1,239,239
      22   00:D1C0  EF EF FF FF FF FF E3 FF FF FF FF E3 E3 E3 E3 C0 
      22   00:D1D0  C1 E3 E3 E3 E3 FF FF FF FF FF E4 FF FF FF EF EF 
      23   00:D1E0                      	db 239,239,-1,-1,-1,-1,-1,228,-1,-1,-1,-1,-1,-1,-1,192,193,168,168,168,168,-1,-1,-1,-1,227,-1,-1,-1,-1,239,239
      23   00:D1E0  EF EF FF FF FF FF FF E4 FF FF FF FF FF FF FF C0 
      23   00:D1F0  C1 A8 A8 A8 A8 FF FF FF FF E3 FF FF FF FF EF EF 
      24   00:D200                      	db 239,239,-1,-1,-1,-1,-1,-1,227,-1,-1,-1,-1,-1,-1,192,193,168,-1,-1,168,-1,-1,-1,227,-1,-1,-1,-1,-1,239,239
      24   00:D200  EF EF FF FF FF FF FF FF E3 FF FF FF FF FF FF C0 
      24   00:D210  C1 A8 FF FF A8 FF FF FF E3 FF FF FF FF FF EF EF 
      25   00:D220                      	db 239,239,-1,-1,-1,-1,-1,-1,-1,228,-1,-1,-1,-1,-1,192,193,168,168,168,168,-1,-1,227,-1,-1,-1,-1,-1,-1,239,239
      25   00:D220  EF EF FF FF FF FF FF FF FF E4 FF FF FF FF FF C0 
      25   00:D230  C1 A8 A8 A8 A8 FF FF E3 FF FF FF FF FF FF EF EF 
      26   00:D240                      	db 239,239,-1,-1,-1,-1,-1,-1,-1,-1,227,192,193,228,227,192,193,227,228,192,193,228,228,-1,-1,-1,-1,-1,-1,-1,239,239
      26   00:D240  EF EF FF FF FF FF FF FF FF FF E3 C0 C1 E4 E3 C0 
      26   00:D250  C1 E3 E4 C0 C1 E4 E4 FF FF FF FF FF FF FF EF EF 
      27   00:D260                      	db 239,239,100,101,-1,-1,-1,-1,-1,-1,-1,192,193,-1,-1,192,193,-1,-1,192,193,-1,-1,-1,-1,-1,-1,12,13,-1,239,239
      27   00:D260  EF EF 64 65 FF FF FF FF FF FF FF C0 C1 FF FF C0 
      27   00:D270  C1 FF FF C0 C1 FF FF FF FF FF FF 0C 0D FF EF EF 
      28   00:D280                      	db 239,239,132,133,-1,-1,-1,42,43,-1,-1,192,193,-1,-1,192,193,-1,-1,192,193,-1,-1,-1,-1,-1,-1,44,45,-1,239,239
      28   00:D280  EF EF 84 85 FF FF FF 2A 2B FF FF C0 C1 FF FF C0 
      28   00:D290  C1 FF FF C0 C1 FF FF FF FF FF FF 2C 2D FF EF EF 
      29   00:D2A0                      	db 239,239,164,165,-1,-1,-1,74,75,-1,-1,192,193,-1,-1,192,193,-1,-1,192,193,-1,-1,-1,201,-1,-1,76,77,-1,239,239
      29   00:D2A0  EF EF A4 A5 FF FF FF 4A 4B FF FF C0 C1 FF FF C0 
      29   00:D2B0  C1 FF FF C0 C1 FF FF FF C9 FF FF 4C 4D FF EF EF 
      30   00:D2C0                      	db 239,239,239,239,239,239,239,239,239,239,239,239,239,239,239,239,239,239,239,239,239,239,239,239,239,239,239,239,239,239,239,239
      30   00:D2C0  EF EF EF EF EF EF EF EF EF EF EF EF EF EF EF EF 
      30   00:D2D0  EF EF EF EF EF EF EF EF EF EF EF EF EF EF EF EF 
      31   00:D2E0                      FINAL: 

    LABELS
-------------------------------------------------
00:0000D000   INICIO
00:0000D2E0   FINAL


 Output: asm/level10.out
-------------------------------------------------

 Page: 00
  Org: 0000D000  Size: *  Used: 00000000

    No output

 Output: level10.bin
-------------------------------------------------

 Page: 00
  Org: 0000D000  Size: *  Used: 000002E7

   Address   Length Align   Label
   0000D000     743         INICIO
