Sjasm Z80 Assembler v0.42c - www.xl2s.tk             [2023.02.05 - 06:58:09]

asm/level5.asm
Errors: 0

       1   00:0000                      		 output level5.bin
       2   00:D000  FE                  	db   #fe
       3   00:D001  00 D0               	dw   INICIO 
       4   00:D003  E0 D2               	dw   FINAL
       5   00:D005  00 D0               	dw   INICIO 
       6   00:D007                      	org  #d000 
       7   00:D000                      INICIO: 
       8   00:D000                      	db 233,233,233,233,233,233,233,233,233,233,233,233,233,233,233,233,233,233,233,233,233,233,233,233,233,233,233,233,233,233,233,234
       8   00:D000  E9 E9 E9 E9 E9 E9 E9 E9 E9 E9 E9 E9 E9 E9 E9 E9 
       8   00:D010  E9 E9 E9 E9 E9 E9 E9 E9 E9 E9 E9 E9 E9 E9 E9 EA 
       9   00:D020                      	db 233,-1,-1,-1,-1,-1,-1,5,6,-1,-1,-1,-1,-1,-1,5,6,8,9,-1,-1,-1,-1,-1,5,6,-1,-1,-1,-1,-1,233
       9   00:D020  E9 FF FF FF FF FF FF 05 06 FF FF FF FF FF FF 05 
       9   00:D030  06 08 09 FF FF FF FF FF 05 06 FF FF FF FF FF E9 
      10   00:D040                      	db 233,-1,-1,-1,-1,-1,-1,37,38,-1,-1,-1,39,-1,-1,37,38,40,41,-1,-1,39,-1,-1,37,38,-1,-1,-1,-1,-1,233
      10   00:D040  E9 FF FF FF FF FF FF 25 26 FF FF FF 27 FF FF 25 
      10   00:D050  26 28 29 FF FF 27 FF FF 25 26 FF FF FF FF FF E9 
      11   00:D060                      	db 233,-1,120,121,122,-1,-1,37,38,-1,-1,-1,-1,-1,-1,37,38,-1,-1,-1,-1,-1,-1,-1,37,38,-1,-1,126,127,-1,233
      11   00:D060  E9 FF 78 79 7A FF FF 25 26 FF FF FF FF FF FF 25 
      11   00:D070  26 FF FF FF FF FF FF FF 25 26 FF FF 7E 7F FF E9 
      12   00:D080                      	db 233,-1,152,153,154,-1,-1,37,192,193,246,246,246,192,193,231,231,231,192,193,245,245,245,192,193,38,-1,-1,158,159,-1,233
      12   00:D080  E9 FF 98 99 9A FF FF 25 C0 C1 F6 F6 F6 C0 C1 E7 
      12   00:D090  E7 E7 C0 C1 F5 F5 F5 C0 C1 26 FF FF 9E 9F FF E9 
      13   00:D0A0                      	db 233,-1,184,185,186,-1,-1,37,192,193,246,-1,-1,192,193,37,38,-1,192,193,-1,-1,245,192,193,38,-1,-1,190,191,-1,233
      13   00:D0A0  E9 FF B8 B9 BA FF FF 25 C0 C1 F6 FF FF C0 C1 25 
      13   00:D0B0  26 FF C0 C1 FF FF F5 C0 C1 26 FF FF BE BF FF E9 
      14   00:D0C0                      	db 233,-1,216,217,218,-1,-1,37,192,193,246,-1,-1,192,193,37,38,-1,192,193,-1,-1,245,192,193,38,-1,-1,222,223,-1,233
      14   00:D0C0  E9 FF D8 D9 DA FF FF 25 C0 C1 F6 FF FF C0 C1 25 
      14   00:D0D0  26 FF C0 C1 FF FF F5 C0 C1 26 FF FF DE DF FF E9 
      15   00:D0E0                      	db 233,225,225,225,225,225,192,193,224,224,246,-1,-1,192,193,37,38,-1,192,193,-1,-1,245,224,224,192,193,225,225,225,225,233
      15   00:D0E0  E9 E1 E1 E1 E1 E1 C0 C1 E0 E0 F6 FF FF C0 C1 25 
      15   00:D0F0  26 FF C0 C1 FF FF F5 E0 E0 C0 C1 E1 E1 E1 E1 E9 
      16   00:D100                      	db 233,-1,-1,-1,8,9,192,193,38,-1,224,-1,-1,192,193,37,38,-1,192,193,-1,-1,224,-1,37,192,193,-1,-1,-1,-1,233
      16   00:D100  E9 FF FF FF 08 09 C0 C1 26 FF E0 FF FF C0 C1 25 
      16   00:D110  26 FF C0 C1 FF FF E0 FF 25 C0 C1 FF FF FF FF E9 
      17   00:D120                      	db 233,-1,-1,-1,40,41,192,193,38,-1,224,-1,-1,192,193,37,38,-1,192,193,-1,-1,224,-1,37,192,193,-1,-1,-1,-1,233
      17   00:D120  E9 FF FF FF 28 29 C0 C1 26 FF E0 FF FF C0 C1 25 
      17   00:D130  26 FF C0 C1 FF FF E0 FF 25 C0 C1 FF FF FF FF E9 
      18   00:D140                      	db 233,-1,-1,-1,-1,-1,192,193,38,-1,224,-1,-1,192,193,37,38,-1,192,193,-1,-1,224,-1,37,192,193,-1,-1,-1,-1,233
      18   00:D140  E9 FF FF FF FF FF C0 C1 26 FF E0 FF FF C0 C1 25 
      18   00:D150  26 FF C0 C1 FF FF E0 FF 25 C0 C1 FF FF FF FF E9 
      19   00:D160                      	db 233,-1,-1,-1,-1,-1,192,193,38,-1,224,224,224,231,231,231,231,231,231,231,224,224,224,-1,37,192,193,-1,-1,-1,-1,233
      19   00:D160  E9 FF FF FF FF FF C0 C1 26 FF E0 E0 E0 E7 E7 E7 
      19   00:D170  E7 E7 E7 E7 E0 E0 E0 FF 25 C0 C1 FF FF FF FF E9 
      20   00:D180                      	db 233,-1,-1,-1,-1,-1,192,193,38,-1,-1,-1,231,192,193,37,38,-1,192,193,231,-1,-1,-1,37,192,193,-1,-1,100,101,233
      20   00:D180  E9 FF FF FF FF FF C0 C1 26 FF FF FF E7 C0 C1 25 
      20   00:D190  26 FF C0 C1 E7 FF FF FF 25 C0 C1 FF FF 64 65 E9 
      21   00:D1A0                      	db 233,-1,128,129,-1,-1,192,193,38,-1,-1,231,-1,192,193,37,38,-1,192,193,-1,231,-1,-1,37,192,193,-1,-1,132,133,233
      21   00:D1A0  E9 FF 80 81 FF FF C0 C1 26 FF FF E7 FF C0 C1 25 
      21   00:D1B0  26 FF C0 C1 FF E7 FF FF 25 C0 C1 FF FF 84 85 E9 
      22   00:D1C0                      	db 233,-1,160,161,-1,-1,192,193,38,-1,231,246,-1,192,193,37,38,-1,192,193,-1,245,231,-1,37,192,193,-1,-1,164,165,233
      22   00:D1C0  E9 FF A0 A1 FF FF C0 C1 26 FF E7 F6 FF C0 C1 25 
      22   00:D1D0  26 FF C0 C1 FF F5 E7 FF 25 C0 C1 FF FF A4 A5 E9 
      23   00:D1E0                      	db 233,-1,231,192,193,231,231,231,231,-1,-1,246,-1,192,193,37,38,-1,192,193,-1,245,-1,-1,231,231,231,231,192,193,231,233
      23   00:D1E0  E9 FF E7 C0 C1 E7 E7 E7 E7 FF FF F6 FF C0 C1 25 
      23   00:D1F0  26 FF C0 C1 FF F5 FF FF E7 E7 E7 E7 C0 C1 E7 E9 
      24   00:D200                      	db 233,-1,-1,192,193,-1,-1,37,38,231,-1,246,-1,192,193,37,38,-1,192,193,-1,245,-1,231,37,38,-1,-1,192,193,-1,233
      24   00:D200  E9 FF FF C0 C1 FF FF 25 26 E7 FF F6 FF C0 C1 25 
      24   00:D210  26 FF C0 C1 FF F5 FF E7 25 26 FF FF C0 C1 FF E9 
      25   00:D220                      	db 233,-1,-1,192,193,-1,-1,37,38,-1,231,246,-1,192,193,37,38,-1,192,193,-1,245,231,-1,37,38,-1,-1,192,193,-1,233
      25   00:D220  E9 FF FF C0 C1 FF FF 25 26 FF E7 F6 FF C0 C1 25 
      25   00:D230  26 FF C0 C1 FF F5 E7 FF 25 26 FF FF C0 C1 FF E9 
      26   00:D240                      	db 233,-1,-1,192,193,-1,-1,37,38,-1,-1,231,231,231,231,231,231,231,231,231,231,231,-1,-1,37,38,85,86,192,193,-1,233
      26   00:D240  E9 FF FF C0 C1 FF FF 25 26 FF FF E7 E7 E7 E7 E7 
      26   00:D250  E7 E7 E7 E7 E7 E7 FF FF 25 26 55 56 C0 C1 FF E9 
      27   00:D260                      	db 233,-1,-1,192,193,-1,-1,37,38,-1,110,111,112,-1,-1,37,38,-1,39,-1,-1,-1,-1,-1,37,38,117,118,192,193,-1,233
      27   00:D260  E9 FF FF C0 C1 FF FF 25 26 FF 6E 6F 70 FF FF 25 
      27   00:D270  26 FF 27 FF FF FF FF FF 25 26 75 76 C0 C1 FF E9 
      28   00:D280                      	db 233,-1,-1,192,193,-1,-1,37,38,-1,142,143,144,-1,-1,37,38,-1,-1,-1,-1,-1,-1,-1,37,38,150,151,192,193,-1,233
      28   00:D280  E9 FF FF C0 C1 FF FF 25 26 FF 8E 8F 90 FF FF 25 
      28   00:D290  26 FF FF FF FF FF FF FF 25 26 96 97 C0 C1 FF E9 
      29   00:D2A0                      	db 233,-1,-1,192,193,-1,-1,37,38,-1,174,175,176,-1,-1,37,38,-1,-1,-1,-1,-1,-1,-1,37,38,182,183,192,193,-1,233
      29   00:D2A0  E9 FF FF C0 C1 FF FF 25 26 FF AE AF B0 FF FF 25 
      29   00:D2B0  26 FF FF FF FF FF FF FF 25 26 B6 B7 C0 C1 FF E9 
      30   00:D2C0                      	db 233,234,233,233,233,233,233,233,233,233,233,233,233,233,233,233,233,233,233,233,233,233,233,233,233,233,233,233,233,233,233,234
      30   00:D2C0  E9 EA E9 E9 E9 E9 E9 E9 E9 E9 E9 E9 E9 E9 E9 E9 
      30   00:D2D0  E9 E9 E9 E9 E9 E9 E9 E9 E9 E9 E9 E9 E9 E9 E9 EA 
      31   00:D2E0                      FINAL: 

    LABELS
-------------------------------------------------
00:0000D000   INICIO
00:0000D2E0   FINAL


 Output: asm/level5.out
-------------------------------------------------

 Page: 00
  Org: 0000D000  Size: *  Used: 00000000

    No output

 Output: level5.bin
-------------------------------------------------

 Page: 00
  Org: 0000D000  Size: *  Used: 000002E7

   Address   Length Align   Label
   0000D000     743         INICIO
