Sjasm Z80 Assembler v0.42c - www.xl2s.tk             [2023.01.20 - 23:16:15]

asm/level2.asm
Errors: 0

       1   00:0000                      		 output level2.bin
       2   00:D000  FE                  	db   #fe
       3   00:D001  00 D0               	dw   INICIO 
       4   00:D003  E0 D2               	dw   FINAL
       5   00:D005  00 D0               	dw   INICIO 
       6   00:D007                      	org  #d000 
       7   00:D000                      INICIO: 
       8   00:D000                      	db 226,226,226,226,226,226,226,226,226,226,226,226,226,226,226,226,226,226,226,226,226,226,226,226,226,226,226,226,226,226,226,226
       8   00:D000  E2 E2 E2 E2 E2 E2 E2 E2 E2 E2 E2 E2 E2 E2 E2 E2 
       8   00:D010  E2 E2 E2 E2 E2 E2 E2 E2 E2 E2 E2 E2 E2 E2 E2 E2 
       9   00:D020                      	db 226,-1,-1,-1,-1,-1,-1,-1,-1,-1,-1,-1,31,-1,168,168,168,168,-1,198,-1,-1,-1,-1,-1,-1,-1,-1,-1,-1,-1,226
       9   00:D020  E2 FF FF FF FF FF FF FF FF FF FF FF 1F FF A8 A8 
       9   00:D030  A8 A8 FF C6 FF FF FF FF FF FF FF FF FF FF FF E2 
      10   00:D040                      	db 226,-1,-1,-1,-1,-1,-1,-1,-1,-1,-1,-1,31,-1,168,-1,-1,168,-1,198,-1,-1,-1,-1,-1,-1,-1,-1,-1,-1,-1,226
      10   00:D040  E2 FF FF FF FF FF FF FF FF FF FF FF 1F FF A8 FF 
      10   00:D050  FF A8 FF C6 FF FF FF FF FF FF FF FF FF FF FF E2 
      11   00:D060                      	db 226,-1,-1,-1,-1,-1,-1,-1,-1,-1,-1,-1,-1,-1,168,-1,-1,168,-1,198,-1,-1,-1,-1,-1,-1,-1,-1,-1,-1,-1,226
      11   00:D060  E2 FF FF FF FF FF FF FF FF FF FF FF FF FF A8 FF 
      11   00:D070  FF A8 FF C6 FF FF FF FF FF FF FF FF FF FF FF E2 
      12   00:D080                      	db 226,224,224,-1,-1,-1,224,224,192,193,224,224,224,224,224,224,224,224,-1,-1,224,224,224,224,224,224,224,224,-1,-1,-1,226
      12   00:D080  E2 E0 E0 FF FF FF E0 E0 C0 C1 E0 E0 E0 E0 E0 E0 
      12   00:D090  E0 E0 FF FF E0 E0 E0 E0 E0 E0 E0 E0 FF FF FF E2 
      13   00:D0A0                      	db 226,-1,-1,-1,-1,-1,224,-1,192,193,-1,-1,-1,-1,-1,-1,-1,-1,-1,-1,-1,-1,-1,224,-1,-1,-1,-1,-1,-1,195,226
      13   00:D0A0  E2 FF FF FF FF FF E0 FF C0 C1 FF FF FF FF FF FF 
      13   00:D0B0  FF FF FF FF FF FF FF E0 FF FF FF FF FF FF C3 E2 
      14   00:D0C0                      	db 226,-1,-1,-1,224,224,224,-1,192,193,-1,-1,-1,-1,-1,-1,-1,-1,-1,-1,-1,-1,-1,224,-1,-1,224,224,224,224,224,226
      14   00:D0C0  E2 FF FF FF E0 E0 E0 FF C0 C1 FF FF FF FF FF FF 
      14   00:D0D0  FF FF FF FF FF FF FF E0 FF FF E0 E0 E0 E0 E0 E2 
      15   00:D0E0                      	db 226,-1,-1,-1,-1,-1,224,-1,192,193,-1,-1,-1,-1,-1,-1,-1,-1,-1,-1,-1,-1,-1,224,-1,-1,-1,-1,-1,-1,-1,226
      15   00:D0E0  E2 FF FF FF FF FF E0 FF C0 C1 FF FF FF FF FF FF 
      15   00:D0F0  FF FF FF FF FF FF FF E0 FF FF FF FF FF FF FF E2 
      16   00:D100                      	db 226,224,224,-1,-1,-1,224,224,224,224,224,224,-1,-1,-1,-1,-1,224,224,224,224,224,224,224,-1,224,224,224,224,224,224,226
      16   00:D100  E2 E0 E0 FF FF FF E0 E0 E0 E0 E0 E0 FF FF FF FF 
      16   00:D110  FF E0 E0 E0 E0 E0 E0 E0 FF E0 E0 E0 E0 E0 E0 E2 
      17   00:D120                      	db 226,-1,-1,-1,-1,-1,224,-1,-1,-1,-1,-1,224,-1,-1,-1,-1,-1,-1,-1,-1,-1,-1,224,-1,-1,-1,-1,-1,-1,-1,226
      17   00:D120  E2 FF FF FF FF FF E0 FF FF FF FF FF E0 FF FF FF 
      17   00:D130  FF FF FF FF FF FF FF E0 FF FF FF FF FF FF FF E2 
      18   00:D140                      	db 226,-1,-1,-1,224,224,224,-1,-1,-1,-1,-1,-1,224,-1,-1,-1,-1,-1,-1,-1,-1,-1,224,-1,-1,-1,-1,-1,-1,-1,226
      18   00:D140  E2 FF FF FF E0 E0 E0 FF FF FF FF FF FF E0 FF FF 
      18   00:D150  FF FF FF FF FF FF FF E0 FF FF FF FF FF FF FF E2 
      19   00:D160                      	db 226,-1,-1,-1,-1,-1,224,-1,-1,-1,-1,-1,-1,-1,224,-1,-1,-1,-1,-1,-1,-1,-1,224,-1,-1,-1,128,129,-1,-1,226
      19   00:D160  E2 FF FF FF FF FF E0 FF FF FF FF FF FF FF E0 FF 
      19   00:D170  FF FF FF FF FF FF FF E0 FF FF FF 80 81 FF FF E2 
      20   00:D180                      	db 226,224,224,-1,-1,-1,224,-1,-1,-1,-1,-1,-1,-1,-1,224,-1,-1,-1,-1,-1,-1,-1,224,-1,-1,-1,160,161,-1,-1,226
      20   00:D180  E2 E0 E0 FF FF FF E0 FF FF FF FF FF FF FF FF E0 
      20   00:D190  FF FF FF FF FF FF FF E0 FF FF FF A0 A1 FF FF E2 
      21   00:D1A0                      	db 226,-1,-1,-1,-1,-1,224,-1,-1,-1,-1,-1,-1,-1,-1,-1,224,-1,195,-1,-1,-1,-1,224,224,224,224,224,224,-1,-1,226
      21   00:D1A0  E2 FF FF FF FF FF E0 FF FF FF FF FF FF FF FF FF 
      21   00:D1B0  E0 FF C3 FF FF FF FF E0 E0 E0 E0 E0 E0 FF FF E2 
      22   00:D1C0                      	db 226,-1,-1,-1,224,224,224,224,224,224,224,192,193,224,-1,-1,-1,224,224,224,224,192,193,224,-1,-1,-1,-1,-1,-1,-1,226
      22   00:D1C0  E2 FF FF FF E0 E0 E0 E0 E0 E0 E0 C0 C1 E0 FF FF 
      22   00:D1D0  FF E0 E0 E0 E0 C0 C1 E0 FF FF FF FF FF FF FF E2 
      23   00:D1E0                      	db 226,-1,-1,-1,100,101,224,-1,-1,-1,-1,192,193,-1,-1,-1,-1,-1,-1,-1,-1,192,193,-1,-1,-1,-1,-1,-1,-1,-1,226
      23   00:D1E0  E2 FF FF FF 64 65 E0 FF FF FF FF C0 C1 FF FF FF 
      23   00:D1F0  FF FF FF FF FF C0 C1 FF FF FF FF FF FF FF FF E2 
      24   00:D200                      	db 226,224,224,-1,132,133,224,-1,-1,-1,-1,192,193,-1,-1,-1,-1,-1,-1,-1,-1,192,193,-1,-1,-1,-1,-1,-1,-1,-1,226
      24   00:D200  E2 E0 E0 FF 84 85 E0 FF FF FF FF C0 C1 FF FF FF 
      24   00:D210  FF FF FF FF FF C0 C1 FF FF FF FF FF FF FF FF E2 
      25   00:D220                      	db 226,-1,-1,-1,164,165,224,-1,-1,-1,-1,192,193,-1,-1,-1,-1,-1,-1,-1,-1,192,193,-1,-1,-1,-1,-1,-1,-1,-1,226
      25   00:D220  E2 FF FF FF A4 A5 E0 FF FF FF FF C0 C1 FF FF FF 
      25   00:D230  FF FF FF FF FF C0 C1 FF FF FF FF FF FF FF FF E2 
      26   00:D240                      	db 226,224,224,224,224,224,224,192,193,-1,-1,228,228,228,228,228,224,224,224,224,224,224,224,192,193,224,224,224,224,224,224,226
      26   00:D240  E2 E0 E0 E0 E0 E0 E0 C0 C1 FF FF E4 E4 E4 E4 E4 
      26   00:D250  E0 E0 E0 E0 E0 E0 E0 C0 C1 E0 E0 E0 E0 E0 E0 E2 
      27   00:D260                      	db 226,-1,-1,-1,-1,-1,-1,192,193,-1,-1,-1,-1,-1,-1,-1,-1,-1,-1,-1,-1,-1,-1,192,193,-1,-1,-1,-1,-1,-1,226
      27   00:D260  E2 FF FF FF FF FF FF C0 C1 FF FF FF FF FF FF FF 
      27   00:D270  FF FF FF FF FF FF FF C0 C1 FF FF FF FF FF FF E2 
      28   00:D280                      	db 226,-1,-1,-1,-1,-1,-1,192,193,-1,-1,-1,-1,-1,-1,-1,-1,-1,-1,-1,-1,-1,-1,192,193,-1,-1,-1,-1,-1,-1,226
      28   00:D280  E2 FF FF FF FF FF FF C0 C1 FF FF FF FF FF FF FF 
      28   00:D290  FF FF FF FF FF FF FF C0 C1 FF FF FF FF FF FF E2 
      29   00:D2A0                      	db 226,-1,-1,-1,-1,-1,-1,192,193,-1,-1,-1,-1,-1,-1,-1,-1,-1,-1,-1,-1,-1,-1,192,193,-1,-1,-1,-1,-1,-1,226
      29   00:D2A0  E2 FF FF FF FF FF FF C0 C1 FF FF FF FF FF FF FF 
      29   00:D2B0  FF FF FF FF FF FF FF C0 C1 FF FF FF FF FF FF E2 
      30   00:D2C0                      	db 226,226,226,226,226,226,226,226,226,226,226,226,226,226,226,226,226,226,226,226,226,226,226,226,226,226,226,226,226,226,226,226
      30   00:D2C0  E2 E2 E2 E2 E2 E2 E2 E2 E2 E2 E2 E2 E2 E2 E2 E2 
      30   00:D2D0  E2 E2 E2 E2 E2 E2 E2 E2 E2 E2 E2 E2 E2 E2 E2 E2 
      31   00:D2E0                      FINAL: 

    LABELS
-------------------------------------------------
00:0000D000   INICIO
00:0000D2E0   FINAL


 Output: asm/level2.out
-------------------------------------------------

 Page: 00
  Org: 0000D000  Size: *  Used: 00000000

    No output

 Output: level2.bin
-------------------------------------------------

 Page: 00
  Org: 0000D000  Size: *  Used: 000002E7

   Address   Length Align   Label
   0000D000     743         INICIO
