Sjasm Z80 Assembler v0.42c - www.xl2s.tk             [2023.01.23 - 08:02:29]

asm/level7.asm
Errors: 0

       1   00:0000                      		 output level7.bin
       2   00:D000  FE                  	db   #fe
       3   00:D001  00 D0               	dw   INICIO 
       4   00:D003  E0 D2               	dw   FINAL
       5   00:D005  00 D0               	dw   INICIO 
       6   00:D007                      	org  #d000 
       7   00:D000                      INICIO: 
       8   00:D000                      	db 237,237,237,237,237,237,237,237,237,237,237,237,237,237,237,237,237,237,237,237,237,237,237,237,237,237,237,237,237,237,237,237
       8   00:D000  ED ED ED ED ED ED ED ED ED ED ED ED ED ED ED ED 
       8   00:D010  ED ED ED ED ED ED ED ED ED ED ED ED ED ED ED ED 
       9   00:D020                      	db 237,-1,-1,-1,-1,-1,-1,-1,-1,-1,-1,-1,-1,-1,-1,-1,110,111,112,-1,-1,-1,-1,-1,-1,-1,-1,-1,-1,-1,-1,237
       9   00:D020  ED FF FF FF FF FF FF FF FF FF FF FF FF FF FF FF 
       9   00:D030  6E 6F 70 FF FF FF FF FF FF FF FF FF FF FF FF ED 
      10   00:D040                      	db 237,-1,-1,-1,-1,-1,120,121,122,-1,-1,-1,-1,-1,-1,-1,142,143,144,-1,-1,-1,-1,-1,-1,-1,-1,-1,-1,-1,-1,237
      10   00:D040  ED FF FF FF FF FF 78 79 7A FF FF FF FF FF FF FF 
      10   00:D050  8E 8F 90 FF FF FF FF FF FF FF FF FF FF FF FF ED 
      11   00:D060                      	db 237,-1,-1,-1,-1,-1,152,153,154,-1,-1,-1,-1,-1,-1,-1,174,175,176,-1,-1,-1,-1,-1,39,-1,-1,-1,-1,100,101,237
      11   00:D060  ED FF FF FF FF FF 98 99 9A FF FF FF FF FF FF FF 
      11   00:D070  AE AF B0 FF FF FF FF FF 27 FF FF FF FF 64 65 ED 
      12   00:D080                      	db 237,-1,-1,-1,-1,-1,184,185,186,-1,-1,-1,192,193,232,232,232,232,232,232,192,193,-1,-1,-1,-1,-1,-1,-1,132,133,237
      12   00:D080  ED FF FF FF FF FF B8 B9 BA FF FF FF C0 C1 E8 E8 
      12   00:D090  E8 E8 E8 E8 C0 C1 FF FF FF FF FF FF FF 84 85 ED 
      13   00:D0A0                      	db 237,-1,-1,-1,201,-1,216,217,218,-1,-1,-1,192,193,-1,-1,192,193,-1,-1,192,193,-1,-1,-1,-1,-1,201,-1,164,165,237
      13   00:D0A0  ED FF FF FF C9 FF D8 D9 DA FF FF FF C0 C1 FF FF 
      13   00:D0B0  C0 C1 FF FF C0 C1 FF FF FF FF FF C9 FF A4 A5 ED 
      14   00:D0C0                      	db 237,232,249,232,232,232,232,232,232,192,193,232,232,232,-1,-1,192,193,-1,-1,232,232,232,192,193,232,232,232,249,232,232,237
      14   00:D0C0  ED E8 F9 E8 E8 E8 E8 E8 E8 C0 C1 E8 E8 E8 FF FF 
      14   00:D0D0  C0 C1 FF FF E8 E8 E8 C0 C1 E8 E8 E8 F9 E8 E8 ED 
      15   00:D0E0                      	db 237,-1,-1,-1,-1,-1,-1,-1,-1,192,193,-1,-1,-1,-1,-1,192,193,-1,-1,8,9,-1,192,193,-1,-1,-1,-1,-1,-1,237
      15   00:D0E0  ED FF FF FF FF FF FF FF FF C0 C1 FF FF FF FF FF 
      15   00:D0F0  C0 C1 FF FF 08 09 FF C0 C1 FF FF FF FF FF FF ED 
      16   00:D100                      	db 237,-1,-1,-1,39,-1,-1,-1,-1,192,193,-1,85,86,-1,-1,192,193,-1,-1,40,41,-1,192,193,-1,-1,-1,-1,-1,-1,237
      16   00:D100  ED FF FF FF 27 FF FF FF FF C0 C1 FF 55 56 FF FF 
      16   00:D110  C0 C1 FF FF 28 29 FF C0 C1 FF FF FF FF FF FF ED 
      17   00:D120                      	db 237,-1,-1,-1,-1,-1,-1,-1,-1,192,193,-1,117,118,-1,-1,192,193,-1,-1,-1,-1,-1,192,193,-1,-1,-1,-1,-1,-1,237
      17   00:D120  ED FF FF FF FF FF FF FF FF C0 C1 FF 75 76 FF FF 
      17   00:D130  C0 C1 FF FF FF FF FF C0 C1 FF FF FF FF FF FF ED 
      18   00:D140                      	db 237,-1,-1,-1,-1,-1,-1,195,-1,192,193,-1,68,69,-1,-1,192,193,-1,-1,-1,-1,-1,192,193,-1,-1,-1,-1,-1,-1,237
      18   00:D140  ED FF FF FF FF FF FF C3 FF C0 C1 FF 44 45 FF FF 
      18   00:D150  C0 C1 FF FF FF FF FF C0 C1 FF FF FF FF FF FF ED 
      19   00:D160                      	db 237,232,192,193,232,249,232,232,232,232,232,232,232,232,-1,-1,192,193,-1,-1,-1,201,-1,192,193,-1,-1,-1,-1,-1,-1,237
      19   00:D160  ED E8 C0 C1 E8 F9 E8 E8 E8 E8 E8 E8 E8 E8 FF FF 
      19   00:D170  C0 C1 FF FF FF C9 FF C0 C1 FF FF FF FF FF FF ED 
      20   00:D180                      	db 237,-1,192,193,-1,-1,-1,8,9,-1,-1,-1,-1,-1,-1,-1,192,193,-1,-1,232,232,232,232,232,232,249,232,192,193,232,237
      20   00:D180  ED FF C0 C1 FF FF FF 08 09 FF FF FF FF FF FF FF 
      20   00:D190  C0 C1 FF FF E8 E8 E8 E8 E8 E8 F9 E8 C0 C1 E8 ED 
      21   00:D1A0                      	db 237,-1,192,193,-1,-1,-1,40,41,-1,123,124,125,-1,-1,-1,192,193,-1,-1,126,127,-1,-1,-1,-1,-1,-1,192,193,-1,237
      21   00:D1A0  ED FF C0 C1 FF FF FF 28 29 FF 7B 7C 7D FF FF FF 
      21   00:D1B0  C0 C1 FF FF 7E 7F FF FF FF FF FF FF C0 C1 FF ED 
      22   00:D1C0                      	db 237,-1,192,193,-1,-1,-1,39,-1,-1,155,156,157,-1,-1,-1,192,193,-1,-1,158,159,-1,-1,-1,39,-1,-1,192,193,-1,237
      22   00:D1C0  ED FF C0 C1 FF FF FF 27 FF FF 9B 9C 9D FF FF FF 
      22   00:D1D0  C0 C1 FF FF 9E 9F FF FF FF 27 FF FF C0 C1 FF ED 
      23   00:D1E0                      	db 237,-1,192,193,-1,-1,-1,-1,-1,-1,187,188,189,-1,-1,-1,192,193,-1,-1,190,191,-1,-1,-1,-1,-1,-1,192,193,-1,237
      23   00:D1E0  ED FF C0 C1 FF FF FF FF FF FF BB BC BD FF FF FF 
      23   00:D1F0  C0 C1 FF FF BE BF FF FF FF FF FF FF C0 C1 FF ED 
      24   00:D200                      	db 237,-1,192,193,-1,-1,201,-1,-1,-1,219,220,221,-1,-1,-1,192,193,-1,-1,222,223,-1,-1,-1,-1,201,-1,192,193,-1,237
      24   00:D200  ED FF C0 C1 FF FF C9 FF FF FF DB DC DD FF FF FF 
      24   00:D210  C0 C1 FF FF DE DF FF FF FF FF C9 FF C0 C1 FF ED 
      25   00:D220                      	db 237,232,232,232,232,232,232,232,192,193,232,232,232,232,-1,-1,192,193,-1,-1,232,232,192,193,232,249,232,232,232,232,232,237
      25   00:D220  ED E8 E8 E8 E8 E8 E8 E8 C0 C1 E8 E8 E8 E8 FF FF 
      25   00:D230  C0 C1 FF FF E8 E8 C0 C1 E8 F9 E8 E8 E8 E8 E8 ED 
      26   00:D240                      	db 237,-1,-1,-1,-1,-1,-1,-1,192,193,-1,-1,-1,-1,-1,-1,224,224,-1,-1,-1,-1,192,193,-1,-1,-1,-1,-1,-1,-1,237
      26   00:D240  ED FF FF FF FF FF FF FF C0 C1 FF FF FF FF FF FF 
      26   00:D250  E0 E0 FF FF FF FF C0 C1 FF FF FF FF FF FF FF ED 
      27   00:D260                      	db 237,-1,-1,-1,-1,-1,-1,-1,192,193,-1,-1,-1,-1,-1,224,108,109,224,-1,-1,-1,192,193,-1,-1,-1,85,86,-1,-1,237
      27   00:D260  ED FF FF FF FF FF FF FF C0 C1 FF FF FF FF FF E0 
      27   00:D270  6C 6D E0 FF FF FF C0 C1 FF FF FF 55 56 FF FF ED 
      28   00:D280                      	db 237,128,129,-1,-1,-1,-1,-1,192,193,-1,-1,-1,-1,224,-1,140,141,-1,224,-1,-1,192,193,-1,-1,-1,117,118,-1,-1,237
      28   00:D280  ED 80 81 FF FF FF FF FF C0 C1 FF FF FF FF E0 FF 
      28   00:D290  8C 8D FF E0 FF FF C0 C1 FF FF FF 75 76 FF FF ED 
      29   00:D2A0                      	db 237,160,161,-1,-1,-1,-1,-1,192,193,-1,-1,-1,224,-1,-1,172,173,-1,-1,224,-1,192,193,-1,-1,-1,68,69,-1,-1,237
      29   00:D2A0  ED A0 A1 FF FF FF FF FF C0 C1 FF FF FF E0 FF FF 
      29   00:D2B0  AC AD FF FF E0 FF C0 C1 FF FF FF 44 45 FF FF ED 
      30   00:D2C0                      	db 237,237,237,237,237,237,237,237,237,237,237,237,237,237,237,237,237,237,237,237,237,237,237,237,237,237,237,237,237,237,237,237
      30   00:D2C0  ED ED ED ED ED ED ED ED ED ED ED ED ED ED ED ED 
      30   00:D2D0  ED ED ED ED ED ED ED ED ED ED ED ED ED ED ED ED 
      31   00:D2E0                      FINAL: 

    LABELS
-------------------------------------------------
00:0000D000   INICIO
00:0000D2E0   FINAL


 Output: asm/level7.out
-------------------------------------------------

 Page: 00
  Org: 0000D000  Size: *  Used: 00000000

    No output

 Output: level7.bin
-------------------------------------------------

 Page: 00
  Org: 0000D000  Size: *  Used: 000002E7

   Address   Length Align   Label
   0000D000     743         INICIO
