Sjasm Z80 Assembler v0.42c - www.xl2s.tk             [2023.01.23 - 07:52:05]

asm/level6.asm
Errors: 0

       1   00:0000                      		 output level6.bin
       2   00:D000  FE                  	db   #fe
       3   00:D001  00 D0               	dw   INICIO 
       4   00:D003  E0 D2               	dw   FINAL
       5   00:D005  00 D0               	dw   INICIO 
       6   00:D007                      	org  #d000 
       7   00:D000                      INICIO: 
       8   00:D000                      	db 242,242,242,242,242,242,242,242,242,242,242,242,242,242,242,242,242,242,242,242,242,242,242,242,242,242,242,242,242,242,242,242
       8   00:D000  F2 F2 F2 F2 F2 F2 F2 F2 F2 F2 F2 F2 F2 F2 F2 F2 
       8   00:D010  F2 F2 F2 F2 F2 F2 F2 F2 F2 F2 F2 F2 F2 F2 F2 F2 
       9   00:D020                      	db 242,-1,-1,-1,-1,-1,-1,8,9,-1,-1,-1,-1,-1,-1,-1,110,111,112,8,9,-1,-1,-1,-1,-1,-1,-1,-1,-1,-1,242
       9   00:D020  F2 FF FF FF FF FF FF 08 09 FF FF FF FF FF FF FF 
       9   00:D030  6E 6F 70 08 09 FF FF FF FF FF FF FF FF FF FF F2 
      10   00:D040                      	db 242,-1,-1,-1,-1,-1,-1,40,41,-1,-1,-1,-1,-1,-1,-1,142,143,144,40,41,-1,-1,-1,39,-1,-1,-1,-1,128,129,242
      10   00:D040  F2 FF FF FF FF FF FF 28 29 FF FF FF FF FF FF FF 
      10   00:D050  8E 8F 90 28 29 FF FF FF 27 FF FF FF FF 80 81 F2 
      11   00:D060                      	db 242,-1,-1,-1,-1,-1,-1,-1,-1,-1,-1,-1,-1,-1,-1,-1,174,175,176,-1,-1,-1,-1,-1,-1,-1,-1,-1,-1,160,161,242
      11   00:D060  F2 FF FF FF FF FF FF FF FF FF FF FF FF FF FF FF 
      11   00:D070  AE AF B0 FF FF FF FF FF FF FF FF FF FF A0 A1 F2 
      12   00:D080                      	db 242,224,224,224,224,249,249,224,224,224,224,249,249,249,249,249,224,224,224,224,224,224,224,224,224,192,193,224,224,224,224,242
      12   00:D080  F2 E0 E0 E0 E0 F9 F9 E0 E0 E0 E0 F9 F9 F9 F9 F9 
      12   00:D090  E0 E0 E0 E0 E0 E0 E0 E0 E0 C0 C1 E0 E0 E0 E0 F2 
      13   00:D0A0                      	db 242,-1,-1,-1,-1,-1,-1,-1,-1,246,-1,-1,-1,-1,-1,-1,-1,-1,-1,-1,-1,-1,-1,-1,-1,192,193,-1,-1,-1,-1,242
      13   00:D0A0  F2 FF FF FF FF FF FF FF FF F6 FF FF FF FF FF FF 
      13   00:D0B0  FF FF FF FF FF FF FF FF FF C0 C1 FF FF FF FF F2 
      14   00:D0C0                      	db 242,-1,-1,-1,-1,-1,-1,-1,-1,246,-1,-1,-1,-1,-1,-1,-1,-1,-1,39,-1,-1,-1,-1,-1,192,193,-1,-1,-1,-1,242
      14   00:D0C0  F2 FF FF FF FF FF FF FF FF F6 FF FF FF FF FF FF 
      14   00:D0D0  FF FF FF 27 FF FF FF FF FF C0 C1 FF FF FF FF F2 
      15   00:D0E0                      	db 242,-1,-1,-1,-1,-1,-1,-1,-1,246,-1,-1,-1,-1,-1,-1,-1,-1,-1,-1,-1,-1,-1,-1,-1,192,193,-1,-1,-1,-1,242
      15   00:D0E0  F2 FF FF FF FF FF FF FF FF F6 FF FF FF FF FF FF 
      15   00:D0F0  FF FF FF FF FF FF FF FF FF C0 C1 FF FF FF FF F2 
      16   00:D100                      	db 242,224,224,224,224,192,193,224,224,224,224,224,224,224,224,224,224,249,249,249,224,224,224,192,193,224,224,224,224,224,224,242
      16   00:D100  F2 E0 E0 E0 E0 C0 C1 E0 E0 E0 E0 E0 E0 E0 E0 E0 
      16   00:D110  E0 F9 F9 F9 E0 E0 E0 C0 C1 E0 E0 E0 E0 E0 E0 F2 
      17   00:D120                      	db 242,106,107,-1,-1,192,193,-1,-1,-1,-1,-1,8,9,-1,-1,-1,-1,-1,-1,-1,-1,-1,192,193,-1,-1,-1,-1,-1,-1,242
      17   00:D120  F2 6A 6B FF FF C0 C1 FF FF FF FF FF 08 09 FF FF 
      17   00:D130  FF FF FF FF FF FF FF C0 C1 FF FF FF FF FF FF F2 
      18   00:D140                      	db 242,138,139,-1,-1,192,193,-1,-1,-1,-1,-1,40,41,-1,39,-1,-1,-1,-1,-1,-1,-1,-1,-1,-1,-1,-1,-1,-1,-1,242
      18   00:D140  F2 8A 8B FF FF C0 C1 FF FF FF FF FF 28 29 FF 27 
      18   00:D150  FF FF FF FF FF FF FF FF FF FF FF FF FF FF FF F2 
      19   00:D160                      	db 242,170,171,-1,-1,192,193,-1,-1,-1,-1,-1,-1,-1,-1,-1,-1,-1,-1,-1,-1,-1,-1,-1,-1,-1,-1,-1,-1,-1,-1,242
      19   00:D160  F2 AA AB FF FF C0 C1 FF FF FF FF FF FF FF FF FF 
      19   00:D170  FF FF FF FF FF FF FF FF FF FF FF FF FF FF FF F2 
      20   00:D180                      	db 242,224,224,224,224,224,224,224,224,224,249,249,249,224,192,193,224,224,224,224,224,249,249,224,224,224,192,193,224,224,224,242
      20   00:D180  F2 E0 E0 E0 E0 E0 E0 E0 E0 E0 F9 F9 F9 E0 C0 C1 
      20   00:D190  E0 E0 E0 E0 E0 F9 F9 E0 E0 E0 C0 C1 E0 E0 E0 F2 
      21   00:D1A0                      	db 242,-1,-1,-1,-1,-1,-1,-1,-1,-1,-1,-1,-1,-1,192,193,-1,120,121,122,-1,-1,-1,245,-1,-1,192,193,-1,-1,-1,242
      21   00:D1A0  F2 FF FF FF FF FF FF FF FF FF FF FF FF FF C0 C1 
      21   00:D1B0  FF 78 79 7A FF FF FF F5 FF FF C0 C1 FF FF FF F2 
      22   00:D1C0                      	db 242,-1,-1,-1,-1,-1,-1,-1,-1,-1,-1,-1,-1,-1,192,193,-1,152,153,154,-1,-1,-1,245,-1,-1,192,193,-1,-1,-1,242
      22   00:D1C0  F2 FF FF FF FF FF FF FF FF FF FF FF FF FF C0 C1 
      22   00:D1D0  FF 98 99 9A FF FF FF F5 FF FF C0 C1 FF FF FF F2 
      23   00:D1E0                      	db 242,-1,-1,-1,-1,0,1,-1,-1,-1,-1,-1,-1,-1,192,193,-1,184,185,186,-1,-1,-1,245,-1,-1,192,193,-1,-1,-1,242
      23   00:D1E0  F2 FF FF FF FF 00 01 FF FF FF FF FF FF FF C0 C1 
      23   00:D1F0  FF B8 B9 BA FF FF FF F5 FF FF C0 C1 FF FF FF F2 
      24   00:D200                      	db 242,-1,-1,-1,-1,32,33,-1,-1,-1,-1,-1,-1,-1,192,193,-1,216,217,218,-1,-1,-1,245,-1,-1,192,193,-1,-1,-1,242
      24   00:D200  F2 FF FF FF FF 20 21 FF FF FF FF FF FF FF C0 C1 
      24   00:D210  FF D8 D9 DA FF FF FF F5 FF FF C0 C1 FF FF FF F2 
      25   00:D220                      	db 242,224,224,224,224,224,224,224,192,193,224,249,249,224,224,224,224,224,224,224,224,249,249,224,224,224,224,224,224,224,224,242
      25   00:D220  F2 E0 E0 E0 E0 E0 E0 E0 C0 C1 E0 F9 F9 E0 E0 E0 
      25   00:D230  E0 E0 E0 E0 E0 F9 F9 E0 E0 E0 E0 E0 E0 E0 E0 F2 
      26   00:D240                      	db 242,-1,-1,-1,-1,-1,-1,-1,192,193,-1,-1,-1,123,124,125,-1,-1,-1,-1,-1,-1,-1,-1,8,9,-1,-1,-1,-1,-1,242
      26   00:D240  F2 FF FF FF FF FF FF FF C0 C1 FF FF FF 7B 7C 7D 
      26   00:D250  FF FF FF FF FF FF FF FF 08 09 FF FF FF FF FF F2 
      27   00:D260                      	db 242,-1,-1,-1,-1,-1,-1,-1,192,193,-1,-1,-1,155,156,157,-1,-1,-1,-1,-1,39,-1,-1,40,41,-1,-1,-1,100,101,242
      27   00:D260  F2 FF FF FF FF FF FF FF C0 C1 FF FF FF 9B 9C 9D 
      27   00:D270  FF FF FF FF FF 27 FF FF 28 29 FF FF FF 64 65 F2 
      28   00:D280                      	db 242,-1,-1,-1,-1,-1,-1,-1,192,193,-1,-1,-1,187,188,189,-1,-1,-1,-1,-1,-1,-1,-1,-1,-1,-1,-1,-1,132,133,242
      28   00:D280  F2 FF FF FF FF FF FF FF C0 C1 FF FF FF BB BC BD 
      28   00:D290  FF FF FF FF FF FF FF FF FF FF FF FF FF 84 85 F2 
      29   00:D2A0                      	db 242,-1,-1,-1,-1,-1,-1,-1,192,193,-1,-1,-1,219,220,221,-1,-1,-1,-1,-1,-1,-1,-1,-1,-1,-1,-1,-1,164,165,242
      29   00:D2A0  F2 FF FF FF FF FF FF FF C0 C1 FF FF FF DB DC DD 
      29   00:D2B0  FF FF FF FF FF FF FF FF FF FF FF FF FF A4 A5 F2 
      30   00:D2C0                      	db 242,242,242,242,242,242,242,242,242,242,242,242,242,242,242,242,242,242,242,242,242,242,242,242,242,242,242,242,242,242,242,242
      30   00:D2C0  F2 F2 F2 F2 F2 F2 F2 F2 F2 F2 F2 F2 F2 F2 F2 F2 
      30   00:D2D0  F2 F2 F2 F2 F2 F2 F2 F2 F2 F2 F2 F2 F2 F2 F2 F2 
      31   00:D2E0                      FINAL: 

    LABELS
-------------------------------------------------
00:0000D000   INICIO
00:0000D2E0   FINAL


 Output: asm/level6.out
-------------------------------------------------

 Page: 00
  Org: 0000D000  Size: *  Used: 00000000

    No output

 Output: level6.bin
-------------------------------------------------

 Page: 00
  Org: 0000D000  Size: *  Used: 000002E7

   Address   Length Align   Label
   0000D000     743         INICIO
