Sjasm Z80 Assembler v0.42c - www.xl2s.tk             [2023.01.24 - 03:05:22]

asm/level9.asm
Errors: 0

       1   00:0000                      		 output level9.bin
       2   00:D000  FE                  	db   #fe
       3   00:D001  00 D0               	dw   INICIO 
       4   00:D003  E0 D2               	dw   FINAL
       5   00:D005  00 D0               	dw   INICIO 
       6   00:D007                      	org  #d000 
       7   00:D000                      INICIO: 
       8   00:D000                      	db 235,235,235,235,235,235,235,235,235,235,235,235,235,235,235,235,235,235,235,235,235,235,235,235,235,235,235,235,235,235,235,235
       8   00:D000  EB EB EB EB EB EB EB EB EB EB EB EB EB EB EB EB 
       8   00:D010  EB EB EB EB EB EB EB EB EB EB EB EB EB EB EB EB 
       9   00:D020                      	db 235,-1,-1,-1,-1,-1,-1,-1,-1,-1,-1,-1,-1,-1,-1,-1,-1,-1,-1,-1,-1,-1,-1,-1,-1,-1,-1,-1,-1,-1,-1,235
       9   00:D020  EB FF FF FF FF FF FF FF FF FF FF FF FF FF FF FF 
       9   00:D030  FF FF FF FF FF FF FF FF FF FF FF FF FF FF FF EB 
      10   00:D040                      	db 235,-1,-1,-1,-1,-1,-1,-1,-1,-1,-1,-1,-1,12,13,-1,-1,-1,-1,-1,-1,-1,-1,-1,-1,-1,-1,-1,-1,-1,-1,235
      10   00:D040  EB FF FF FF FF FF FF FF FF FF FF FF FF 0C 0D FF 
      10   00:D050  FF FF FF FF FF FF FF FF FF FF FF FF FF FF FF EB 
      11   00:D060                      	db 235,-1,-1,-1,-1,39,-1,106,107,-1,-1,-1,-1,44,45,-1,-1,-1,-1,-1,-1,-1,-1,-1,-1,-1,39,-1,-1,-1,-1,235
      11   00:D060  EB FF FF FF FF 27 FF 6A 6B FF FF FF FF 2C 2D FF 
      11   00:D070  FF FF FF FF FF FF FF FF FF FF 27 FF FF FF FF EB 
      12   00:D080                      	db 235,-1,-1,-1,-1,-1,-1,138,139,-1,-1,-1,-1,76,77,-1,-1,-1,-1,-1,-1,-1,-1,-1,42,43,-1,-1,-1,-1,-1,235
      12   00:D080  EB FF FF FF FF FF FF 8A 8B FF FF FF FF 4C 4D FF 
      12   00:D090  FF FF FF FF FF FF FF FF 2A 2B FF FF FF FF FF EB 
      13   00:D0A0                      	db 235,-1,-1,-1,-1,-1,-1,164,165,-1,-1,224,192,193,224,224,224,224,192,193,224,-1,-1,-1,74,75,-1,-1,83,84,-1,235
      13   00:D0A0  EB FF FF FF FF FF FF A4 A5 FF FF E0 C0 C1 E0 E0 
      13   00:D0B0  E0 E0 C0 C1 E0 FF FF FF 4A 4B FF FF 53 54 FF EB 
      14   00:D0C0                      	db 235,-1,-1,-1,-1,-1,-1,225,225,225,-1,-1,192,193,-1,-1,-1,-1,192,193,-1,-1,-1,-1,225,225,225,-1,115,116,-1,235
      14   00:D0C0  EB FF FF FF FF FF FF E1 E1 E1 FF FF C0 C1 FF FF 
      14   00:D0D0  FF FF C0 C1 FF FF FF FF E1 E1 E1 FF 73 74 FF EB 
      15   00:D0E0                      	db 235,-1,-1,-1,85,86,-1,-1,-1,-1,-1,-1,192,193,-1,-1,-1,-1,192,193,-1,-1,-1,-1,-1,-1,-1,-1,150,151,-1,235
      15   00:D0E0  EB FF FF FF 55 56 FF FF FF FF FF FF C0 C1 FF FF 
      15   00:D0F0  FF FF C0 C1 FF FF FF FF FF FF FF FF 96 97 FF EB 
      16   00:D100                      	db 235,-1,-1,-1,117,118,-1,-1,-1,-1,-1,-1,192,193,-1,-1,-1,-1,192,193,-1,-1,-1,-1,-1,-1,-1,-1,182,183,-1,235
      16   00:D100  EB FF FF FF 75 76 FF FF FF FF FF FF C0 C1 FF FF 
      16   00:D110  FF FF C0 C1 FF FF FF FF FF FF FF FF B6 B7 FF EB 
      17   00:D120                      	db 235,-1,224,224,224,224,-1,-1,-1,-1,-1,-1,192,193,-1,-1,-1,-1,192,193,-1,-1,-1,-1,-1,-1,224,224,224,224,-1,235
      17   00:D120  EB FF E0 E0 E0 E0 FF FF FF FF FF FF C0 C1 FF FF 
      17   00:D130  FF FF C0 C1 FF FF FF FF FF FF E0 E0 E0 E0 FF EB 
      18   00:D140                      	db 235,-1,8,9,-1,-1,-1,-1,224,192,193,224,224,224,-1,-1,-1,-1,224,224,224,192,193,224,-1,-1,-1,-1,8,9,-1,235
      18   00:D140  EB FF 08 09 FF FF FF FF E0 C0 C1 E0 E0 E0 FF FF 
      18   00:D150  FF FF E0 E0 E0 C0 C1 E0 FF FF FF FF 08 09 FF EB 
      19   00:D160                      	db 235,-1,40,41,-1,-1,-1,-1,-1,192,193,-1,-1,224,-1,20,21,-1,224,-1,-1,192,193,-1,-1,-1,-1,-1,40,41,-1,235
      19   00:D160  EB FF 28 29 FF FF FF FF FF C0 C1 FF FF E0 FF 14 
      19   00:D170  15 FF E0 FF FF C0 C1 FF FF FF FF FF 28 29 FF EB 
      20   00:D180                      	db 235,-1,-1,-1,-1,-1,-1,-1,-1,192,193,-1,-1,-1,-1,52,53,-1,-1,-1,-1,192,193,-1,-1,-1,-1,-1,-1,-1,-1,235
      20   00:D180  EB FF FF FF FF FF FF FF FF C0 C1 FF FF FF FF 34 
      20   00:D190  35 FF FF FF FF C0 C1 FF FF FF FF FF FF FF FF EB 
      21   00:D1A0                      	db 235,-1,-1,-1,-1,39,-1,-1,-1,192,193,-1,-1,-1,225,225,225,225,225,-1,-1,192,193,-1,-1,-1,-1,39,-1,-1,-1,235
      21   00:D1A0  EB FF FF FF FF 27 FF FF FF C0 C1 FF FF FF E1 E1 
      21   00:D1B0  E1 E1 E1 FF FF C0 C1 FF FF FF FF 27 FF FF FF EB 
      22   00:D1C0                      	db 235,-1,-1,-1,-1,-1,-1,-1,-1,192,193,-1,-1,-1,-1,8,9,-1,-1,-1,-1,192,193,-1,-1,-1,-1,-1,-1,-1,-1,235
      22   00:D1C0  EB FF FF FF FF FF FF FF FF C0 C1 FF FF FF FF 08 
      22   00:D1D0  09 FF FF FF FF C0 C1 FF FF FF FF FF FF FF FF EB 
      23   00:D1E0                      	db 235,-1,-1,-1,-1,-1,-1,-1,-1,192,193,-1,-1,-1,-1,40,41,-1,-1,-1,-1,192,193,-1,-1,-1,-1,110,111,112,-1,235
      23   00:D1E0  EB FF FF FF FF FF FF FF FF C0 C1 FF FF FF FF 28 
      23   00:D1F0  29 FF FF FF FF C0 C1 FF FF FF FF 6E 6F 70 FF EB 
      24   00:D200                      	db 235,-1,-1,-1,-1,128,129,-1,224,224,224,224,224,-1,-1,-1,-1,-1,-1,-1,224,224,224,224,224,-1,-1,142,143,144,-1,235
      24   00:D200  EB FF FF FF FF 80 81 FF E0 E0 E0 E0 E0 FF FF FF 
      24   00:D210  FF FF FF FF E0 E0 E0 E0 E0 FF FF 8E 8F 90 FF EB 
      25   00:D220                      	db 235,-1,-1,-1,-1,160,161,-1,-1,-1,-1,-1,-1,-1,-1,-1,-1,-1,-1,-1,-1,-1,-1,-1,-1,-1,-1,174,175,176,-1,235
      25   00:D220  EB FF FF FF FF A0 A1 FF FF FF FF FF FF FF FF FF 
      25   00:D230  FF FF FF FF FF FF FF FF FF FF FF AE AF B0 FF EB 
      26   00:D240                      	db 235,192,193,224,224,224,224,224,-1,-1,-1,-1,39,-1,-1,-1,-1,-1,-1,-1,-1,-1,-1,39,-1,224,224,224,224,192,193,235
      26   00:D240  EB C0 C1 E0 E0 E0 E0 E0 FF FF FF FF 27 FF FF FF 
      26   00:D250  FF FF FF FF FF FF FF 27 FF E0 E0 E0 E0 C0 C1 EB 
      27   00:D260                      	db 235,192,193,168,168,168,168,-1,-1,-1,-1,-1,-1,-1,100,101,-1,-1,-1,-1,-1,-1,-1,-1,-1,-1,-1,-1,-1,192,193,235
      27   00:D260  EB C0 C1 A8 A8 A8 A8 FF FF FF FF FF FF FF 64 65 
      27   00:D270  FF FF FF FF FF FF FF FF FF FF FF FF FF C0 C1 EB 
      28   00:D280                      	db 235,192,193,168,-1,-1,168,-1,-1,-1,-1,-1,-1,-1,132,133,-1,16,17,18,19,-1,-1,-1,-1,-1,-1,-1,-1,192,193,235
      28   00:D280  EB C0 C1 A8 FF FF A8 FF FF FF FF FF FF FF 84 85 
      28   00:D290  FF 10 11 12 13 FF FF FF FF FF FF FF FF C0 C1 EB 
      29   00:D2A0                      	db 235,192,193,168,-1,-1,168,-1,-1,-1,-1,-1,-1,-1,164,165,-1,48,49,50,51,-1,-1,-1,-1,-1,-1,-1,-1,192,193,235
      29   00:D2A0  EB C0 C1 A8 FF FF A8 FF FF FF FF FF FF FF A4 A5 
      29   00:D2B0  FF 30 31 32 33 FF FF FF FF FF FF FF FF C0 C1 EB 
      30   00:D2C0                      	db 235,235,235,235,235,235,235,235,235,235,235,235,235,235,235,235,235,235,235,235,235,235,235,235,235,235,235,235,235,235,235,235
      30   00:D2C0  EB EB EB EB EB EB EB EB EB EB EB EB EB EB EB EB 
      30   00:D2D0  EB EB EB EB EB EB EB EB EB EB EB EB EB EB EB EB 
      31   00:D2E0                      FINAL: 

    LABELS
-------------------------------------------------
00:0000D000   INICIO
00:0000D2E0   FINAL


 Output: asm/level9.out
-------------------------------------------------

 Page: 00
  Org: 0000D000  Size: *  Used: 00000000

    No output

 Output: level9.bin
-------------------------------------------------

 Page: 00
  Org: 0000D000  Size: *  Used: 000002E7

   Address   Length Align   Label
   0000D000     743         INICIO
