Sjasm Z80 Assembler v0.42c - www.xl2s.tk             [2022.10.14 - 08:01:35]

asm/world0.asm
Errors: 0

       1   00:0000                        
       2   00:0000                              output "world0.bin"
       3   00:D000                      
       4   00:D000  FE                      db   #fe               ; ID archivo binario, siempre hay que poner el mismo -1FEh
       5   00:D001  00 D0                   dw   INICIO            ; dirección de inicio
       6   00:D003  E0 D2                   dw   FINAL - 1         ; dirección final
       7   00:D005  00 D0                   dw   INICIO             ; dircción del programa de ejecución (para cuando pongas r en bload"nombre_programa", r)
       8   00:D007                      
       9   00:D007                          org #d000 ; o 57344, org se utiliza para decirle al z80 en que posición de memoria RAM empieza nuestro programa en ensamblador
      10   00:D000                      
      11   00:D000                      INICIO:
      12   00:D000  C9                      ret ; el ret es necesario para que vuelva al basic
      13   00:D001                      level0:
      14   00:D001                          ;200 tiles de ancho x 23 de alto, dejamos 3 tiles en la parte de debajo para el marcador
      15   00:D001                      
      16   00:D001                      
      17   00:D001                      
      18   00:D001                      
      19   00:D001                      
      20   00:D001                      
      21   00:D001                      
      22   00:D001                      
      23   00:D001                      
      24   00:D001                          db -1,-1,-1,5,6,-1,-1,-1,-1,-1,-1,-1,-1,-1,8,9,-1,-1,5,6,-1,-1,-1,-1,-1,8,9,-1,-1,-1,-1,-1
      24   00:D001  FF FF FF 05 06 FF FF FF FF FF FF FF FF FF 08 09 
      24   00:D011  FF FF 05 06 FF FF FF FF FF 08 09 FF FF FF FF FF 
      25   00:D021                          db -1,-1,-1,37,38,-1,-1,-1,-1,-1,-1,-1,-1,-1,40,41,-1,-1,37,38,-1,-1,-1,-1,-1,40,41,-1,-1,-1,-1,-1
      25   00:D021  FF FF FF 25 26 FF FF FF FF FF FF FF FF FF 28 29 
      25   00:D031  FF FF 25 26 FF FF FF FF FF 28 29 FF FF FF FF FF 
      26   00:D041                          db -1,-1,-1,37,38,-1,-1,-1,70,-1,39,-1,-1,-1,-1,-1,-1,-1,37,38,-1,-1,39,-1,-1,-1,-1,-1,-1,100,101,-1
      26   00:D041  FF FF FF 25 26 FF FF FF 46 FF 27 FF FF FF FF FF 
      26   00:D051  FF FF 25 26 FF FF 27 FF FF FF FF FF FF 64 65 FF 
      27   00:D061                          db -1,-1,-1,37,38,-1,-1,-1,-1,-1,-1,-1,-1,-1,-1,-1,-1,-1,37,38,-1,-1,-1,-1,0,1,-1,-1,-1,132,133,-1
      27   00:D061  FF FF FF 25 26 FF FF FF FF FF FF FF FF FF FF FF 
      27   00:D071  FF FF 25 26 FF FF FF FF 00 01 FF FF FF 84 85 FF 
      28   00:D081                          db -1,-1,-1,37,38,-1,-1,-1,-1,-1,-1,-1,-1,-1,-1,-1,-1,-1,37,38,-1,-1,-1,-1,32,33,71,72,-1,164,165,-1
      28   00:D081  FF FF FF 25 26 FF FF FF FF FF FF FF FF FF FF FF 
      28   00:D091  FF FF 25 26 FF FF FF FF 20 21 47 48 FF A4 A5 FF 
      29   00:D0A1                          db 224,224,224,224,192,193,224,224,224,224,224,224,224,224,224,224,224,224,224,224,192,193,224,224,224,224,224,224,224,224,224,224
      29   00:D0A1  E0 E0 E0 E0 C0 C1 E0 E0 E0 E0 E0 E0 E0 E0 E0 E0 
      29   00:D0B1  E0 E0 E0 E0 C0 C1 E0 E0 E0 E0 E0 E0 E0 E0 E0 E0 
      30   00:D0C1                          db -1,-1,-1,-1,192,193,-1,-1,5,6,-1,-1,8,9,-1,-1,-1,-1,-1,-1,192,193,-1,-1,5,6,-1,-1,-1,-1,-1,-1
      30   00:D0C1  FF FF FF FF C0 C1 FF FF 05 06 FF FF 08 09 FF FF 
      30   00:D0D1  FF FF FF FF C0 C1 FF FF 05 06 FF FF FF FF FF FF 
      31   00:D0E1                          db -1,-1,-1,-1,192,193,-1,-1,37,38,-1,10,11,12,13,14,15,16,-1,-1,192,193,-1,-1,37,38,-1,-1,-1,-1,-1,-1
      31   00:D0E1  FF FF FF FF C0 C1 FF FF 25 26 FF 0A 0B 0C 0D 0E 
      31   00:D0F1  0F 10 FF FF C0 C1 FF FF 25 26 FF FF FF FF FF FF 
      32   00:D101                          db -1,72,-1,-1,192,193,-1,-1,37,38,-1,42,43,44,45,46,47,48,70,-1,192,193,-1,-1,37,38,-1,-1,-1,-1,-1,-1
      32   00:D101  FF 48 FF FF C0 C1 FF FF 25 26 FF 2A 2B 2C 2D 2E 
      32   00:D111  2F 30 46 FF C0 C1 FF FF 25 26 FF FF FF FF FF FF 
      33   00:D121                          db -1,-1,-1,-1,192,193,-1,-1,37,38,-1,74,75,76,77,78,79,80,81,-1,192,193,-1,-1,37,38,-1,-1,-1,-1,-1,-1
      33   00:D121  FF FF FF FF C0 C1 FF FF 25 26 FF 4A 4B 4C 4D 4E 
      33   00:D131  4F 50 51 FF C0 C1 FF FF 25 26 FF FF FF FF FF FF 
      34   00:D141                          db -1,-1,-1,-1,192,193,-1,-1,37,38,-1,-1,-1,108,109,110,111,112,-1,-1,192,193,-1,-1,37,38,-1,-1,-1,-1,-1,-1
      34   00:D141  FF FF FF FF C0 C1 FF FF 25 26 FF FF FF 6C 6D 6E 
      34   00:D151  6F 70 FF FF C0 C1 FF FF 25 26 FF FF FF FF FF FF 
      35   00:D161                          db 224,224,224,224,224,224,224,224,224,224,224,192,193,224,224,224,224,224,224,224,224,224,224,224,224,224,224,224,224,224,224,224
      35   00:D161  E0 E0 E0 E0 E0 E0 E0 E0 E0 E0 E0 C0 C1 E0 E0 E0 
      35   00:D171  E0 E0 E0 E0 E0 E0 E0 E0 E0 E0 E0 E0 E0 E0 E0 E0 
      36   00:D181                          db -1,-1,-1,5,6,-1,-1,8,9,-1,-1,192,193,-1,-1,-1,-1,-1,5,6,-1,-1,-1,-1,-1,-1,8,9,-1,-1,-1,-1
      36   00:D181  FF FF FF 05 06 FF FF 08 09 FF FF C0 C1 FF FF FF 
      36   00:D191  FF FF 05 06 FF FF FF FF FF FF 08 09 FF FF FF FF 
      37   00:D1A1                          db -1,-1,-1,37,38,-1,-1,40,41,-1,-1,192,193,31,31,31,31,31,37,38,68,17,18,19,20,21,40,41,-1,-1,72,-1
      37   00:D1A1  FF FF FF 25 26 FF FF 28 29 FF FF C0 C1 1F 1F 1F 
      37   00:D1B1  1F 1F 25 26 44 11 12 13 14 15 28 29 FF FF 48 FF 
      38   00:D1C1                          db -1,-1,-1,37,38,-1,-1,-1,-1,-1,-1,192,193,31,198,198,198,198,37,38,-1,49,50,51,52,53,-1,-1,-1,-1,-1,-1
      38   00:D1C1  FF FF FF 25 26 FF FF FF FF FF FF C0 C1 1F C6 C6 
      38   00:D1D1  C6 C6 25 26 FF 31 32 33 34 35 FF FF FF FF FF FF 
      39   00:D1E1                          db 128,129,-1,37,38,-1,0,1,-1,-1,-1,192,193,31,198,-1,-1,198,37,38,-1,-1,82,83,84,85,-1,-1,0,1,-1,-1
      39   00:D1E1  80 81 FF 25 26 FF 00 01 FF FF FF C0 C1 1F C6 FF 
      39   00:D1F1  FF C6 25 26 FF FF 52 53 54 55 FF FF 00 01 FF FF 
      40   00:D201                          db 160,161,-1,37,38,-1,32,33,-1,-1,-1,192,193,31,198,-1,-1,198,37,38,-1,113,114,115,116,117,-1,-1,32,33,-1,-1
      40   00:D201  A0 A1 FF 25 26 FF 20 21 FF FF FF C0 C1 1F C6 FF 
      40   00:D211  FF C6 25 26 FF 71 72 73 74 75 FF FF 20 21 FF FF 
      41   00:D221                          db 224,224,224,224,192,193,224,224,224,224,224,224,224,224,224,224,224,224,224,224,224,192,193,224,224,224,224,224,224,224,224,224
      41   00:D221  E0 E0 E0 E0 C0 C1 E0 E0 E0 E0 E0 E0 E0 E0 E0 E0 
      41   00:D231  E0 E0 E0 E0 E0 C0 C1 E0 E0 E0 E0 E0 E0 E0 E0 E0 
      42   00:D241                          db -1,-1,-1,-1,192,193,-1,-1,8,9,-1,-1,-1,5,6,-1,-1,8,9,-1,-1,192,193,-1,-1,-1,-1,5,6,-1,-1,-1
      42   00:D241  FF FF FF FF C0 C1 FF FF 08 09 FF FF FF 05 06 FF 
      42   00:D251  FF 08 09 FF FF C0 C1 FF FF FF FF 05 06 FF FF FF 
      43   00:D261                          db 68,69,-1,-1,192,193,-1,-1,40,41,-1,-1,-1,37,38,-1,-1,40,41,-1,-1,192,193,-1,-1,-1,-1,37,38,-1,39,-1
      43   00:D261  44 45 FF FF C0 C1 FF FF 28 29 FF FF FF 25 26 FF 
      43   00:D271  FF 28 29 FF FF C0 C1 FF FF FF FF 25 26 FF 27 FF 
      44   00:D281                          db -1,-1,-1,-1,192,193,-1,-1,-1,-1,0,1,-1,37,38,-1,68,69,-1,-1,-1,192,193,-1,-1,72,-1,37,38,-1,-1,-1
      44   00:D281  FF FF FF FF C0 C1 FF FF FF FF 00 01 FF 25 26 FF 
      44   00:D291  44 45 FF FF FF C0 C1 FF FF 48 FF 25 26 FF FF FF 
      45   00:D2A1                          db -1,-1,-1,-1,192,193,-1,-1,-1,-1,32,33,-1,37,38,-1,-1,-1,-1,-1,-1,192,193,-1,-1,-1,-1,37,38,-1,-1,-1
      45   00:D2A1  FF FF FF FF C0 C1 FF FF FF FF 20 21 FF 25 26 FF 
      45   00:D2B1  FF FF FF FF FF C0 C1 FF FF FF FF 25 26 FF FF FF 
      46   00:D2C1                          db 224,224,224,224,224,224,224,224,224,224,224,224,224,224,224,224,224,224,224,224,224,224,224,224,224,224,224,224,224,224,224,224
      46   00:D2C1  E0 E0 E0 E0 E0 E0 E0 E0 E0 E0 E0 E0 E0 E0 E0 E0 
      46   00:D2D1  E0 E0 E0 E0 E0 E0 E0 E0 E0 E0 E0 E0 E0 E0 E0 E0 
      47   00:D2E1                      
      48   00:D2E1                      FINAL:

    LABELS
-------------------------------------------------
00:0000D000   INICIO
00:0000D001 X level0
00:0000D2E1   FINAL


 Output: asm/world0.out
-------------------------------------------------

 Page: 00
  Org: 0000D000  Size: *  Used: 00000000

    No output

 Output: world0.bin
-------------------------------------------------

 Page: 00
  Org: 0000D000  Size: *  Used: 000002E8

   Address   Length Align   Label
   0000D000     744         INICIO
