Sjasm Z80 Assembler v0.42c - www.xl2s.tk             [2023.04.01 - 19:45:31]

src/world0.asm
Errors: 0

       1   00:0000                              output "world0.bin"
       2   00:C000                      
       3   00:C000  FE                      db   #fe               ; ID archivo binario, siempre hay que poner el mismo 0FEh
       4   00:C001  00 C0                   dw   INICIO            ; dirección de inicio
       5   00:C003  00 CC                   dw   FINAL - 1         ; dirección final
       6   00:C005  00 C0                   dw   INICIO             ; dircción del programa de ejecución (para cuando pongas r en bload"nombre_programa", r)
       7   00:C007                      
       8   00:C007                          org #c000 ; o 57344, org se utiliza para decirle al z80 en que posición de memoria RAM empieza nuestro programa en ensamblador
       9   00:C000                      
      10   00:C000                      INICIO:
      11   00:C000  C9                      ret ; el ret es necesario para que vuelva al basic
      12   00:C001                             
      13   00:C001                      Level0:
      14   00:C001                          db 100,101,-1,-1,-1,-1,-1,-1,-1,-1,-1,-1,-1,-1,-1,-1,-1,-1,-1,-1,-1,-1,-1,-1,-1,-1,-1,-1,-1,-1,-1,-1
      14   00:C001  64 65 FF FF FF FF FF FF FF FF FF FF FF FF FF FF 
      14   00:C011  FF FF FF FF FF FF FF FF FF FF FF FF FF FF FF FF 
      15   00:C021                          db 132,133,-1,-1,-1,-1,-1,-1,-1,-1,-1,-1,-1,-1,-1,-1,-1,-1,-1,-1,-1,-1,-1,-1,-1,-1,-1,-1,-1,-1,-1,-1
      15   00:C021  84 85 FF FF FF FF FF FF FF FF FF FF FF FF FF FF 
      15   00:C031  FF FF FF FF FF FF FF FF FF FF FF FF FF FF FF FF 
      16   00:C041                          db 164,165,-1,-1,-1,-1,-1,-1,-1,-1,-1,-1,-1,-1,-1,-1,-1,-1,-1,-1,-1,-1,-1,-1,-1,-1,-1,-1,-1,-1,4,-1
      16   00:C041  A4 A5 FF FF FF FF FF FF FF FF FF FF FF FF FF FF 
      16   00:C051  FF FF FF FF FF FF FF FF FF FF FF FF FF FF 04 FF 
      17   00:C061                          db 224,224,224,224,224,224,224,224,224,224,192,193,224,224,224,224,224,224,224,224,224,224,224,224,224,224,224,224,224,224,224,225
      17   00:C061  E0 E0 E0 E0 E0 E0 E0 E0 E0 E0 C0 C1 E0 E0 E0 E0 
      17   00:C071  E0 E0 E0 E0 E0 E0 E0 E0 E0 E0 E0 E0 E0 E0 E0 E1 
      18   00:C081                          db -1,-1,-1,-1,-1,-1,-1,-1,-1,-1,192,193,-1,-1,-1,-1,-1,-1,-1,-1,-1,-1,-1,-1,-1,-1,-1,-1,-1,-1,-1,-1
      18   00:C081  FF FF FF FF FF FF FF FF FF FF C0 C1 FF FF FF FF 
      18   00:C091  FF FF FF FF FF FF FF FF FF FF FF FF FF FF FF FF 
      19   00:C0A1                          db -1,-1,-1,-1,-1,-1,-1,-1,-1,-1,192,193,-1,-1,-1,-1,-1,-1,-1,-1,-1,-1,-1,-1,-1,-1,-1,-1,-1,-1,-1,-1
      19   00:C0A1  FF FF FF FF FF FF FF FF FF FF C0 C1 FF FF FF FF 
      19   00:C0B1  FF FF FF FF FF FF FF FF FF FF FF FF FF FF FF FF 
      20   00:C0C1                          db -1,-1,-1,-1,-1,-1,-1,-1,-1,-1,192,193,-1,-1,-1,-1,-1,-1,-1,-1,-1,-1,-1,-1,-1,-1,-1,-1,-1,-1,-1,-1
      20   00:C0C1  FF FF FF FF FF FF FF FF FF FF C0 C1 FF FF FF FF 
      20   00:C0D1  FF FF FF FF FF FF FF FF FF FF FF FF FF FF FF FF 
      21   00:C0E1                          db -1,-1,-1,-1,-1,-1,-1,-1,-1,-1,192,193,-1,-1,-1,-1,-1,-1,-1,-1,-1,-1,-1,-1,-1,-1,-1,-1,-1,-1,128,129
      21   00:C0E1  FF FF FF FF FF FF FF FF FF FF C0 C1 FF FF FF FF 
      21   00:C0F1  FF FF FF FF FF FF FF FF FF FF FF FF FF FF 80 81 
      22   00:C101                          db 4,-1,-1,-1,-1,-1,-1,-1,-1,-1,192,193,-1,-1,-1,-1,-1,-1,-1,-1,-1,-1,-1,-1,-1,-1,-1,-1,-1,-1,160,161
      22   00:C101  04 FF FF FF FF FF FF FF FF FF C0 C1 FF FF FF FF 
      22   00:C111  FF FF FF FF FF FF FF FF FF FF FF FF FF FF A0 A1 
      23   00:C121                          db 225,225,225,225,225,225,192,193,225,225,225,225,225,225,225,225,225,225,225,225,225,192,193,225,225,225,225,225,225,225,225,225
      23   00:C121  E1 E1 E1 E1 E1 E1 C0 C1 E1 E1 E1 E1 E1 E1 E1 E1 
      23   00:C131  E1 E1 E1 E1 E1 C0 C1 E1 E1 E1 E1 E1 E1 E1 E1 E1 
      24   00:C141                          db -1,-1,-1,-1,-1,-1,192,193,-1,-1,-1,-1,-1,-1,-1,-1,-1,-1,-1,-1,-1,192,193,-1,-1,-1,-1,-1,-1,-1,-1,-1
      24   00:C141  FF FF FF FF FF FF C0 C1 FF FF FF FF FF FF FF FF 
      24   00:C151  FF FF FF FF FF C0 C1 FF FF FF FF FF FF FF FF FF 
      25   00:C161                          db -1,-1,-1,-1,-1,-1,192,193,-1,-1,-1,-1,-1,-1,-1,-1,-1,-1,-1,-1,-1,192,193,-1,-1,-1,-1,-1,-1,-1,-1,-1
      25   00:C161  FF FF FF FF FF FF C0 C1 FF FF FF FF FF FF FF FF 
      25   00:C171  FF FF FF FF FF C0 C1 FF FF FF FF FF FF FF FF FF 
      26   00:C181                          db -1,-1,-1,-1,-1,-1,192,193,-1,-1,-1,-1,104,104,104,104,-1,-1,-1,-1,-1,192,193,-1,-1,-1,-1,-1,-1,-1,-1,-1
      26   00:C181  FF FF FF FF FF FF C0 C1 FF FF FF FF 68 68 68 68 
      26   00:C191  FF FF FF FF FF C0 C1 FF FF FF FF FF FF FF FF FF 
      27   00:C1A1                          db -1,-1,-1,-1,-1,-1,192,193,-1,-1,-1,-1,104,71,71,104,-1,-1,-1,-1,-1,192,193,-1,-1,-1,-1,-1,-1,-1,-1,-1
      27   00:C1A1  FF FF FF FF FF FF C0 C1 FF FF FF FF 68 47 47 68 
      27   00:C1B1  FF FF FF FF FF C0 C1 FF FF FF FF FF FF FF FF FF 
      28   00:C1C1                          db -1,-1,-1,-1,-1,-1,192,193,-1,-1,-1,-1,104,37,37,104,-1,-1,-1,-1,-1,192,193,-1,-1,-1,-1,-1,-1,-1,4,-1
      28   00:C1C1  FF FF FF FF FF FF C0 C1 FF FF FF FF 68 25 25 68 
      28   00:C1D1  FF FF FF FF FF C0 C1 FF FF FF FF FF FF FF 04 FF 
      29   00:C1E1                          db 224,224,224,224,224,224,224,224,224,224,224,224,224,224,224,224,224,224,224,224,224,224,224,224,224,224,224,224,224,224,224,225
      29   00:C1E1  E0 E0 E0 E0 E0 E0 E0 E0 E0 E0 E0 E0 E0 E0 E0 E0 
      29   00:C1F1  E0 E0 E0 E0 E0 E0 E0 E0 E0 E0 E0 E0 E0 E0 E0 E1 
      30   00:C201                      
      31   00:C201                      level1:
      32   00:C201                          db 225,225,225,225,225,225,225,225,225,225,225,225,225,225,225,225,225,225,225,225,225,225,225,225,225,225,225,225,225,225,225,225
      32   00:C201  E1 E1 E1 E1 E1 E1 E1 E1 E1 E1 E1 E1 E1 E1 E1 E1 
      32   00:C211  E1 E1 E1 E1 E1 E1 E1 E1 E1 E1 E1 E1 E1 E1 E1 E1 
      33   00:C221                          db 226,227,-1,-1,-1,-1,-1,-1,-1,-1,-1,-1,-1,-1,-1,-1,-1,-1,-1,-1,-1,-1,-1,-1,-1,-1,-1,-1,-1,-1,226,226
      33   00:C221  E2 E3 FF FF FF FF FF FF FF FF FF FF FF FF FF FF 
      33   00:C231  FF FF FF FF FF FF FF FF FF FF FF FF FF FF E2 E2 
      34   00:C241                          db 226,227,100,101,-1,-1,-1,-1,-1,-1,-1,-1,-1,-1,-1,-1,-1,-1,-1,-1,-1,-1,-1,-1,-1,-1,-1,-1,-1,-1,226,226
      34   00:C241  E2 E3 64 65 FF FF FF FF FF FF FF FF FF FF FF FF 
      34   00:C251  FF FF FF FF FF FF FF FF FF FF FF FF FF FF E2 E2 
      35   00:C261                          db 226,227,132,133,-1,-1,-1,-1,-1,-1,-1,-1,-1,-1,-1,-1,-1,-1,-1,-1,-1,-1,-1,-1,-1,-1,-1,-1,-1,-1,226,226
      35   00:C261  E2 E3 84 85 FF FF FF FF FF FF FF FF FF FF FF FF 
      35   00:C271  FF FF FF FF FF FF FF FF FF FF FF FF FF FF E2 E2 
      36   00:C281                          db 226,227,164,165,-1,-1,-1,-1,-1,-1,-1,-1,-1,-1,-1,-1,-1,-1,-1,4,-1,-1,-1,-1,-1,-1,-1,-1,-1,-1,226,226
      36   00:C281  E2 E3 A4 A5 FF FF FF FF FF FF FF FF FF FF FF FF 
      36   00:C291  FF FF FF 04 FF FF FF FF FF FF FF FF FF FF E2 E2 
      37   00:C2A1                          db 224,224,224,224,224,224,224,224,224,224,192,193,-1,-1,-1,-1,192,193,224,224,224,224,224,224,-1,-1,-1,192,193,224,224,224
      37   00:C2A1  E0 E0 E0 E0 E0 E0 E0 E0 E0 E0 C0 C1 FF FF FF FF 
      37   00:C2B1  C0 C1 E0 E0 E0 E0 E0 E0 FF FF FF C0 C1 E0 E0 E0 
      38   00:C2C1                          db 226,227,-1,-1,-1,-1,-1,-1,-1,-1,192,193,-1,-1,-1,-1,192,193,-1,-1,-1,-1,-1,-1,-1,-1,-1,192,193,-1,226,227
      38   00:C2C1  E2 E3 FF FF FF FF FF FF FF FF C0 C1 FF FF FF FF 
      38   00:C2D1  C0 C1 FF FF FF FF FF FF FF FF FF C0 C1 FF E2 E3 
      39   00:C2E1                          db 226,227,-1,-1,-1,-1,-1,-1,-1,-1,192,193,104,104,104,104,192,193,-1,-1,-1,-1,-1,-1,-1,-1,-1,192,193,-1,226,227
      39   00:C2E1  E2 E3 FF FF FF FF FF FF FF FF C0 C1 68 68 68 68 
      39   00:C2F1  C0 C1 FF FF FF FF FF FF FF FF FF C0 C1 FF E2 E3 
      40   00:C301                          db 226,227,-1,-1,-1,-1,-1,-1,-1,-1,192,193,104,37,37,104,192,193,-1,-1,-1,-1,-1,-1,-1,-1,-1,192,193,-1,226,227
      40   00:C301  E2 E3 FF FF FF FF FF FF FF FF C0 C1 68 25 25 68 
      40   00:C311  C0 C1 FF FF FF FF FF FF FF FF FF C0 C1 FF E2 E3 
      41   00:C321                          db 226,227,4,-1,-1,-1,-1,-1,-1,-1,192,193,104,37,37,104,192,193,-1,-1,-1,-1,-1,-1,-1,-1,-1,192,193,-1,226,227
      41   00:C321  E2 E3 04 FF FF FF FF FF FF FF C0 C1 68 25 25 68 
      41   00:C331  C0 C1 FF FF FF FF FF FF FF FF FF C0 C1 FF E2 E3 
      42   00:C341                          db 225,225,225,225,225,225,225,225,225,225,225,225,225,225,225,225,225,225,225,225,225,225,225,225,192,193,225,225,225,225,225,225
      42   00:C341  E1 E1 E1 E1 E1 E1 E1 E1 E1 E1 E1 E1 E1 E1 E1 E1 
      42   00:C351  E1 E1 E1 E1 E1 E1 E1 E1 C0 C1 E1 E1 E1 E1 E1 E1 
      43   00:C361                          db 226,227,-1,-1,-1,-1,-1,-1,-1,-1,-1,-1,-1,-1,-1,-1,-1,-1,-1,-1,-1,-1,-1,-1,192,193,-1,-1,-1,-1,226,227
      43   00:C361  E2 E3 FF FF FF FF FF FF FF FF FF FF FF FF FF FF 
      43   00:C371  FF FF FF FF FF FF FF FF C0 C1 FF FF FF FF E2 E3 
      44   00:C381                          db 226,227,-1,-1,-1,-1,-1,-1,-1,-1,-1,-1,-1,-1,-1,-1,-1,-1,-1,-1,-1,-1,-1,-1,192,193,-1,-1,-1,-1,226,227
      44   00:C381  E2 E3 FF FF FF FF FF FF FF FF FF FF FF FF FF FF 
      44   00:C391  FF FF FF FF FF FF FF FF C0 C1 FF FF FF FF E2 E3 
      45   00:C3A1                          db 226,227,128,129,-1,-1,-1,-1,-1,-1,-1,-1,-1,-1,-1,-1,-1,-1,-1,-1,-1,-1,-1,-1,192,193,-1,-1,-1,-1,226,227
      45   00:C3A1  E2 E3 80 81 FF FF FF FF FF FF FF FF FF FF FF FF 
      45   00:C3B1  FF FF FF FF FF FF FF FF C0 C1 FF FF FF FF E2 E3 
      46   00:C3C1                          db 226,227,160,161,-1,-1,-1,-1,-1,-1,-1,-1,-1,-1,-1,-1,-1,-1,-1,-1,-1,-1,-1,-1,192,193,-1,-1,-1,4,226,227
      46   00:C3C1  E2 E3 A0 A1 FF FF FF FF FF FF FF FF FF FF FF FF 
      46   00:C3D1  FF FF FF FF FF FF FF FF C0 C1 FF FF FF 04 E2 E3 
      47   00:C3E1                          db 224,224,224,224,224,224,224,224,224,224,224,224,224,224,224,224,224,224,224,224,224,224,224,224,224,224,224,224,224,224,224,224
      47   00:C3E1  E0 E0 E0 E0 E0 E0 E0 E0 E0 E0 E0 E0 E0 E0 E0 E0 
      47   00:C3F1  E0 E0 E0 E0 E0 E0 E0 E0 E0 E0 E0 E0 E0 E0 E0 E0 
      48   00:C401                      
      49   00:C401                      level2:
      50   00:C401                          db 224,224,224,224,224,224,224,224,224,224,224,224,224,224,224,224,224,224,224,224,224,224,224,224,224,224,224,224,224,224,224,224
      50   00:C401  E0 E0 E0 E0 E0 E0 E0 E0 E0 E0 E0 E0 E0 E0 E0 E0 
      50   00:C411  E0 E0 E0 E0 E0 E0 E0 E0 E0 E0 E0 E0 E0 E0 E0 E0 
      51   00:C421                          db 224,224,-1,-1,-1,-1,-1,-1,224,-1,-1,-1,-1,-1,-1,-1,-1,-1,-1,-1,-1,-1,-1,224,-1,-1,-1,-1,-1,100,101,224
      51   00:C421  E0 E0 FF FF FF FF FF FF E0 FF FF FF FF FF FF FF 
      51   00:C431  FF FF FF FF FF FF FF E0 FF FF FF FF FF 64 65 E0 
      52   00:C441                          db 224,-1,-1,-1,-1,-1,-1,-1,224,-1,-1,-1,-1,-1,-1,-1,-1,-1,-1,-1,-1,-1,-1,224,-1,-1,-1,-1,-1,132,133,224
      52   00:C441  E0 FF FF FF FF FF FF FF E0 FF FF FF FF FF FF FF 
      52   00:C451  FF FF FF FF FF FF FF E0 FF FF FF FF FF 84 85 E0 
      53   00:C461                          db 224,-1,-1,224,224,-1,-1,-1,224,4,-1,-1,-1,-1,-1,-1,-1,-1,-1,-1,-1,-1,-1,224,-1,-1,-1,-1,-1,164,165,224
      53   00:C461  E0 FF FF E0 E0 FF FF FF E0 04 FF FF FF FF FF FF 
      53   00:C471  FF FF FF FF FF FF FF E0 FF FF FF FF FF A4 A5 E0 
      54   00:C481                          db 224,-1,-1,-1,224,-1,-1,-1,224,224,224,224,224,224,224,224,224,-1,-1,-1,-1,-1,-1,224,-1,-1,-1,192,193,224,224,224
      54   00:C481  E0 FF FF FF E0 FF FF FF E0 E0 E0 E0 E0 E0 E0 E0 
      54   00:C491  E0 FF FF FF FF FF FF E0 FF FF FF C0 C1 E0 E0 E0 
      55   00:C4A1                          db 224,224,-1,-1,224,-1,-1,-1,-1,-1,-1,-1,-1,-1,-1,-1,-1,224,-1,-1,-1,-1,-1,224,-1,-1,-1,192,193,-1,-1,224
      55   00:C4A1  E0 E0 FF FF E0 FF FF FF FF FF FF FF FF FF FF FF 
      55   00:C4B1  FF E0 FF FF FF FF FF E0 FF FF FF C0 C1 FF FF E0 
      56   00:C4C1                          db 224,-1,-1,-1,224,-1,-1,-1,-1,-1,-1,-1,-1,-1,-1,-1,-1,-1,224,-1,-1,-1,-1,224,-1,-1,-1,192,193,-1,-1,224
      56   00:C4C1  E0 FF FF FF E0 FF FF FF FF FF FF FF FF FF FF FF 
      56   00:C4D1  FF FF E0 FF FF FF FF E0 FF FF FF C0 C1 FF FF E0 
      57   00:C4E1                          db 224,-1,-1,224,224,-1,-1,-1,-1,-1,-1,-1,-1,-1,-1,-1,-1,-1,224,224,224,192,193,224,-1,-1,-1,192,193,-1,-1,224
      57   00:C4E1  E0 FF FF E0 E0 FF FF FF FF FF FF FF FF FF FF FF 
      57   00:C4F1  FF FF E0 E0 E0 C0 C1 E0 FF FF FF C0 C1 FF FF E0 
      58   00:C501                          db 224,-1,-1,-1,224,-1,-1,-1,-1,-1,-1,-1,-1,-1,-1,-1,-1,-1,-1,-1,-1,192,193,-1,-1,-1,-1,192,193,-1,-1,224
      58   00:C501  E0 FF FF FF E0 FF FF FF FF FF FF FF FF FF FF FF 
      58   00:C511  FF FF FF FF FF C0 C1 FF FF FF FF C0 C1 FF FF E0 
      59   00:C521                          db 224,224,-1,-1,224,-1,-1,-1,-1,-1,-1,-1,-1,-1,-1,-1,-1,-1,-1,-1,-1,192,193,-1,-1,128,129,192,193,-1,-1,224
      59   00:C521  E0 E0 FF FF E0 FF FF FF FF FF FF FF FF FF FF FF 
      59   00:C531  FF FF FF FF FF C0 C1 FF FF 80 81 C0 C1 FF FF E0 
      60   00:C541                          db 224,-1,-1,-1,224,-1,-1,-1,-1,-1,-1,-1,-1,-1,-1,-1,-1,-1,-1,-1,-1,192,193,-1,-1,160,161,192,193,-1,-1,224
      60   00:C541  E0 FF FF FF E0 FF FF FF FF FF FF FF FF FF FF FF 
      60   00:C551  FF FF FF FF FF C0 C1 FF FF A0 A1 C0 C1 FF FF E0 
      61   00:C561                          db 224,-1,-1,224,224,224,192,193,224,-1,-1,224,224,224,224,224,224,224,224,224,224,224,224,192,193,224,224,224,224,224,224,224
      61   00:C561  E0 FF FF E0 E0 E0 C0 C1 E0 FF FF E0 E0 E0 E0 E0 
      61   00:C571  E0 E0 E0 E0 E0 E0 E0 C0 C1 E0 E0 E0 E0 E0 E0 E0 
      62   00:C581                          db 224,-1,-1,-1,-1,-1,192,193,224,-1,-1,-1,-1,-1,-1,-1,-1,-1,-1,-1,-1,-1,-1,192,193,-1,-1,-1,-1,-1,-1,224
      62   00:C581  E0 FF FF FF FF FF C0 C1 E0 FF FF FF FF FF FF FF 
      62   00:C591  FF FF FF FF FF FF FF C0 C1 FF FF FF FF FF FF E0 
      63   00:C5A1                          db 224,-1,-1,-1,-1,-1,192,193,224,-1,-1,-1,-1,-1,-1,-1,-1,-1,-1,-1,-1,-1,-1,192,193,-1,-1,-1,-1,-1,-1,224
      63   00:C5A1  E0 FF FF FF FF FF C0 C1 E0 FF FF FF FF FF FF FF 
      63   00:C5B1  FF FF FF FF FF FF FF C0 C1 FF FF FF FF FF FF E0 
      64   00:C5C1                          db 224,4,-1,-1,-1,-1,192,193,224,-1,-1,-1,-1,-1,-1,-1,-1,-1,-1,-1,-1,-1,-1,192,193,-1,-1,-1,-1,-1,-1,224
      64   00:C5C1  E0 04 FF FF FF FF C0 C1 E0 FF FF FF FF FF FF FF 
      64   00:C5D1  FF FF FF FF FF FF FF C0 C1 FF FF FF FF FF FF E0 
      65   00:C5E1                          db 224,224,224,224,224,224,224,224,224,224,224,224,224,224,224,224,224,224,224,224,224,224,224,224,224,224,224,224,224,224,224,224
      65   00:C5E1  E0 E0 E0 E0 E0 E0 E0 E0 E0 E0 E0 E0 E0 E0 E0 E0 
      65   00:C5F1  E0 E0 E0 E0 E0 E0 E0 E0 E0 E0 E0 E0 E0 E0 E0 E0 
      66   00:C601                      level3:
      67   00:C601                          db -1,-1,-1,-1,-1,-1,-1,-1,-1,-1,-1,-1,-1,-1,-1,-1,-1,-1,-1,-1,-1,-1,-1,-1,-1,-1,-1,-1,-1,-1,-1,-1
      67   00:C601  FF FF FF FF FF FF FF FF FF FF FF FF FF FF FF FF 
      67   00:C611  FF FF FF FF FF FF FF FF FF FF FF FF FF FF FF FF 
      68   00:C621                          db 100,101,-1,-1,-1,-1,-1,-1,-1,-1,-1,-1,-1,-1,-1,-1,-1,-1,-1,-1,-1,-1,-1,-1,-1,-1,-1,-1,-1,-1,-1,-1
      68   00:C621  64 65 FF FF FF FF FF FF FF FF FF FF FF FF FF FF 
      68   00:C631  FF FF FF FF FF FF FF FF FF FF FF FF FF FF FF FF 
      69   00:C641                          db 132,133,-1,-1,-1,-1,-1,-1,-1,-1,-1,-1,-1,-1,-1,-1,-1,-1,-1,-1,-1,-1,-1,-1,-1,-1,-1,-1,-1,-1,-1,-1
      69   00:C641  84 85 FF FF FF FF FF FF FF FF FF FF FF FF FF FF 
      69   00:C651  FF FF FF FF FF FF FF FF FF FF FF FF FF FF FF FF 
      70   00:C661                          db 164,165,-1,-1,-1,-1,-1,-1,-1,-1,-1,-1,-1,-1,-1,-1,-1,-1,-1,-1,-1,-1,-1,-1,-1,-1,-1,-1,-1,4,-1,-1
      70   00:C661  A4 A5 FF FF FF FF FF FF FF FF FF FF FF FF FF FF 
      70   00:C671  FF FF FF FF FF FF FF FF FF FF FF FF FF 04 FF FF 
      71   00:C681                          db 224,224,224,224,224,224,224,192,193,224,224,224,-1,-1,-1,-1,-1,-1,-1,-1,-1,-1,-1,-1,-1,224,224,224,224,224,192,193
      71   00:C681  E0 E0 E0 E0 E0 E0 E0 C0 C1 E0 E0 E0 FF FF FF FF 
      71   00:C691  FF FF FF FF FF FF FF FF FF E0 E0 E0 E0 E0 C0 C1 
      72   00:C6A1                          db -1,-1,-1,-1,-1,-1,-1,192,193,-1,-1,-1,-1,-1,-1,-1,-1,-1,-1,-1,-1,-1,-1,-1,-1,224,-1,-1,-1,-1,192,193
      72   00:C6A1  FF FF FF FF FF FF FF C0 C1 FF FF FF FF FF FF FF 
      72   00:C6B1  FF FF FF FF FF FF FF FF FF E0 FF FF FF FF C0 C1 
      73   00:C6C1                          db -1,-1,-1,-1,-1,-1,-1,192,193,-1,-1,-1,-1,-1,-1,-1,-1,-1,-1,-1,-1,-1,224,224,224,224,-1,-1,-1,-1,192,193
      73   00:C6C1  FF FF FF FF FF FF FF C0 C1 FF FF FF FF FF FF FF 
      73   00:C6D1  FF FF FF FF FF FF E0 E0 E0 E0 FF FF FF FF C0 C1 
      74   00:C6E1                          db -1,4,-1,-1,-1,-1,-1,192,193,-1,-1,-1,-1,-1,-1,-1,-1,-1,-1,-1,-1,-1,224,-1,-1,-1,-1,-1,-1,-1,192,193
      74   00:C6E1  FF 04 FF FF FF FF FF C0 C1 FF FF FF FF FF FF FF 
      74   00:C6F1  FF FF FF FF FF FF E0 FF FF FF FF FF FF FF C0 C1 
      75   00:C701                          db 224,224,224,224,224,224,224,192,193,-1,-1,-1,-1,-1,-1,-1,224,224,224,224,224,224,224,-1,-1,-1,-1,192,193,225,225,225
      75   00:C701  E0 E0 E0 E0 E0 E0 E0 C0 C1 FF FF FF FF FF FF FF 
      75   00:C711  E0 E0 E0 E0 E0 E0 E0 FF FF FF FF C0 C1 E1 E1 E1 
      76   00:C721                          db -1,-1,-1,-1,-1,-1,-1,192,193,-1,-1,-1,-1,-1,-1,-1,224,-1,-1,-1,-1,-1,-1,-1,-1,-1,-1,192,193,-1,-1,224
      76   00:C721  FF FF FF FF FF FF FF C0 C1 FF FF FF FF FF FF FF 
      76   00:C731  E0 FF FF FF FF FF FF FF FF FF FF C0 C1 FF FF E0 
      77   00:C741                          db -1,-1,-1,-1,-1,-1,-1,224,224,224,224,192,193,224,224,224,224,-1,-1,-1,-1,-1,-1,-1,-1,-1,-1,192,193,-1,-1,224
      77   00:C741  FF FF FF FF FF FF FF E0 E0 E0 E0 C0 C1 E0 E0 E0 
      77   00:C751  E0 FF FF FF FF FF FF FF FF FF FF C0 C1 FF FF E0 
      78   00:C761                          db -1,-1,-1,-1,-1,-1,-1,-1,-1,-1,-1,192,193,-1,-1,-1,-1,-1,-1,168,169,-1,-1,-1,-1,-1,-1,192,193,-1,-1,224
      78   00:C761  FF FF FF FF FF FF FF FF FF FF FF C0 C1 FF FF FF 
      78   00:C771  FF FF FF A8 A9 FF FF FF FF FF FF C0 C1 FF FF E0 
      79   00:C781                          db -1,-1,-1,-1,-1,4,-1,-1,-1,-1,-1,192,193,-1,-1,-1,-1,-1,-1,200,201,-1,-1,-1,-1,-1,-1,192,193,-1,-1,224
      79   00:C781  FF FF FF FF FF 04 FF FF FF FF FF C0 C1 FF FF FF 
      79   00:C791  FF FF FF C8 C9 FF FF FF FF FF FF C0 C1 FF FF E0 
      80   00:C7A1                          db -1,-1,-1,-1,-1,225,225,225,225,225,225,192,193,-1,-1,-1,-1,-1,-1,232,233,-1,128,129,-1,-1,-1,192,193,-1,-1,224
      80   00:C7A1  FF FF FF FF FF E1 E1 E1 E1 E1 E1 C0 C1 FF FF FF 
      80   00:C7B1  FF FF FF E8 E9 FF 80 81 FF FF FF C0 C1 FF FF E0 
      81   00:C7C1                          db -1,-1,-1,-1,-1,-1,-1,-1,-1,-1,-1,192,193,-1,-1,-1,-1,-1,-1,-1,-1,-1,160,161,-1,-1,-1,192,193,-1,-1,224
      81   00:C7C1  FF FF FF FF FF FF FF FF FF FF FF C0 C1 FF FF FF 
      81   00:C7D1  FF FF FF FF FF FF A0 A1 FF FF FF C0 C1 FF FF E0 
      82   00:C7E1                          db 224,224,224,224,224,224,224,224,224,224,224,224,224,224,224,224,224,224,224,224,224,224,224,224,224,224,224,224,224,224,224,224
      82   00:C7E1  E0 E0 E0 E0 E0 E0 E0 E0 E0 E0 E0 E0 E0 E0 E0 E0 
      82   00:C7F1  E0 E0 E0 E0 E0 E0 E0 E0 E0 E0 E0 E0 E0 E0 E0 E0 
      83   00:C801                      
      84   00:C801                      
      85   00:C801                      
      86   00:C801                      level4:
      87   00:C801                          db 226,226,226,226,226,226,226,226,226,226,226,226,226,226,226,226,226,226,226,226,226,226,226,226,226,226,226,226,226,226,226,226
      87   00:C801  E2 E2 E2 E2 E2 E2 E2 E2 E2 E2 E2 E2 E2 E2 E2 E2 
      87   00:C811  E2 E2 E2 E2 E2 E2 E2 E2 E2 E2 E2 E2 E2 E2 E2 E2 
      88   00:C821                          db 226,100,101,-1,-1,-1,-1,-1,-1,-1,-1,-1,-1,-1,-1,-1,-1,-1,-1,-1,-1,-1,-1,-1,-1,-1,-1,-1,-1,-1,-1,226
      88   00:C821  E2 64 65 FF FF FF FF FF FF FF FF FF FF FF FF FF 
      88   00:C831  FF FF FF FF FF FF FF FF FF FF FF FF FF FF FF E2 
      89   00:C841                          db 226,132,133,-1,-1,-1,-1,-1,-1,-1,-1,-1,-1,-1,-1,-1,-1,-1,-1,-1,-1,-1,-1,-1,-1,-1,-1,-1,-1,-1,-1,226
      89   00:C841  E2 84 85 FF FF FF FF FF FF FF FF FF FF FF FF FF 
      89   00:C851  FF FF FF FF FF FF FF FF FF FF FF FF FF FF FF E2 
      90   00:C861                          db 226,164,165,-1,-1,-1,-1,-1,-1,-1,-1,-1,-1,-1,-1,-1,-1,-1,-1,-1,-1,-1,-1,-1,-1,-1,-1,-1,-1,4,-1,226
      90   00:C861  E2 A4 A5 FF FF FF FF FF FF FF FF FF FF FF FF FF 
      90   00:C871  FF FF FF FF FF FF FF FF FF FF FF FF FF 04 FF E2 
      91   00:C881                          db 224,224,224,224,224,224,192,193,224,224,-1,-1,-1,-1,-1,-1,-1,-1,-1,-1,-1,-1,-1,224,224,192,193,224,224,224,224,224
      91   00:C881  E0 E0 E0 E0 E0 E0 C0 C1 E0 E0 FF FF FF FF FF FF 
      91   00:C891  FF FF FF FF FF FF FF E0 E0 C0 C1 E0 E0 E0 E0 E0 
      92   00:C8A1                          db 226,-1,-1,-1,-1,-1,192,193,-1,-1,-1,-1,-1,-1,-1,-1,-1,-1,-1,-1,-1,-1,-1,-1,-1,192,193,-1,-1,-1,-1,226
      92   00:C8A1  E2 FF FF FF FF FF C0 C1 FF FF FF FF FF FF FF FF 
      92   00:C8B1  FF FF FF FF FF FF FF FF FF C0 C1 FF FF FF FF E2 
      93   00:C8C1                          db 226,-1,-1,-1,-1,-1,192,193,-1,-1,224,224,224,224,224,-1,-1,-1,-1,224,224,224,224,-1,-1,192,193,-1,-1,-1,-1,226
      93   00:C8C1  E2 FF FF FF FF FF C0 C1 FF FF E0 E0 E0 E0 E0 FF 
      93   00:C8D1  FF FF FF E0 E0 E0 E0 FF FF C0 C1 FF FF FF FF E2 
      94   00:C8E1                          db 226,-1,-1,-1,-1,-1,192,193,-1,-1,-1,-1,-1,-1,224,-1,-1,-1,-1,224,-1,-1,-1,-1,-1,192,193,-1,-1,-1,-1,226
      94   00:C8E1  E2 FF FF FF FF FF C0 C1 FF FF FF FF FF FF E0 FF 
      94   00:C8F1  FF FF FF E0 FF FF FF FF FF C0 C1 FF FF FF FF E2 
      95   00:C901                          db 226,-1,-1,-1,-1,-1,192,193,-1,-1,-1,-1,-1,-1,224,-1,-1,4,-1,224,-1,-1,-1,-1,-1,192,193,-1,-1,-1,-1,226
      95   00:C901  E2 FF FF FF FF FF C0 C1 FF FF FF FF FF FF E0 FF 
      95   00:C911  FF 04 FF E0 FF FF FF FF FF C0 C1 FF FF FF FF E2 
      96   00:C921                          db 226,128,129,-1,-1,-1,192,193,-1,-1,-1,-1,-1,-1,224,-1,-1,224,224,224,-1,-1,-1,-1,-1,192,193,-1,-1,-1,-1,226
      96   00:C921  E2 80 81 FF FF FF C0 C1 FF FF FF FF FF FF E0 FF 
      96   00:C931  FF E0 E0 E0 FF FF FF FF FF C0 C1 FF FF FF FF E2 
      97   00:C941                          db 226,160,161,-1,-1,-1,192,193,-1,-1,-1,-1,-1,-1,-1,-1,-1,-1,-1,-1,-1,-1,-1,-1,-1,192,193,-1,-1,-1,-1,226
      97   00:C941  E2 A0 A1 FF FF FF C0 C1 FF FF FF FF FF FF FF FF 
      97   00:C951  FF FF FF FF FF FF FF FF FF C0 C1 FF FF FF FF E2 
      98   00:C961                          db 224,224,224,224,224,224,192,193,224,224,-1,-1,-1,-1,-1,-1,-1,-1,-1,-1,-1,-1,-1,224,224,192,193,224,224,224,224,224
      98   00:C961  E0 E0 E0 E0 E0 E0 C0 C1 E0 E0 FF FF FF FF FF FF 
      98   00:C971  FF FF FF FF FF FF FF E0 E0 C0 C1 E0 E0 E0 E0 E0 
      99   00:C981                          db 226,-1,-1,-1,-1,-1,192,193,-1,-1,-1,-1,-1,-1,-1,-1,-1,-1,-1,-1,-1,-1,-1,-1,-1,192,193,-1,-1,-1,-1,226
      99   00:C981  E2 FF FF FF FF FF C0 C1 FF FF FF FF FF FF FF FF 
      99   00:C991  FF FF FF FF FF FF FF FF FF C0 C1 FF FF FF FF E2 
     100   00:C9A1                          db 226,-1,-1,-1,-1,-1,192,193,-1,-1,-1,-1,-1,-1,-1,-1,-1,-1,-1,-1,-1,-1,-1,-1,-1,192,193,-1,-1,-1,-1,226
     100   00:C9A1  E2 FF FF FF FF FF C0 C1 FF FF FF FF FF FF FF FF 
     100   00:C9B1  FF FF FF FF FF FF FF FF FF C0 C1 FF FF FF FF E2 
     101   00:C9C1                          db 226,-1,4,-1,-1,-1,192,193,-1,-1,-1,-1,-1,-1,-1,-1,-1,-1,-1,-1,-1,-1,-1,-1,-1,192,193,-1,-1,-1,-1,226
     101   00:C9C1  E2 FF 04 FF FF FF C0 C1 FF FF FF FF FF FF FF FF 
     101   00:C9D1  FF FF FF FF FF FF FF FF FF C0 C1 FF FF FF FF E2 
     102   00:C9E1                          db 226,224,224,224,224,224,224,224,224,224,224,224,224,224,224,224,224,224,224,224,224,224,224,224,224,224,224,224,224,224,224,224
     102   00:C9E1  E2 E0 E0 E0 E0 E0 E0 E0 E0 E0 E0 E0 E0 E0 E0 E0 
     102   00:C9F1  E0 E0 E0 E0 E0 E0 E0 E0 E0 E0 E0 E0 E0 E0 E0 E0 
     103   00:CA01                      
     104   00:CA01                      
     105   00:CA01                      
     106   00:CA01                      level5:  
     107   00:CA01                          db 226,226,100,101,-1,-1,-1,-1,-1,-1,-1,-1,-1,-1,-1,-1,-1,-1,-1,-1,-1,-1,-1,-1,-1,-1,-1,-1,128,129,226,226
     107   00:CA01  E2 E2 64 65 FF FF FF FF FF FF FF FF FF FF FF FF 
     107   00:CA11  FF FF FF FF FF FF FF FF FF FF FF FF 80 81 E2 E2 
     108   00:CA21                          db 226,226,132,133,-1,-1,-1,-1,-1,-1,-1,-1,-1,-1,-1,-1,-1,-1,-1,-1,-1,-1,-1,-1,-1,-1,-1,-1,160,161,226,226
     108   00:CA21  E2 E2 84 85 FF FF FF FF FF FF FF FF FF FF FF FF 
     108   00:CA31  FF FF FF FF FF FF FF FF FF FF FF FF A0 A1 E2 E2 
     109   00:CA41                          db 226,226,164,165,-1,-1,-1,-1,-1,-1,-1,-1,-1,-1,-1,-1,-1,-1,-1,-1,-1,-1,-1,-1,192,193,224,224,224,224,226,226
     109   00:CA41  E2 E2 A4 A5 FF FF FF FF FF FF FF FF FF FF FF FF 
     109   00:CA51  FF FF FF FF FF FF FF FF C0 C1 E0 E0 E0 E0 E2 E2 
     110   00:CA61                          db 226,226,224,224,224,224,224,224,192,193,-1,-1,-1,-1,-1,-1,-1,-1,-1,-1,-1,-1,-1,-1,192,193,-1,-1,-1,-1,226,226
     110   00:CA61  E2 E2 E0 E0 E0 E0 E0 E0 C0 C1 FF FF FF FF FF FF 
     110   00:CA71  FF FF FF FF FF FF FF FF C0 C1 FF FF FF FF E2 E2 
     111   00:CA81                          db 226,226,-1,-1,-1,-1,-1,-1,192,193,-1,-1,-1,-1,-1,-1,-1,-1,-1,-1,-1,-1,-1,-1,192,193,4,-1,-1,-1,226,226
     111   00:CA81  E2 E2 FF FF FF FF FF FF C0 C1 FF FF FF FF FF FF 
     111   00:CA91  FF FF FF FF FF FF FF FF C0 C1 04 FF FF FF E2 E2 
     112   00:CAA1                          db 226,226,-1,-1,-1,-1,-1,-1,224,224,224,224,224,224,224,224,192,193,224,224,224,224,224,224,224,224,224,-1,-1,-1,226,226
     112   00:CAA1  E2 E2 FF FF FF FF FF FF E0 E0 E0 E0 E0 E0 E0 E0 
     112   00:CAB1  C0 C1 E0 E0 E0 E0 E0 E0 E0 E0 E0 FF FF FF E2 E2 
     113   00:CAC1                          db 226,226,-1,-1,-1,-1,-1,-1,-1,-1,-1,-1,-1,-1,-1,-1,192,193,-1,-1,-1,-1,-1,-1,-1,-1,-1,-1,-1,-1,226,226
     113   00:CAC1  E2 E2 FF FF FF FF FF FF FF FF FF FF FF FF FF FF 
     113   00:CAD1  C0 C1 FF FF FF FF FF FF FF FF FF FF FF FF E2 E2 
     114   00:CAE1                          db 226,226,-1,-1,-1,-1,-1,-1,-1,-1,-1,-1,-1,-1,-1,-1,192,193,-1,-1,-1,-1,-1,-1,-1,-1,-1,-1,-1,-1,226,226
     114   00:CAE1  E2 E2 FF FF FF FF FF FF FF FF FF FF FF FF FF FF 
     114   00:CAF1  C0 C1 FF FF FF FF FF FF FF FF FF FF FF FF E2 E2 
     115   00:CB01                          db 226,226,-1,-1,-1,-1,-1,-1,-1,-1,-1,-1,-1,-1,-1,-1,192,193,-1,-1,-1,-1,-1,-1,-1,-1,-1,-1,-1,-1,226,226
     115   00:CB01  E2 E2 FF FF FF FF FF FF FF FF FF FF FF FF FF FF 
     115   00:CB11  C0 C1 FF FF FF FF FF FF FF FF FF FF FF FF E2 E2 
     116   00:CB21                          db 226,226,-1,4,-1,-1,-1,-1,-1,-1,-1,-1,-1,-1,-1,-1,192,193,-1,-1,-1,-1,-1,-1,-1,-1,-1,-1,-1,-1,226,226
     116   00:CB21  E2 E2 FF 04 FF FF FF FF FF FF FF FF FF FF FF FF 
     116   00:CB31  C0 C1 FF FF FF FF FF FF FF FF FF FF FF FF E2 E2 
     117   00:CB41                          db 226,226,224,224,224,224,224,-1,-1,-1,-1,-1,224,224,224,224,192,193,224,224,224,224,-1,-1,-1,224,224,224,224,224,226,226
     117   00:CB41  E2 E2 E0 E0 E0 E0 E0 FF FF FF FF FF E0 E0 E0 E0 
     117   00:CB51  C0 C1 E0 E0 E0 E0 FF FF FF E0 E0 E0 E0 E0 E2 E2 
     118   00:CB61                          db 226,226,-1,-1,-1,-1,-1,-1,-1,-1,-1,-1,-1,-1,-1,-1,192,193,-1,-1,-1,-1,-1,-1,-1,-1,-1,-1,-1,-1,226,226
     118   00:CB61  E2 E2 FF FF FF FF FF FF FF FF FF FF FF FF FF FF 
     118   00:CB71  C0 C1 FF FF FF FF FF FF FF FF FF FF FF FF E2 E2 
     119   00:CB81                          db 226,226,-1,-1,-1,-1,-1,-1,-1,-1,-1,-1,-1,-1,-1,-1,192,193,-1,-1,-1,-1,-1,-1,-1,-1,-1,-1,-1,-1,226,226
     119   00:CB81  E2 E2 FF FF FF FF FF FF FF FF FF FF FF FF FF FF 
     119   00:CB91  C0 C1 FF FF FF FF FF FF FF FF FF FF FF FF E2 E2 
     120   00:CBA1                          db 226,226,-1,-1,-1,-1,-1,-1,-1,-1,-1,-1,-1,-1,-1,-1,192,193,-1,-1,-1,-1,-1,-1,-1,-1,-1,-1,-1,-1,226,226
     120   00:CBA1  E2 E2 FF FF FF FF FF FF FF FF FF FF FF FF FF FF 
     120   00:CBB1  C0 C1 FF FF FF FF FF FF FF FF FF FF FF FF E2 E2 
     121   00:CBC1                          db 226,226,-1,-1,-1,-1,-1,-1,-1,-1,-1,-1,-1,-1,-1,-1,192,193,-1,-1,-1,-1,-1,-1,-1,-1,-1,-1,-1,4,226,226
     121   00:CBC1  E2 E2 FF FF FF FF FF FF FF FF FF FF FF FF FF FF 
     121   00:CBD1  C0 C1 FF FF FF FF FF FF FF FF FF FF FF 04 E2 E2 
     122   00:CBE1                          db 226,226,226,226,226,226,226,226,226,226,226,226,226,226,226,226,226,226,226,226,226,226,226,226,226,226,226,226,226,226,226,226
     122   00:CBE1  E2 E2 E2 E2 E2 E2 E2 E2 E2 E2 E2 E2 E2 E2 E2 E2 
     122   00:CBF1  E2 E2 E2 E2 E2 E2 E2 E2 E2 E2 E2 E2 E2 E2 E2 E2 
     123   00:CC01                      
     124   00:CC01                      
     125   00:CC01                      FINAL:

    LABELS
-------------------------------------------------
00:0000C000   INICIO
00:0000C001 X Level0
00:0000C201 X level1
00:0000C401 X level2
00:0000C601 X level3
00:0000C801 X level4
00:0000CA01 X level5
00:0000CC01   FINAL


 Output: src/world0.out
-------------------------------------------------

 Page: 00
  Org: 0000C000  Size: *  Used: 00000000

    No output

 Output: world0.bin
-------------------------------------------------

 Page: 00
  Org: 0000C000  Size: *  Used: 00000C08

   Address   Length Align   Label
   0000C000    3080         INICIO
