Sjasm Z80 Assembler v0.42c - www.xl2s.tk             [2022.12.07 - 06:29:04]

sprites.asm
Errors: 0

       1   00:0000                      		 output sprites.bin
       2   00:D000  FE                  	db   #fe
       3   00:D001  00 D0               	dw   INICIO 
       4   00:D003  12 D5               	dw   FINAL
       5   00:D005  00 D0               	dw   INICIO 
       6   00:D007                      	org  #d000 
       7   00:D000                      INICIO: 
       8   00:D000                      ; Setup video mode
       9   00:D000  3E 05               	ld a,5
      10   00:D002  CD 5F 00            	call #005F ; CHGMOD equ #005F, change mode video to screen 5
      11   00:D005                      ; Setup sprite size
      12   00:D005                      ; Sprites no ampliados de 16x16
      13   00:D005  06 E2               	ld b,#e2
      14   00:D007  0E 01               	ld c,1
      15   00:D009  CD 47 00            	call #0047;WRTVDP equ #0047, b data to write, c number register, escribe en los registros del VDP
      16   00:D00C  21 32 D0            	ld hl, sprites_definition
      17   00:D00F  11 00 78            	ld de, 30720 ;&h7800, base(29) en sc5
      18   00:D012  01 00 03            	ld bc, 32*24
      19   00:D015  CD 5C 00            	call  #005C; #005C=LDIRVM 
      20   00:D018  21 32 D3            	ld hl, sprites_colors
      21   00:D01B  11 00 74            	ld de, 29696 ;&h7400, en sc5
      22   00:D01E  01 80 01            	ld bc, 16*24
      23   00:D021  CD 5C 00            	call  #005C; #005C=LDIRVM 
      24   00:D024  21 B2 D4            	ld hl, sprites_atributes
      25   00:D027  11 00 76            	ld de, 30208 ;&h7600, base(28) en sc5
      26   00:D02A  01 60 00            	ld bc, 4*24
      27   00:D02D  CD 5C 00            	call  #005C; #005C=LDIRVM 
      28   00:D030                      .bucle: 
      29   00:D030  18 FE               	jr .bucle
      30   00:D032                      sprites_definition:
      31   00:D032                      ;Definition sprite 0, name: fire
      32   00:D032                      	db 255,255,255,0,0,0,0,0
      32   00:D032  FF FF FF 00 00 00 00 00 
      33   00:D03A                      	db 0,0,0,0,0,0,0,0
      33   00:D03A  00 00 00 00 00 00 00 00 
      34   00:D042                      	db 0,0,0,0,0,0,0,0
      34   00:D042  00 00 00 00 00 00 00 00 
      35   00:D04A                      	db 0,0,0,0,0,0,0,0
      35   00:D04A  00 00 00 00 00 00 00 00 
      36   00:D052                      ;Definition sprite 1, name: player-left-1
      37   00:D052                      	db 3,7,2,7,3,1,3,3
      37   00:D052  03 07 02 07 03 01 03 03 
      38   00:D05A                      	db 3,3,3,7,4,4,4,12
      38   00:D05A  03 03 03 07 04 04 04 0C 
      39   00:D062                      	db 128,128,128,128,128,128,128,192
      39   00:D062  80 80 80 80 80 80 80 C0 
      40   00:D06A                      	db 192,192,128,128,128,128,128,128
      40   00:D06A  C0 C0 80 80 80 80 80 80 
      41   00:D072                      ;Definition sprite 2, name: player-left-2
      42   00:D072                      	db 3,7,2,7,3,1,3,2
      42   00:D072  03 07 02 07 03 01 03 02 
      43   00:D07A                      	db 1,3,3,3,1,2,2,6
      43   00:D07A  01 03 03 03 01 02 02 06 
      44   00:D082                      	db 128,128,128,128,128,128,128,128
      44   00:D082  80 80 80 80 80 80 80 80 
      45   00:D08A                      	db 128,128,128,128,128,192,64,64
      45   00:D08A  80 80 80 80 80 C0 40 40 
      46   00:D092                      ;Definition sprite 3, name: player-right-1
      47   00:D092                      	db 1,1,1,1,1,1,1,3
      47   00:D092  01 01 01 01 01 01 01 03 
      48   00:D09A                      	db 3,3,1,1,1,1,1,1
      48   00:D09A  03 03 01 01 01 01 01 01 
      49   00:D0A2                      	db 192,224,64,224,192,128,192,192
      49   00:D0A2  C0 E0 40 E0 C0 80 C0 C0 
      50   00:D0AA                      	db 192,192,192,224,32,32,32,48
      50   00:D0AA  C0 C0 C0 E0 20 20 20 30 
      51   00:D0B2                      ;Definition sprite 4, name: player-right-2
      52   00:D0B2                      	db 1,1,1,1,1,1,1,1
      52   00:D0B2  01 01 01 01 01 01 01 01 
      53   00:D0BA                      	db 1,1,1,1,1,1,3,2
      53   00:D0BA  01 01 01 01 01 01 03 02 
      54   00:D0C2                      	db 192,224,64,224,192,128,192,64
      54   00:D0C2  C0 E0 40 E0 C0 80 C0 40 
      55   00:D0CA                      	db 128,192,192,192,128,64,64,96
      55   00:D0CA  80 C0 C0 C0 80 40 40 60 
      56   00:D0D2                      ;Definition sprite 5, name: player-up-1
      57   00:D0D2                      	db 1,3,1,3,3,5,3,3
      57   00:D0D2  01 03 01 03 03 05 03 03 
      58   00:D0DA                      	db 1,1,3,3,2,2,2,2
      58   00:D0DA  01 01 03 03 02 02 02 02 
      59   00:D0E2                      	db 128,192,128,192,192,160,192,192
      59   00:D0E2  80 C0 80 C0 C0 A0 C0 C0 
      60   00:D0EA                      	db 128,128,192,192,64,64,64,64
      60   00:D0EA  80 80 C0 C0 40 40 40 40 
      61   00:D0F2                      ;Definition sprite 6, name: player-up-2
      62   00:D0F2                      	db 1,3,1,3,3,1,3,3
      62   00:D0F2  01 03 01 03 03 01 03 03 
      63   00:D0FA                      	db 5,1,3,3,2,2,2,6
      63   00:D0FA  05 01 03 03 02 02 02 06 
      64   00:D102                      	db 128,192,128,192,192,128,192,192
      64   00:D102  80 C0 80 C0 C0 80 C0 C0 
      65   00:D10A                      	db 160,128,192,192,64,64,64,96
      65   00:D10A  A0 80 C0 C0 40 40 40 60 
      66   00:D112                      ;Definition sprite 7, name: player-left-2
      67   00:D112                      	db 28,60,20,60,28,7,3,5
      67   00:D112  1C 3C 14 3C 1C 07 03 05 
      68   00:D11A                      	db 8,0,0,0,0,0,0,0
      68   00:D11A  08 00 00 00 00 00 00 00 
      69   00:D122                      	db 0,0,0,0,0,128,224,240
      69   00:D122  00 00 00 00 00 80 E0 F0 
      70   00:D12A                      	db 60,20,0,0,0,0,0,0
      70   00:D12A  3C 14 00 00 00 00 00 00 
      71   00:D132                      ;Definition sprite 8, name: player-left-2
      72   00:D132                      	db 0,0,0,0,0,1,7,15
      72   00:D132  00 00 00 00 00 01 07 0F 
      73   00:D13A                      	db 60,40,0,0,0,0,0,0
      73   00:D13A  3C 28 00 00 00 00 00 00 
      74   00:D142                      	db 56,60,40,60,56,224,192,160
      74   00:D142  38 3C 28 3C 38 E0 C0 A0 
      75   00:D14A                      	db 16,0,0,0,0,0,0,0
      75   00:D14A  10 00 00 00 00 00 00 00 
      76   00:D152                      ;Definition sprite 9, name: Enemy-right-1
      77   00:D152                      	db 1,1,1,3,7,7,7,7
      77   00:D152  01 01 01 03 07 07 07 07 
      78   00:D15A                      	db 3,3,3,3,3,4,8,12
      78   00:D15A  03 03 03 03 03 04 08 0C 
      79   00:D162                      	db 192,160,224,224,192,96,96,96
      79   00:D162  C0 A0 E0 E0 C0 60 60 60 
      80   00:D16A                      	db 32,224,224,224,224,20,8,0
      80   00:D16A  20 E0 E0 E0 E0 14 08 00 
      81   00:D172                      ;Definition sprite 10, name: Enemy-right-2
      82   00:D172                      	db 1,1,1,3,7,7,7,7
      82   00:D172  01 01 01 03 07 07 07 07 
      83   00:D17A                      	db 3,3,3,3,3,2,2,1
      83   00:D17A  03 03 03 03 03 02 02 01 
      84   00:D182                      	db 192,160,224,224,192,224,240,232
      84   00:D182  C0 A0 E0 E0 C0 E0 F0 E8 
      85   00:D18A                      	db 224,224,224,224,224,32,64,96
      85   00:D18A  E0 E0 E0 E0 E0 20 40 60 
      86   00:D192                      ;Definition sprite 11, name: Enemy-left-1
      87   00:D192                      	db 3,5,7,7,3,6,6,6
      87   00:D192  03 05 07 07 03 06 06 06 
      88   00:D19A                      	db 4,7,7,7,7,40,16,0
      88   00:D19A  04 07 07 07 07 28 10 00 
      89   00:D1A2                      	db 128,128,128,192,224,224,224,224
      89   00:D1A2  80 80 80 C0 E0 E0 E0 E0 
      90   00:D1AA                      	db 192,192,192,192,192,32,16,48
      90   00:D1AA  C0 C0 C0 C0 C0 20 10 30 
      91   00:D1B2                      ;Definition sprite 12, name: Enemy-left-2
      92   00:D1B2                      	db 3,5,7,7,3,7,15,23
      92   00:D1B2  03 05 07 07 03 07 0F 17 
      93   00:D1BA                      	db 7,7,7,7,7,4,2,6
      93   00:D1BA  07 07 07 07 07 04 02 06 
      94   00:D1C2                      	db 128,128,128,192,224,224,224,224
      94   00:D1C2  80 80 80 C0 E0 E0 E0 E0 
      95   00:D1CA                      	db 192,192,192,192,192,64,64,128
      95   00:D1CA  C0 C0 C0 C0 C0 40 40 80 
      96   00:D1D2                      ;Definition sprite 13, name: Enemy-2-right-1
      97   00:D1D2                      	db 1,1,1,1,0,1,3,3
      97   00:D1D2  01 01 01 01 00 01 03 03 
      98   00:D1DA                      	db 7,7,7,7,7,6,1,2
      98   00:D1DA  07 07 07 07 07 06 01 02 
      99   00:D1E2                      	db 224,160,224,224,192,192,224,224
      99   00:D1E2  E0 A0 E0 E0 C0 C0 E0 E0 
     100   00:D1EA                      	db 240,224,224,224,224,160,160,64
     100   00:D1EA  F0 E0 E0 E0 E0 A0 A0 40 
     101   00:D1F2                      ;Definition sprite 14, name: Enemy-2-right-2
     102   00:D1F2                      	db 3,3,3,3,1,1,3,3
     102   00:D1F2  03 03 03 03 01 01 03 03 
     103   00:D1FA                      	db 7,6,7,7,7,6,0,1
     103   00:D1FA  07 06 07 07 07 06 00 01 
     104   00:D202                      	db 192,64,192,192,128,192,224,160
     104   00:D202  C0 40 C0 C0 80 C0 E0 A0 
     105   00:D20A                      	db 96,224,224,224,224,160,160,32
     105   00:D20A  60 E0 E0 E0 E0 A0 A0 20 
     106   00:D212                      ;Definition sprite 15, name: Enemy-2-left-1
     107   00:D212                      	db 7,5,7,7,3,3,7,7
     107   00:D212  07 05 07 07 03 03 07 07 
     108   00:D21A                      	db 15,7,7,7,7,5,5,2
     108   00:D21A  0F 07 07 07 07 05 05 02 
     109   00:D222                      	db 128,128,128,128,0,128,192,192
     109   00:D222  80 80 80 80 00 80 C0 C0 
     110   00:D22A                      	db 224,224,224,224,224,96,128,64
     110   00:D22A  E0 E0 E0 E0 E0 60 80 40 
     111   00:D232                      ;Definition sprite 16, name: Enemy-2-left-2
     112   00:D232                      	db 3,2,3,3,1,3,7,5
     112   00:D232  03 02 03 03 01 03 07 05 
     113   00:D23A                      	db 6,7,7,7,7,5,5,4
     113   00:D23A  06 07 07 07 07 05 05 04 
     114   00:D242                      	db 192,192,192,192,128,128,192,192
     114   00:D242  C0 C0 C0 C0 80 80 C0 C0 
     115   00:D24A                      	db 224,96,224,224,224,96,0,128
     115   00:D24A  E0 60 E0 E0 E0 60 00 80 
     116   00:D252                      ;Definition sprite 17, name: Enemy-2-up-1
     117   00:D252                      	db 3,3,3,3,1,9,5,3
     117   00:D252  03 03 03 03 01 09 05 03 
     118   00:D25A                      	db 3,7,15,15,15,8,2,2
     118   00:D25A  03 07 0F 0F 0F 08 02 02 
     119   00:D262                      	db 192,192,192,192,128,144,160,192
     119   00:D262  C0 C0 C0 C0 80 90 A0 C0 
     120   00:D26A                      	db 192,224,240,240,240,208,64,64
     120   00:D26A  C0 E0 F0 F0 F0 D0 40 40 
     121   00:D272                      ;Definition sprite 18, name: Enemy-2-up-2
     122   00:D272                      	db 3,3,3,3,1,1,1,7
     122   00:D272  03 03 03 03 01 01 01 07 
     123   00:D27A                      	db 11,23,15,13,13,9,2,4
     123   00:D27A  0B 17 0F 0D 0D 09 02 04 
     124   00:D282                      	db 192,192,192,192,128,128,128,224
     124   00:D282  C0 C0 C0 C0 80 80 80 E0 
     125   00:D28A                      	db 208,232,240,240,176,144,64,32
     125   00:D28A  D0 E8 F0 F0 B0 90 40 20 
     126   00:D292                      ;Definition sprite 19, name: object-1-money
     127   00:D292                      	db 0,0,3,7,12,29,60,127
     127   00:D292  00 00 03 07 0C 1D 3C 7F 
     128   00:D29A                      	db 124,47,23,24,31,11,12,7
     128   00:D29A  7C 2F 17 18 1F 0B 0C 07 
     129   00:D2A2                      	db 0,0,192,224,48,248,60,190
     129   00:D2A2  00 00 C0 E0 30 F8 3C BE 
     130   00:D2AA                      	db 62,244,236,24,248,232,16,240
     130   00:D2AA  3E F4 EC 18 F8 E8 10 F0 
     131   00:D2B2                      ;Definition sprite 20, name: object-2-money
     132   00:D2B2                      	db 0,0,3,7,12,29,60,127
     132   00:D2B2  00 00 03 07 0C 1D 3C 7F 
     133   00:D2BA                      	db 124,47,23,24,31,11,12,7
     133   00:D2BA  7C 2F 17 18 1F 0B 0C 07 
     134   00:D2C2                      	db 0,0,192,224,48,248,60,190
     134   00:D2C2  00 00 C0 E0 30 F8 3C BE 
     135   00:D2CA                      	db 62,244,236,24,248,232,16,240
     135   00:D2CA  3E F4 EC 18 F8 E8 10 F0 
     136   00:D2D2                      ;Definition sprite 21, name: object-3-money
     137   00:D2D2                      	db 0,0,3,7,12,29,60,127
     137   00:D2D2  00 00 03 07 0C 1D 3C 7F 
     138   00:D2DA                      	db 124,47,23,24,31,11,12,7
     138   00:D2DA  7C 2F 17 18 1F 0B 0C 07 
     139   00:D2E2                      	db 0,0,192,224,48,248,60,190
     139   00:D2E2  00 00 C0 E0 30 F8 3C BE 
     140   00:D2EA                      	db 62,244,236,24,248,232,16,240
     140   00:D2EA  3E F4 EC 18 F8 E8 10 F0 
     141   00:D2F2                      ;Definition sprite 22, name: diban-rojo
     142   00:D2F2                      	db 224,176,216,191,219,190,219,190
     142   00:D2F2  E0 B0 D8 BF DB BE DB BE 
     143   00:D2FA                      	db 219,190,219,190,219,126,59,31
     143   00:D2FA  DB BE DB BE DB 7E 3B 1F 
     144   00:D302                      	db 7,11,29,251,189,251,189,251
     144   00:D302  07 0B 1D FB BD FB BD FB 
     145   00:D30A                      	db 189,251,189,251,189,250,188,248
     145   00:D30A  BD FB BD FB BD FA BC F8 
     146   00:D312                      ;Definition sprite 23, name: diban-azul
     147   00:D312                      	db 128,192,224,176,216,172,215,171
     147   00:D312  80 C0 E0 B0 D8 AC D7 AB 
     148   00:D31A                      	db 213,171,213,107,53,27,13,7
     148   00:D31A  D5 AB D5 6B 35 1B 0D 07 
     149   00:D322                      	db 1,3,7,13,27,53,235,213
     149   00:D322  01 03 07 0D 1B 35 EB D5 
     150   00:D32A                      	db 171,213,171,214,172,216,176,224
     150   00:D32A  AB D5 AB D6 AC D8 B0 E0 
     151   00:D332                      sprites_colors: 
     152   00:D332                      ;Data colors sprite 0, name: fire
     153   00:D332                      	db 10,10,8,8,8,8,8,8,8,8,8,8,8,8,8,8
     153   00:D332  0A 0A 08 08 08 08 08 08 08 08 08 08 08 08 08 08 
     154   00:D342                      ;Data colors sprite 1, name: player-left-1
     155   00:D342                      	db 6,6,9,9,9,4,4,4,5,5,6,6,6,6,6,12
     155   00:D342  06 06 09 09 09 04 04 04 05 05 06 06 06 06 06 0C 
     156   00:D352                      ;Data colors sprite 2, name: player-left-2
     157   00:D352                      	db 6,6,9,9,9,4,4,4,5,5,6,6,6,6,6,12
     157   00:D352  06 06 09 09 09 04 04 04 05 05 06 06 06 06 06 0C 
     158   00:D362                      ;Data colors sprite 3, name: player-right-1
     159   00:D362                      	db 6,6,9,9,9,4,4,4,5,5,6,6,6,6,6,12
     159   00:D362  06 06 09 09 09 04 04 04 05 05 06 06 06 06 06 0C 
     160   00:D372                      ;Data colors sprite 4, name: player-right-2
     161   00:D372                      	db 6,6,9,9,9,4,4,4,5,5,6,6,6,6,6,12
     161   00:D372  06 06 09 09 09 04 04 04 05 05 06 06 06 06 06 0C 
     162   00:D382                      ;Data colors sprite 5, name: player-up-1
     163   00:D382                      	db 6,6,9,9,9,4,4,4,5,5,6,6,6,6,6,12
     163   00:D382  06 06 09 09 09 04 04 04 05 05 06 06 06 06 06 0C 
     164   00:D392                      ;Data colors sprite 6, name: player-up-2
     165   00:D392                      	db 6,6,9,9,9,4,4,4,5,5,6,6,6,6,6,12
     165   00:D392  06 06 09 09 09 04 04 04 05 05 06 06 06 06 06 0C 
     166   00:D3A2                      ;Data colors sprite 7, name: player-left-2
     167   00:D3A2                      	db 6,6,9,9,9,4,4,4,5,5,5,5,5,5,5,5
     167   00:D3A2  06 06 09 09 09 04 04 04 05 05 05 05 05 05 05 05 
     168   00:D3B2                      ;Data colors sprite 8, name: player-left-2
     169   00:D3B2                      	db 6,6,9,9,9,4,4,4,5,5,5,5,5,5,5,5
     169   00:D3B2  06 06 09 09 09 04 04 04 05 05 05 05 05 05 05 05 
     170   00:D3C2                      ;Data colors sprite 9, name: Enemy-right-1
     171   00:D3C2                      	db 6,6,6,12,12,12,12,12,12,12,12,13,13,6,6,6
     171   00:D3C2  06 06 06 0C 0C 0C 0C 0C 0C 0C 0C 0D 0D 06 06 06 
     172   00:D3D2                      ;Data colors sprite 10, name: Enemy-right-2
     173   00:D3D2                      	db 6,6,6,6,12,12,12,12,12,12,12,12,12,13,13,13
     173   00:D3D2  06 06 06 06 0C 0C 0C 0C 0C 0C 0C 0C 0C 0D 0D 0D 
     174   00:D3E2                      ;Data colors sprite 11, name: Enemy-left-1
     175   00:D3E2                      	db 6,6,6,12,12,12,12,12,12,12,12,13,13,6,6,6
     175   00:D3E2  06 06 06 0C 0C 0C 0C 0C 0C 0C 0C 0D 0D 06 06 06 
     176   00:D3F2                      ;Data colors sprite 12, name: Enemy-left-2
     177   00:D3F2                      	db 6,6,6,6,12,12,12,12,12,12,12,12,12,13,13,13
     177   00:D3F2  06 06 06 06 0C 0C 0C 0C 0C 0C 0C 0C 0C 0D 0D 0D 
     178   00:D402                      ;Data colors sprite 13, name: Enemy-2-right-1
     179   00:D402                      	db 9,9,9,9,6,8,8,8,8,8,8,8,8,8,14,14
     179   00:D402  09 09 09 09 06 08 08 08 08 08 08 08 08 08 0E 0E 
     180   00:D412                      ;Data colors sprite 14, name: Enemy-2-right-2
     181   00:D412                      	db 9,9,9,9,6,8,8,8,8,8,8,8,8,8,14,14
     181   00:D412  09 09 09 09 06 08 08 08 08 08 08 08 08 08 0E 0E 
     182   00:D422                      ;Data colors sprite 15, name: Enemy-2-left-1
     183   00:D422                      	db 9,9,9,9,6,8,8,8,8,8,8,8,8,8,14,14
     183   00:D422  09 09 09 09 06 08 08 08 08 08 08 08 08 08 0E 0E 
     184   00:D432                      ;Data colors sprite 16, name: Enemy-2-left-2
     185   00:D432                      	db 9,9,9,9,6,8,8,8,8,8,8,8,8,8,14,14
     185   00:D432  09 09 09 09 06 08 08 08 08 08 08 08 08 08 0E 0E 
     186   00:D442                      ;Data colors sprite 17, name: Enemy-2-up-1
     187   00:D442                      	db 9,9,9,9,6,8,8,8,8,8,8,8,8,8,14,14
     187   00:D442  09 09 09 09 06 08 08 08 08 08 08 08 08 08 0E 0E 
     188   00:D452                      ;Data colors sprite 18, name: Enemy-2-up-2
     189   00:D452                      	db 9,9,9,9,6,8,8,8,8,8,8,8,8,8,14,14
     189   00:D452  09 09 09 09 06 08 08 08 08 08 08 08 08 08 0E 0E 
     190   00:D462                      ;Data colors sprite 19, name: object-1-money
     191   00:D462                      	db 0,0,10,10,10,10,10,10,10,10,14,14,14,14,14,14
     191   00:D462  00 00 0A 0A 0A 0A 0A 0A 0A 0A 0E 0E 0E 0E 0E 0E 
     192   00:D472                      ;Data colors sprite 20, name: object-2-money
     193   00:D472                      	db 0,0,10,10,10,10,10,10,10,10,14,14,14,14,14,14
     193   00:D472  00 00 0A 0A 0A 0A 0A 0A 0A 0A 0E 0E 0E 0E 0E 0E 
     194   00:D482                      ;Data colors sprite 21, name: object-3-money
     195   00:D482                      	db 0,0,10,10,10,10,10,10,10,10,14,14,14,14,14,14
     195   00:D482  00 00 0A 0A 0A 0A 0A 0A 0A 0A 0E 0E 0E 0E 0E 0E 
     196   00:D492                      ;Data colors sprite 22, name: diban-rojo
     197   00:D492                      	db 8,8,8,8,8,8,8,8,8,8,8,8,8,8,8,8
     197   00:D492  08 08 08 08 08 08 08 08 08 08 08 08 08 08 08 08 
     198   00:D4A2                      ;Data colors sprite 23, name: diban-azul
     199   00:D4A2                      	db 4,4,4,4,4,4,4,4,4,4,4,4,4,4,4,4
     199   00:D4A2  04 04 04 04 04 04 04 04 04 04 04 04 04 04 04 04 
     200   00:D4B2                      sprites_atributes: 
     201   00:D4B2                      ;Data atributes sprite (y,x,patron,color) 0, name: fire
     202   00:D4B2  00 00 00 20         	db 0,0,0, " "
     203   00:D4B6                      ;Data atributes sprite (y,x,patron,color) 1, name: player-left-1
     204   00:D4B6  00 21 04 20         	db 0,33,4, " "
     205   00:D4BA                      ;Data atributes sprite (y,x,patron,color) 2, name: player-left-2
     206   00:D4BA  00 42 08 20         	db 0,66,8, " "
     207   00:D4BE                      ;Data atributes sprite (y,x,patron,color) 3, name: player-right-1
     208   00:D4BE  00 63 0C 20         	db 0,99,12, " "
     209   00:D4C2                      ;Data atributes sprite (y,x,patron,color) 4, name: player-right-2
     210   00:D4C2  00 84 10 20         	db 0,132,16, " "
     211   00:D4C6                      ;Data atributes sprite (y,x,patron,color) 5, name: player-up-1
     212   00:D4C6  00 A5 14 20         	db 0,165,20, " "
     213   00:D4CA                      ;Data atributes sprite (y,x,patron,color) 6, name: player-up-2
     214   00:D4CA  00 C6 18 20         	db 0,198,24, " "
     215   00:D4CE                      ;Data atributes sprite (y,x,patron,color) 7, name: player-left-2
     216   00:D4CE  00 E7 1C 20         	db 0,231,28, " "
     217   00:D4D2                      ;Data atributes sprite (y,x,patron,color) 8, name: player-left-2
     218   00:D4D2  21 00 20 20         	db 33,0,32, " "
     219   00:D4D6                      ;Data atributes sprite (y,x,patron,color) 9, name: Enemy-right-1
     220   00:D4D6  21 21 24 20         	db 33,33,36, " "
     221   00:D4DA                      ;Data atributes sprite (y,x,patron,color) 10, name: Enemy-right-2
     222   00:D4DA  21 42 28 20         	db 33,66,40, " "
     223   00:D4DE                      ;Data atributes sprite (y,x,patron,color) 11, name: Enemy-left-1
     224   00:D4DE  21 63 2C 20         	db 33,99,44, " "
     225   00:D4E2                      ;Data atributes sprite (y,x,patron,color) 12, name: Enemy-left-2
     226   00:D4E2  21 84 30 20         	db 33,132,48, " "
     227   00:D4E6                      ;Data atributes sprite (y,x,patron,color) 13, name: Enemy-2-right-1
     228   00:D4E6  21 A5 34 20         	db 33,165,52, " "
     229   00:D4EA                      ;Data atributes sprite (y,x,patron,color) 14, name: Enemy-2-right-2
     230   00:D4EA  21 C6 38 20         	db 33,198,56, " "
     231   00:D4EE                      ;Data atributes sprite (y,x,patron,color) 15, name: Enemy-2-left-1
     232   00:D4EE  21 E7 3C 20         	db 33,231,60, " "
     233   00:D4F2                      ;Data atributes sprite (y,x,patron,color) 16, name: Enemy-2-left-2
     234   00:D4F2  42 00 40 20         	db 66,0,64, " "
     235   00:D4F6                      ;Data atributes sprite (y,x,patron,color) 17, name: Enemy-2-up-1
     236   00:D4F6  42 21 44 20         	db 66,33,68, " "
     237   00:D4FA                      ;Data atributes sprite (y,x,patron,color) 18, name: Enemy-2-up-2
     238   00:D4FA  42 42 48 20         	db 66,66,72, " "
     239   00:D4FE                      ;Data atributes sprite (y,x,patron,color) 19, name: object-1-money
     240   00:D4FE  42 63 4C 20         	db 66,99,76, " "
     241   00:D502                      ;Data atributes sprite (y,x,patron,color) 20, name: object-2-money
     242   00:D502  42 84 50 20         	db 66,132,80, " "
     243   00:D506                      ;Data atributes sprite (y,x,patron,color) 21, name: object-3-money
     244   00:D506  42 A5 54 20         	db 66,165,84, " "
     245   00:D50A                      ;Data atributes sprite (y,x,patron,color) 22, name: diban-rojo
     246   00:D50A  42 C6 58 20         	db 66,198,88, " "
     247   00:D50E                      ;Data atributes sprite (y,x,patron,color) 23, name: diban-azul
     248   00:D50E  42 E7 5C 20         	db 66,231,92, " "
     249   00:D512                      FINAL: 

    LABELS
-------------------------------------------------
00:0000D000   INICIO
00:0000D030   INICIO.bucle
00:0000D032   sprites_definition
00:0000D332   sprites_colors
00:0000D4B2   sprites_atributes
00:0000D512   FINAL


 Output: sprites.out
-------------------------------------------------

 Page: 00
  Org: 0000D000  Size: *  Used: 00000000

    No output

 Output: sprites.bin
-------------------------------------------------

 Page: 00
  Org: 0000D000  Size: *  Used: 00000519

   Address   Length Align   Label
   0000D000    1305         INICIO
